#
# There is insufficient memory for the Java Runtime Environment to continue.
# Native memory allocation (mmap) failed to map 266338304 bytes. Error detail: G1 virtual space
# Possible reasons:
#   The system is out of physical RAM or swap space
#   This process is running with CompressedOops enabled, and the Java Heap may be blocking the growth of the native heap
# Possible solutions:
#   Reduce memory load on the system
#   Increase physical memory or swap space
#   Check if swap backing store is full
#   Decrease Java heap size (-Xmx/-Xms)
#   Decrease number of Java threads
#   Decrease Java thread stack sizes (-Xss)
#   Set larger code cache with -XX:ReservedCodeCacheSize=
#   JVM is running with Zero Based Compressed Oops mode in which the Java heap is
#     placed in the first 32GB address space. The Java Heap base address is the
#     maximum limit for the native heap growth. Please use -XX:HeapBaseMinAddress
#     to set the Java Heap base and to place the Java Heap above 32GB virtual address.
# This output file may be truncated or incomplete.
#
#  Out of Memory Error (os_windows.cpp:3631), pid=3844, tid=1420
#
# JRE version:  (22.0+36) (build )
# Java VM: Java HotSpot(TM) 64-Bit Server VM (22+36-2370, mixed mode, sharing, tiered, compressed oops, compressed class ptrs, g1 gc, windows-amd64)
# No core dump will be written. Minidumps are not enabled by default on client versions of Windows
#

---------------  S U M M A R Y ------------

Command Line: 

Host: Intel(R) Core(TM) i5-7300U CPU @ 2.60GHz, 4 cores, 15G,  Windows 10 , 64 bit Build 19041 (10.0.19041.3636)
Time: Wed Jun 19 19:29:54 2024 Egypt Daylight Time elapsed time: 0.016996 seconds (0d 0h 0m 0s)

---------------  T H R E A D  ---------------

Current thread (0x0000027d279c9180):  JavaThread "Unknown thread" [_thread_in_vm, id=1420, stack(0x000000fcec500000,0x000000fcec600000) (1024K)]

Stack: [0x000000fcec500000,0x000000fcec600000]
Native frames: (J=compiled Java code, j=interpreted, Vv=VM code, C=native code)
V  [jvm.dll+0x6e2349]  (no source info available)
V  [jvm.dll+0x874ed3]  (no source info available)
V  [jvm.dll+0x8772fe]  (no source info available)
V  [jvm.dll+0x8779d3]  (no source info available)
V  [jvm.dll+0x27fcb6]  (no source info available)
V  [jvm.dll+0x6de9e5]  (no source info available)
V  [jvm.dll+0x6d34ea]  (no source info available)
V  [jvm.dll+0x35892a]  (no source info available)
V  [jvm.dll+0x360e56]  (no source info available)
V  [jvm.dll+0x3b3d7e]  (no source info available)
V  [jvm.dll+0x3b4028]  (no source info available)
V  [jvm.dll+0x32c4ec]  (no source info available)
V  [jvm.dll+0x32d0a8]  (no source info available)
V  [jvm.dll+0x83cd9c]  (no source info available)
V  [jvm.dll+0x3c0cc1]  (no source info available)
V  [jvm.dll+0x825d8c]  (no source info available)
V  [jvm.dll+0x45b9ee]  (no source info available)
V  [jvm.dll+0x45d871]  (no source info available)
C  [jli.dll+0x52a3]  (no source info available)
C  [ucrtbase.dll+0x21bb2]  (no source info available)
C  [KERNEL32.DLL+0x17344]  (no source info available)
C  [ntdll.dll+0x4cc91]  (no source info available)


---------------  P R O C E S S  ---------------

Threads class SMR info:
_java_thread_list=0x00007ffea90dc1c8, length=0, elements={
}

Java Threads: ( => current thread )
Total: 0

Other Threads:
  0x0000027d27a2c7b0 WorkerThread "GC Thread#0"                     [id=15468, stack(0x000000fcec600000,0x000000fcec700000) (1024K)]
  0x0000027d27a3e000 ConcurrentGCThread "G1 Main Marker"            [id=13428, stack(0x000000fcec700000,0x000000fcec800000) (1024K)]
  0x0000027d27a3f2b0 WorkerThread "G1 Conc#0"                       [id=22016, stack(0x000000fcec800000,0x000000fcec900000) (1024K)]

[error occurred during error reporting (printing all threads), id 0xc0000005, EXCEPTION_ACCESS_VIOLATION (0xc0000005) at pc=0x00007ffea882f2b7]
VM state: not at safepoint (not fully initialized)

VM Mutex/Monitor currently owned by a thread:  ([mutex/lock_event])
[0x00007ffea915ccc8] Heap_lock - owner thread: 0x0000027d279c9180

Heap address: 0x0000000702200000, size: 4062 MB, Compressed Oops mode: Zero based, Oop shift amount: 3

CDS archive(s) mapped at: [0x0000000000000000-0x0000000000000000-0x0000000000000000), size 0, SharedBaseAddress: 0x0000000800000000, ArchiveRelocationMode: 1.
Narrow klass base: 0x0000000000000000, Narrow klass shift: 0, Narrow klass range: 0x0

GC Precious Log:
 CardTable entry size: 512
 Card Set container configuration: InlinePtr #cards 4 size 8 Array Of Cards #cards 16 size 48 Howl #buckets 8 coarsen threshold 3686 Howl Bitmap #cards 512 size 80 coarsen threshold 460 Card regions per heap region 1 cards per card region 4096

Heap:
 garbage-first heap   total reserved 4159488K, committed 0K, used 0K [0x0000000702200000, 0x0000000800000000)
  region size 2048K, 0 young (0K), 0 survivors (0K)

[error occurred during error reporting (printing heap information), id 0xc0000005, EXCEPTION_ACCESS_VIOLATION (0xc0000005) at pc=0x00007ffea8c2e4e9]
GC Heap History (0 events):
No events

Dll operation events (1 events):
Event: 0.012 Loaded shared library C:\Program Files\Java\jdk-22\bin\java.dll

Deoptimization events (0 events):
No events

Classes loaded (0 events):
No events

Classes unloaded (0 events):
No events

Classes redefined (0 events):
No events

Internal exceptions (0 events):
No events

ZGC Phase Switch (0 events):
No events

VM Operations (0 events):
No events

Events (0 events):
No events


Dynamic libraries:
0x00007ff604ef0000 - 0x00007ff604f00000 	C:\Program Files\Java\jdk-22\bin\java.exe
0x00007ffef56b0000 - 0x00007ffef58a8000 	C:\Windows\SYSTEM32\ntdll.dll
0x00007ffecc770000 - 0x00007ffecc789000 	C:\Program Files\AVG\Antivirus\aswhook.dll
0x00007ffef4640000 - 0x00007ffef46fd000 	C:\Windows\System32\KERNEL32.DLL
0x00007ffef3050000 - 0x00007ffef3346000 	C:\Windows\System32\KERNELBASE.dll
0x00007ffef2e70000 - 0x00007ffef2f70000 	C:\Windows\System32\ucrtbase.dll
0x00007ffecb230000 - 0x00007ffecb247000 	C:\Program Files\Java\jdk-22\bin\jli.dll
0x00007ffecae00000 - 0x00007ffecae1b000 	C:\Program Files\Java\jdk-22\bin\VCRUNTIME140.dll
0x00007ffef3c20000 - 0x00007ffef3cd0000 	C:\Windows\System32\ADVAPI32.dll
0x00007ffef3d80000 - 0x00007ffef3e1e000 	C:\Windows\System32\msvcrt.dll
0x00007ffef55d0000 - 0x00007ffef5670000 	C:\Windows\System32\sechost.dll
0x00007ffef4040000 - 0x00007ffef4163000 	C:\Windows\System32\RPCRT4.dll
0x00007ffef2f70000 - 0x00007ffef2f97000 	C:\Windows\System32\bcrypt.dll
0x00007ffef3a20000 - 0x00007ffef3bbf000 	C:\Windows\System32\USER32.dll
0x00007ffee0140000 - 0x00007ffee03da000 	C:\Windows\WinSxS\amd64_microsoft.windows.common-controls_6595b64144ccf1df_6.0.19041.4355_none_60b8b9eb71f62e16\COMCTL32.dll
0x00007ffef34b0000 - 0x00007ffef34d2000 	C:\Windows\System32\win32u.dll
0x00007ffef4b30000 - 0x00007ffef4b5b000 	C:\Windows\System32\GDI32.dll
0x00007ffef34e0000 - 0x00007ffef35f7000 	C:\Windows\System32\gdi32full.dll
0x00007ffef3600000 - 0x00007ffef369d000 	C:\Windows\System32\msvcp_win.dll
0x00007ffeeca30000 - 0x00007ffeeca3a000 	C:\Windows\SYSTEM32\VERSION.dll
0x00007ffef4b60000 - 0x00007ffef4b8f000 	C:\Windows\System32\IMM32.DLL
0x00007ffed9320000 - 0x00007ffed932c000 	C:\Program Files\Java\jdk-22\bin\vcruntime140_1.dll
0x00007ffec5380000 - 0x00007ffec540e000 	C:\Program Files\Java\jdk-22\bin\msvcp140.dll
0x00007ffea84f0000 - 0x00007ffea9238000 	C:\Program Files\Java\jdk-22\bin\server\jvm.dll
0x00007ffef3f60000 - 0x00007ffef3fcb000 	C:\Windows\System32\WS2_32.dll
0x00007ffef2bc0000 - 0x00007ffef2c0b000 	C:\Windows\SYSTEM32\POWRPROF.dll
0x00007ffedca70000 - 0x00007ffedca97000 	C:\Windows\SYSTEM32\WINMM.dll
0x00007ffef2ba0000 - 0x00007ffef2bb2000 	C:\Windows\SYSTEM32\UMPDC.dll
0x00007ffef1540000 - 0x00007ffef1552000 	C:\Windows\SYSTEM32\kernel.appcore.dll
0x00007ffed9190000 - 0x00007ffed919a000 	C:\Program Files\Java\jdk-22\bin\jimage.dll
0x00007ffef0a90000 - 0x00007ffef0c74000 	C:\Windows\SYSTEM32\DBGHELP.DLL
0x00007ffee3b40000 - 0x00007ffee3b74000 	C:\Windows\SYSTEM32\dbgcore.DLL
0x00007ffef2d70000 - 0x00007ffef2df2000 	C:\Windows\System32\bcryptPrimitives.dll
0x00007ffecade0000 - 0x00007ffecadfe000 	C:\Program Files\Java\jdk-22\bin\java.dll
0x00007ffef4cb0000 - 0x00007ffef541c000 	C:\Windows\System32\SHELL32.dll
0x00007ffef3e20000 - 0x00007ffef3f4b000 	C:\Windows\System32\ole32.dll
0x00007ffef47d0000 - 0x00007ffef4b23000 	C:\Windows\System32\combase.dll

dbghelp: loaded successfully - version: 4.0.5 - missing functions: none
symbol engine: initialized successfully - sym options: 0x614 - pdb path: .;C:\Program Files\Java\jdk-22\bin;C:\Windows\SYSTEM32;C:\Program Files\AVG\Antivirus;C:\Windows\WinSxS\amd64_microsoft.windows.common-controls_6595b64144ccf1df_6.0.19041.4355_none_60b8b9eb71f62e16;C:\Program Files\Java\jdk-22\bin\server

VM Arguments:
java_command: <unknown>
java_class_path (initial): <not set>
Launcher Type: SUN_STANDARD

[Global flags]
     intx CICompilerCount                          = 3                                         {product} {ergonomic}
     uint ConcGCThreads                            = 1                                         {product} {ergonomic}
     uint G1ConcRefinementThreads                  = 4                                         {product} {ergonomic}
   size_t G1HeapRegionSize                         = 2097152                                   {product} {ergonomic}
   size_t InitialHeapSize                          = 266338304                                 {product} {ergonomic}
   size_t MarkStackSize                            = 4194304                                   {product} {ergonomic}
   size_t MaxHeapSize                              = 4259315712                                {product} {ergonomic}
   size_t MinHeapDeltaBytes                        = 2097152                                   {product} {ergonomic}
   size_t MinHeapSize                              = 8388608                                   {product} {ergonomic}
    uintx NonNMethodCodeHeapSize                   = 5832780                                {pd product} {ergonomic}
    uintx NonProfiledCodeHeapSize                  = 122912730                              {pd product} {ergonomic}
    uintx ProfiledCodeHeapSize                     = 122912730                              {pd product} {ergonomic}
    uintx ReservedCodeCacheSize                    = 251658240                              {pd product} {ergonomic}
     bool SegmentedCodeCache                       = true                                      {product} {ergonomic}
   size_t SoftMaxHeapSize                          = 4259315712                             {manageable} {ergonomic}
     bool UseCompressedOops                        = true                           {product lp64_product} {ergonomic}
     bool UseG1GC                                  = true                                      {product} {ergonomic}
     bool UseLargePagesIndividualAllocation        = false                                  {pd product} {ergonomic}

Logging:
Log output configuration:
 #0: stdout all=warning uptime,level,tags foldmultilines=false
 #1: stderr all=off uptime,level,tags foldmultilines=false

Environment Variables:
PATH=C:\Program Files\Common Files\Oracle\Java\javapath;C:\Windows\system32;C:\Windows;C:\Windows\System32\Wbem;C:\Windows\System32\WindowsPowerShell\v1.0\;C:\Windows\System32\OpenSSH\;C:\Program Files\Git\cmd;C:\Program Files\nodejs\;D:\xampp\php;C:\ProgramData\ComposerSetup\bin;C:\msys64\mingw64\bin;C:\Program Files\dotnet\;C:\Users\ayiah\AppData\Roaming\Composer\vendor\bin;C:\Program Files\Docker\Docker\resources\bin;C:\Users\elmohandes\AppData\Local\Programs\Python\Python312;C:\Program Files\Common Files\Oracle\Java\javapath;C:\Windows\system32;C:\Windows;C:\Windows\System32\Wbem;C:\Windows\System32\WindowsPowerShell\v1.0\;C:\Windows\System32\OpenSSH\;C:\Program Files\Git\cmd;C:\Program Files\nodejs\;D:\xampp\php;C:\ProgramData\ComposerSetup\bin;C:\msys64\mingw64\bin;C:\Program Files\dotnet\;C:\Users\ayiah\AppData\Roaming\Composer\vendor\bin;C:\Program Files\Docker\Docker\resources\bin;C:\Users\elmohandes\AppData\Local\Programs\Python\Python312;C:\Users\elmohandes\AppData\Local\Programs\Python\Python312\Scripts\;C:\Users\elmohandes\AppData\Local\Programs\Python\Python312\;C:\Users\elmohandes\AppData\Local\Programs\Python\Launcher\;C:\Users\elmohandes\AppData\Local\Microsoft\WindowsApps;C:\Users\elmohandes\AppData\Local\GitHubDesktop\bin;C:\Users\elmohandes\AppData\Roaming\npm;C:\Users\elmohandes\AppData\Roaming\Composer\vendor\bin;C:\Users\elmohandes\AppData\Local\Programs\Microsoft VS Code\bin;C:\Users\elmohandes\.dotnet\tools;C:\Users\elmohandes\AppData\Local\Programs\Python\Py;C:\Program Files\JetBrains\PyCharm 2024.1.3\bin;;D:\ayma fashion\backend\node_modules\.bin
USERNAME=elmohandes
OS=Windows_NT
PROCESSOR_IDENTIFIER=Intel64 Family 6 Model 142 Stepping 9, GenuineIntel
TMP=C:\Users\ELMOHA~1\AppData\Local\Temp
TEMP=C:\Users\ELMOHA~1\AppData\Local\Temp




Periodic native trim disabled

---------------  S Y S T E M  ---------------

OS:
 Windows 10 , 64 bit Build 19041 (10.0.19041.3636)
OS uptime: 0 days 4:29 hours
Hyper-V role detected

CPU: total 4 (initial active 4) (2 cores per cpu, 2 threads per core) family 6 model 142 stepping 9 microcode 0xea, cx8, cmov, fxsr, ht, mmx, 3dnowpref, sse, sse2, sse3, ssse3, sse4.1, sse4.2, popcnt, lzcnt, tsc, tscinvbit, avx, avx2, aes, erms, clmul, bmi1, bmi2, rtm, adx, fma, vzeroupper, clflush, clflushopt, hv, rdtscp, f16c
Processor Information for processor 0
  Max Mhz: 2701, Current Mhz: 2701, Mhz Limit: 2701
Processor Information for processor 1
  Max Mhz: 2701, Current Mhz: 1500, Mhz Limit: 2701
Processor Information for processor 2
  Max Mhz: 2701, Current Mhz: 2701, Mhz Limit: 2701
Processor Information for processor 3
  Max Mhz: 2701, Current Mhz: 1500, Mhz Limit: 2701

Memory: 4k page, system-wide physical 16245M (662M free)
TotalPageFile size 22544M (AvailPageFile size 31M)
current process WorkingSet (physical memory assigned to process): 11M, peak: 11M
current process commit charge ("private bytes"): 52M, peak: 306M

vm_info: Java HotSpot(TM) 64-Bit Server VM (22+36-2370) for windows-amd64 JRE (22+36-2370), built on 2024-02-15T22:15:19Z by "mach5one" with MS VC++ 17.6 (VS2022)

END.
