#
# There is insufficient memory for the Java Runtime Environment to continue.
# Native memory allocation (mmap) failed to map 266338304 bytes. Error detail: G1 virtual space
# Possible reasons:
#   The system is out of physical RAM or swap space
#   This process is running with CompressedOops enabled, and the Java Heap may be blocking the growth of the native heap
# Possible solutions:
#   Reduce memory load on the system
#   Increase physical memory or swap space
#   Check if swap backing store is full
#   Decrease Java heap size (-Xmx/-Xms)
#   Decrease number of Java threads
#   Decrease Java thread stack sizes (-Xss)
#   Set larger code cache with -XX:ReservedCodeCacheSize=
#   JVM is running with Zero Based Compressed Oops mode in which the Java heap is
#     placed in the first 32GB address space. The Java Heap base address is the
#     maximum limit for the native heap growth. Please use -XX:HeapBaseMinAddress
#     to set the Java Heap base and to place the Java Heap above 32GB virtual address.
# This output file may be truncated or incomplete.
#
#  Out of Memory Error (os_windows.cpp:3631), pid=16756, tid=22456
#
# JRE version: Java(TM) SE Runtime Environment (22.0+36) (build 22+36-2370)
# Java VM: Java HotSpot(TM) 64-Bit Server VM (22+36-2370, mixed mode, sharing, tiered, compressed oops, compressed class ptrs, g1 gc, windows-amd64)
# No core dump will be written. Minidumps are not enabled by default on client versions of Windows
#

---------------  S U M M A R Y ------------

Command Line: org.languagetool.server.HTTPServer -p 8084

Host: Intel(R) Core(TM) i5-7300U CPU @ 2.60GHz, 4 cores, 15G,  Windows 10 , 64 bit Build 19041 (10.0.19041.3636)
Time: Wed Jun 19 19:25:34 2024 Egypt Daylight Time elapsed time: 2.387955 seconds (0d 0h 0m 2s)

---------------  T H R E A D  ---------------

Current thread (0x000002327f1e08c0):  VMThread "VM Thread"          [id=22456, stack(0x0000007c2e400000,0x0000007c2e500000) (1024K)]

Stack: [0x0000007c2e400000,0x0000007c2e500000]
Native frames: (J=compiled Java code, j=interpreted, Vv=VM code, C=native code)
V  [jvm.dll+0x6e2349]  (no source info available)
V  [jvm.dll+0x874ed3]  (no source info available)
V  [jvm.dll+0x8772fe]  (no source info available)
V  [jvm.dll+0x8779d3]  (no source info available)
V  [jvm.dll+0x27fcb6]  (no source info available)
V  [jvm.dll+0x6de9e5]  (no source info available)
V  [jvm.dll+0x6d34ea]  (no source info available)
V  [jvm.dll+0x35892a]  (no source info available)
V  [jvm.dll+0x360e56]  (no source info available)
V  [jvm.dll+0x3b3d7e]  (no source info available)
V  [jvm.dll+0x3b4028]  (no source info available)
V  [jvm.dll+0x32c4ec]  (no source info available)
V  [jvm.dll+0x32c577]  (no source info available)
V  [jvm.dll+0x3721ec]  (no source info available)
V  [jvm.dll+0x3708e6]  (no source info available)
V  [jvm.dll+0x32bbd7]  (no source info available)
V  [jvm.dll+0x3700a4]  (no source info available)
V  [jvm.dll+0x87d870]  (no source info available)
V  [jvm.dll+0x87ebf7]  (no source info available)
V  [jvm.dll+0x87f170]  (no source info available)
V  [jvm.dll+0x87f413]  (no source info available)
V  [jvm.dll+0x81d50b]  (no source info available)
V  [jvm.dll+0x6e09e5]  (no source info available)
C  [ucrtbase.dll+0x21bb2]  (no source info available)
C  [KERNEL32.DLL+0x17344]  (no source info available)
C  [ntdll.dll+0x4cc91]  (no source info available)

VM_Operation (0x0000007c2ddfe120): G1CollectForAllocation, mode: safepoint, requested by thread 0x000002327baaefe0


---------------  P R O C E S S  ---------------

Threads class SMR info:
_java_thread_list=0x000002326334a3f0, length=14, elements={
0x000002327baaefe0, 0x000002327f1fcf80, 0x000002327f1fe120, 0x000002327f2025a0,
0x000002327f205010, 0x000002327f207d00, 0x000002327f208b90, 0x000002327f20a1b0,
0x000002327f218740, 0x000002321d44e640, 0x000002321d454930, 0x00000232633f0ac0,
0x00000232632cdca0, 0x0000023263503d20
}

Java Threads: ( => current thread )
  0x000002327baaefe0 JavaThread "main"                              [_thread_blocked, id=14484, stack(0x0000007c2dd00000,0x0000007c2de00000) (1024K)]
  0x000002327f1fcf80 JavaThread "Reference Handler"          daemon [_thread_blocked, id=12752, stack(0x0000007c2e500000,0x0000007c2e600000) (1024K)]
  0x000002327f1fe120 JavaThread "Finalizer"                  daemon [_thread_blocked, id=6716, stack(0x0000007c2e600000,0x0000007c2e700000) (1024K)]
  0x000002327f2025a0 JavaThread "Signal Dispatcher"          daemon [_thread_blocked, id=12672, stack(0x0000007c2e700000,0x0000007c2e800000) (1024K)]
  0x000002327f205010 JavaThread "Attach Listener"            daemon [_thread_blocked, id=18680, stack(0x0000007c2e800000,0x0000007c2e900000) (1024K)]
  0x000002327f207d00 JavaThread "Service Thread"             daemon [_thread_blocked, id=10836, stack(0x0000007c2e900000,0x0000007c2ea00000) (1024K)]
  0x000002327f208b90 JavaThread "Monitor Deflation Thread"   daemon [_thread_blocked, id=812, stack(0x0000007c2ea00000,0x0000007c2eb00000) (1024K)]
  0x000002327f20a1b0 JavaThread "C2 CompilerThread0"         daemon [_thread_blocked, id=12476, stack(0x0000007c2eb00000,0x0000007c2ec00000) (1024K)]
  0x000002327f218740 JavaThread "C1 CompilerThread0"         daemon [_thread_blocked, id=2208, stack(0x0000007c2ec00000,0x0000007c2ed00000) (1024K)]
  0x000002321d44e640 JavaThread "Notification Thread"        daemon [_thread_blocked, id=12512, stack(0x0000007c2ed00000,0x0000007c2ee00000) (1024K)]
  0x000002321d454930 JavaThread "Common-Cleaner"             daemon [_thread_blocked, id=16952, stack(0x0000007c2ee00000,0x0000007c2ef00000) (1024K)]
  0x00000232633f0ac0 JavaThread "LtThreadPoolMonitor"        daemon [_thread_blocked, id=9048, stack(0x0000007c2f300000,0x0000007c2f400000) (1024K)]
  0x00000232632cdca0 JavaThread "LtThreadPoolExecutorMonitor" daemon [_thread_blocked, id=1772, stack(0x0000007c2f400000,0x0000007c2f500000) (1024K)]
  0x0000023263503d20 JavaThread "C2 CompilerThread1"         daemon [_thread_blocked, id=18084, stack(0x0000007c2f200000,0x0000007c2f300000) (1024K)]
Total: 14

Other Threads:
=>0x000002327f1e08c0 VMThread "VM Thread"                           [id=22456, stack(0x0000007c2e400000,0x0000007c2e500000) (1024K)]
  0x000002327f1cb370 WatcherThread "VM Periodic Task Thread"        [id=13784, stack(0x0000007c2e300000,0x0000007c2e400000) (1024K)]
  0x000002327dcee920 WorkerThread "GC Thread#0"                     [id=21100, stack(0x0000007c2de00000,0x0000007c2df00000) (1024K)]
  0x000002326319ad40 WorkerThread "GC Thread#1"                     [id=14748, stack(0x0000007c2ef00000,0x0000007c2f000000) (1024K)]
  0x00000232631e2b30 WorkerThread "GC Thread#2"                     [id=18516, stack(0x0000007c2f000000,0x0000007c2f100000) (1024K)]
  0x00000232631e2ee0 WorkerThread "GC Thread#3"                     [id=5388, stack(0x0000007c2f100000,0x0000007c2f200000) (1024K)]
  0x000002327dd00170 ConcurrentGCThread "G1 Main Marker"            [id=19608, stack(0x0000007c2df00000,0x0000007c2e000000) (1024K)]
  0x000002327dd01420 WorkerThread "G1 Conc#0"                       [id=22448, stack(0x0000007c2e000000,0x0000007c2e100000) (1024K)]
  0x000002327dd4e2a0 ConcurrentGCThread "G1 Refine#0"               [id=13248, stack(0x0000007c2e100000,0x0000007c2e200000) (1024K)]
  0x000002327f09d140 ConcurrentGCThread "G1 Service"                [id=17312, stack(0x0000007c2e200000,0x0000007c2e300000) (1024K)]
Total: 10

Threads with active compile tasks:
C2 CompilerThread0  2525 1704 %     4       java.util.HashMap::resize @ 235 (356 bytes)
C2 CompilerThread1  2525 1675 % !   4       org.languagetool.language.identifier.detector.CommonWordsDetector::<init> @ 253 (531 bytes)
Total: 2

VM state: at safepoint (normal execution)

VM Mutex/Monitor currently owned by a thread:  ([mutex/lock_event])
[0x00007ffea915cbc8] Threads_lock - owner thread: 0x000002327f1e08c0
[0x00007ffea915ccc8] Heap_lock - owner thread: 0x000002327baaefe0

Heap address: 0x0000000702200000, size: 4062 MB, Compressed Oops mode: Zero based, Oop shift amount: 3

CDS archive(s) mapped at: [0x000002321e000000-0x000002321ec60000-0x000002321ec60000), size 12976128, SharedBaseAddress: 0x000002321e000000, ArchiveRelocationMode: 1.
Compressed class space mapped at: 0x000002321f000000-0x000002325f000000, reserved size: 1073741824
Narrow klass base: 0x000002321e000000, Narrow klass shift: 0, Narrow klass range: 0x41000000

GC Precious Log:
 CardTable entry size: 512
 Card Set container configuration: InlinePtr #cards 4 size 8 Array Of Cards #cards 16 size 48 Howl #buckets 8 coarsen threshold 3686 Howl Bitmap #cards 512 size 80 coarsen threshold 460 Card regions per heap region 1 cards per card region 4096
 CPUs: 4 total, 4 available
 Memory: 16245M
 Large Page Support: Disabled
 NUMA Support: Disabled
 Compressed Oops: Enabled (Zero based)
 Heap Region Size: 2M
 Heap Min Capacity: 8M
 Heap Initial Capacity: 254M
 Heap Max Capacity: 4062M
 Pre-touch: Disabled
 Parallel Workers: 4
 Concurrent Workers: 1
 Concurrent Refinement Workers: 4
 Periodic GC: Disabled

Heap:
 garbage-first heap   total reserved 4159488K, committed 260096K, used 49152K [0x0000000702200000, 0x0000000800000000)
  region size 2048K, 2 young (4096K), 2 survivors (4096K)
 Metaspace       used 10182K, committed 10304K, reserved 1114112K
  class space    used 1155K, committed 1216K, reserved 1048576K

Heap Regions: E=young(eden), S=young(survivor), O=old, HS=humongous(starts), HC=humongous(continues), CS=collection set, F=free, TAMS=top-at-mark-start, PB=parsable bottom
|   0|0x0000000702200000, 0x0000000702400000, 0x0000000702400000|100%| O|  |TAMS 0x0000000702200000| PB 0x0000000702200000| Untracked |  0
|   1|0x0000000702400000, 0x0000000702600000, 0x0000000702600000|100%| O|  |TAMS 0x0000000702400000| PB 0x0000000702400000| Untracked |  0
|   2|0x0000000702600000, 0x0000000702800000, 0x0000000702800000|100%| O|  |TAMS 0x0000000702600000| PB 0x0000000702600000| Untracked |  0
|   3|0x0000000702800000, 0x0000000702a00000, 0x0000000702a00000|100%| O|  |TAMS 0x0000000702800000| PB 0x0000000702800000| Untracked |  0
|   4|0x0000000702a00000, 0x0000000702c00000, 0x0000000702c00000|100%| O|  |TAMS 0x0000000702a00000| PB 0x0000000702a00000| Untracked |  0
|   5|0x0000000702c00000, 0x0000000702e00000, 0x0000000702e00000|100%| O|  |TAMS 0x0000000702c00000| PB 0x0000000702c00000| Untracked |  0
|   6|0x0000000702e00000, 0x0000000703000000, 0x0000000703000000|100%| O|  |TAMS 0x0000000702e00000| PB 0x0000000702e00000| Untracked |  0
|   7|0x0000000703000000, 0x0000000703200000, 0x0000000703200000|100%| O|  |TAMS 0x0000000703000000| PB 0x0000000703000000| Untracked |  0
|   8|0x0000000703200000, 0x0000000703400000, 0x0000000703400000|100%|HS|  |TAMS 0x0000000703200000| PB 0x0000000703200000| Complete |  0
|   9|0x0000000703400000, 0x0000000703600000, 0x0000000703600000|100%| O|  |TAMS 0x0000000703400000| PB 0x0000000703400000| Untracked |  0
|  10|0x0000000703600000, 0x0000000703800000, 0x0000000703800000|100%| O|  |TAMS 0x0000000703600000| PB 0x0000000703600000| Untracked |  0
|  11|0x0000000703800000, 0x0000000703a00000, 0x0000000703a00000|100%| O|  |TAMS 0x0000000703800000| PB 0x0000000703800000| Untracked |  0
|  12|0x0000000703a00000, 0x0000000703c00000, 0x0000000703c00000|100%| O|  |TAMS 0x0000000703a00000| PB 0x0000000703a00000| Untracked |  0
|  13|0x0000000703c00000, 0x0000000703e00000, 0x0000000703e00000|100%| O|  |TAMS 0x0000000703c00000| PB 0x0000000703c00000| Untracked |  0
|  14|0x0000000703e00000, 0x0000000704000000, 0x0000000704000000|100%| O|  |TAMS 0x0000000703e00000| PB 0x0000000703e00000| Untracked |  0
|  15|0x0000000704000000, 0x0000000704200000, 0x0000000704200000|100%| O|  |TAMS 0x0000000704000000| PB 0x0000000704000000| Untracked |  0
|  16|0x0000000704200000, 0x0000000704400000, 0x0000000704400000|100%| O|  |TAMS 0x0000000704200000| PB 0x0000000704200000| Untracked |  0
|  17|0x0000000704400000, 0x0000000704600000, 0x0000000704600000|100%|HS|  |TAMS 0x0000000704400000| PB 0x0000000704400000| Complete |  0
|  18|0x0000000704600000, 0x0000000704800000, 0x0000000704800000|100%|HC|  |TAMS 0x0000000704600000| PB 0x0000000704600000| Complete |  0
|  19|0x0000000704800000, 0x0000000704a00000, 0x0000000704a00000|100%| O|  |TAMS 0x0000000704800000| PB 0x0000000704800000| Untracked |  0
|  20|0x0000000704a00000, 0x0000000704c00000, 0x0000000704c00000|100%| O|  |TAMS 0x0000000704a00000| PB 0x0000000704a00000| Untracked |  0
|  21|0x0000000704c00000, 0x0000000704e00000, 0x0000000704e00000|100%| O|  |TAMS 0x0000000704c00000| PB 0x0000000704c00000| Untracked |  0
|  22|0x0000000704e00000, 0x0000000704e00000, 0x0000000705000000|  0%| F|  |TAMS 0x0000000704e00000| PB 0x0000000704e00000| Untracked |  0
|  23|0x0000000705000000, 0x0000000705000000, 0x0000000705200000|  0%| F|  |TAMS 0x0000000705000000| PB 0x0000000705000000| Untracked |  0
|  24|0x0000000705200000, 0x0000000705200000, 0x0000000705400000|  0%| F|  |TAMS 0x0000000705200000| PB 0x0000000705200000| Untracked |  0
|  25|0x0000000705400000, 0x0000000705400000, 0x0000000705600000|  0%| F|  |TAMS 0x0000000705400000| PB 0x0000000705400000| Untracked |  0
|  26|0x0000000705600000, 0x0000000705600000, 0x0000000705800000|  0%| F|  |TAMS 0x0000000705600000| PB 0x0000000705600000| Untracked |  0
|  27|0x0000000705800000, 0x0000000705800000, 0x0000000705a00000|  0%| F|  |TAMS 0x0000000705800000| PB 0x0000000705800000| Untracked |  0
|  28|0x0000000705a00000, 0x0000000705a00000, 0x0000000705c00000|  0%| F|  |TAMS 0x0000000705a00000| PB 0x0000000705a00000| Untracked |  0
|  29|0x0000000705c00000, 0x0000000705c00000, 0x0000000705e00000|  0%| F|  |TAMS 0x0000000705c00000| PB 0x0000000705c00000| Untracked |  0
|  30|0x0000000705e00000, 0x0000000705e00000, 0x0000000706000000|  0%| F|  |TAMS 0x0000000705e00000| PB 0x0000000705e00000| Untracked |  0
|  31|0x0000000706000000, 0x0000000706000000, 0x0000000706200000|  0%| F|  |TAMS 0x0000000706000000| PB 0x0000000706000000| Untracked |  0
|  32|0x0000000706200000, 0x0000000706200000, 0x0000000706400000|  0%| F|  |TAMS 0x0000000706200000| PB 0x0000000706200000| Untracked |  0
|  33|0x0000000706400000, 0x0000000706400000, 0x0000000706600000|  0%| F|  |TAMS 0x0000000706400000| PB 0x0000000706400000| Untracked |  0
|  34|0x0000000706600000, 0x0000000706600000, 0x0000000706800000|  0%| F|  |TAMS 0x0000000706600000| PB 0x0000000706600000| Untracked |  0
|  35|0x0000000706800000, 0x0000000706800000, 0x0000000706a00000|  0%| F|  |TAMS 0x0000000706800000| PB 0x0000000706800000| Untracked |  0
|  36|0x0000000706a00000, 0x0000000706a00000, 0x0000000706c00000|  0%| F|  |TAMS 0x0000000706a00000| PB 0x0000000706a00000| Untracked |  0
|  37|0x0000000706c00000, 0x0000000706c00000, 0x0000000706e00000|  0%| F|  |TAMS 0x0000000706c00000| PB 0x0000000706c00000| Untracked |  0
|  38|0x0000000706e00000, 0x0000000706e00000, 0x0000000707000000|  0%| F|  |TAMS 0x0000000706e00000| PB 0x0000000706e00000| Untracked |  0
|  39|0x0000000707000000, 0x0000000707000000, 0x0000000707200000|  0%| F|  |TAMS 0x0000000707000000| PB 0x0000000707000000| Untracked |  0
|  40|0x0000000707200000, 0x0000000707200000, 0x0000000707400000|  0%| F|  |TAMS 0x0000000707200000| PB 0x0000000707200000| Untracked |  0
|  41|0x0000000707400000, 0x0000000707400000, 0x0000000707600000|  0%| F|  |TAMS 0x0000000707400000| PB 0x0000000707400000| Untracked |  0
|  42|0x0000000707600000, 0x0000000707600000, 0x0000000707800000|  0%| F|  |TAMS 0x0000000707600000| PB 0x0000000707600000| Untracked |  0
|  43|0x0000000707800000, 0x0000000707800000, 0x0000000707a00000|  0%| F|  |TAMS 0x0000000707800000| PB 0x0000000707800000| Untracked |  0
|  44|0x0000000707a00000, 0x0000000707a00000, 0x0000000707c00000|  0%| F|  |TAMS 0x0000000707a00000| PB 0x0000000707a00000| Untracked |  0
|  45|0x0000000707c00000, 0x0000000707c00000, 0x0000000707e00000|  0%| F|  |TAMS 0x0000000707c00000| PB 0x0000000707c00000| Untracked |  0
|  46|0x0000000707e00000, 0x0000000707e00000, 0x0000000708000000|  0%| F|  |TAMS 0x0000000707e00000| PB 0x0000000707e00000| Untracked |  0
|  47|0x0000000708000000, 0x0000000708000000, 0x0000000708200000|  0%| F|  |TAMS 0x0000000708000000| PB 0x0000000708000000| Untracked |  0
|  48|0x0000000708200000, 0x0000000708200000, 0x0000000708400000|  0%| F|  |TAMS 0x0000000708200000| PB 0x0000000708200000| Untracked |  0
|  49|0x0000000708400000, 0x0000000708400000, 0x0000000708600000|  0%| F|  |TAMS 0x0000000708400000| PB 0x0000000708400000| Untracked |  0
|  50|0x0000000708600000, 0x0000000708600000, 0x0000000708800000|  0%| F|  |TAMS 0x0000000708600000| PB 0x0000000708600000| Untracked |  0
|  51|0x0000000708800000, 0x0000000708800000, 0x0000000708a00000|  0%| F|  |TAMS 0x0000000708800000| PB 0x0000000708800000| Untracked |  0
|  52|0x0000000708a00000, 0x0000000708a00000, 0x0000000708c00000|  0%| F|  |TAMS 0x0000000708a00000| PB 0x0000000708a00000| Untracked |  0
|  53|0x0000000708c00000, 0x0000000708c00000, 0x0000000708e00000|  0%| F|  |TAMS 0x0000000708c00000| PB 0x0000000708c00000| Untracked |  0
|  54|0x0000000708e00000, 0x0000000708e00000, 0x0000000709000000|  0%| F|  |TAMS 0x0000000708e00000| PB 0x0000000708e00000| Untracked |  0
|  55|0x0000000709000000, 0x0000000709000000, 0x0000000709200000|  0%| F|  |TAMS 0x0000000709000000| PB 0x0000000709000000| Untracked |  0
|  56|0x0000000709200000, 0x0000000709200000, 0x0000000709400000|  0%| F|  |TAMS 0x0000000709200000| PB 0x0000000709200000| Untracked |  0
|  57|0x0000000709400000, 0x0000000709400000, 0x0000000709600000|  0%| F|  |TAMS 0x0000000709400000| PB 0x0000000709400000| Untracked |  0
|  58|0x0000000709600000, 0x0000000709600000, 0x0000000709800000|  0%| F|  |TAMS 0x0000000709600000| PB 0x0000000709600000| Untracked |  0
|  59|0x0000000709800000, 0x0000000709800000, 0x0000000709a00000|  0%| F|  |TAMS 0x0000000709800000| PB 0x0000000709800000| Untracked |  0
|  60|0x0000000709a00000, 0x0000000709a00000, 0x0000000709c00000|  0%| F|  |TAMS 0x0000000709a00000| PB 0x0000000709a00000| Untracked |  0
|  61|0x0000000709c00000, 0x0000000709c00000, 0x0000000709e00000|  0%| F|  |TAMS 0x0000000709c00000| PB 0x0000000709c00000| Untracked |  0
|  62|0x0000000709e00000, 0x0000000709e00000, 0x000000070a000000|  0%| F|  |TAMS 0x0000000709e00000| PB 0x0000000709e00000| Untracked |  0
|  63|0x000000070a000000, 0x000000070a000000, 0x000000070a200000|  0%| F|  |TAMS 0x000000070a000000| PB 0x000000070a000000| Untracked |  0
|  64|0x000000070a200000, 0x000000070a200000, 0x000000070a400000|  0%| F|  |TAMS 0x000000070a200000| PB 0x000000070a200000| Untracked |  0
|  65|0x000000070a400000, 0x000000070a400000, 0x000000070a600000|  0%| F|  |TAMS 0x000000070a400000| PB 0x000000070a400000| Untracked |  0
|  66|0x000000070a600000, 0x000000070a600000, 0x000000070a800000|  0%| F|  |TAMS 0x000000070a600000| PB 0x000000070a600000| Untracked |  0
|  67|0x000000070a800000, 0x000000070a800000, 0x000000070aa00000|  0%| F|  |TAMS 0x000000070a800000| PB 0x000000070a800000| Untracked |  0
|  68|0x000000070aa00000, 0x000000070aa00000, 0x000000070ac00000|  0%| F|  |TAMS 0x000000070aa00000| PB 0x000000070aa00000| Untracked |  0
|  69|0x000000070ac00000, 0x000000070ac00000, 0x000000070ae00000|  0%| F|  |TAMS 0x000000070ac00000| PB 0x000000070ac00000| Untracked |  0
|  70|0x000000070ae00000, 0x000000070ae00000, 0x000000070b000000|  0%| F|  |TAMS 0x000000070ae00000| PB 0x000000070ae00000| Untracked |  0
|  71|0x000000070b000000, 0x000000070b000000, 0x000000070b200000|  0%| F|  |TAMS 0x000000070b000000| PB 0x000000070b000000| Untracked |  0
|  72|0x000000070b200000, 0x000000070b200000, 0x000000070b400000|  0%| F|  |TAMS 0x000000070b200000| PB 0x000000070b200000| Untracked |  0
|  73|0x000000070b400000, 0x000000070b400000, 0x000000070b600000|  0%| F|  |TAMS 0x000000070b400000| PB 0x000000070b400000| Untracked |  0
|  74|0x000000070b600000, 0x000000070b600000, 0x000000070b800000|  0%| F|  |TAMS 0x000000070b600000| PB 0x000000070b600000| Untracked |  0
|  75|0x000000070b800000, 0x000000070b800000, 0x000000070ba00000|  0%| F|  |TAMS 0x000000070b800000| PB 0x000000070b800000| Untracked |  0
|  76|0x000000070ba00000, 0x000000070ba00000, 0x000000070bc00000|  0%| F|  |TAMS 0x000000070ba00000| PB 0x000000070ba00000| Untracked |  0
|  77|0x000000070bc00000, 0x000000070bc00000, 0x000000070be00000|  0%| F|  |TAMS 0x000000070bc00000| PB 0x000000070bc00000| Untracked |  0
|  78|0x000000070be00000, 0x000000070be00000, 0x000000070c000000|  0%| F|  |TAMS 0x000000070be00000| PB 0x000000070be00000| Untracked |  0
|  79|0x000000070c000000, 0x000000070c000000, 0x000000070c200000|  0%| F|  |TAMS 0x000000070c000000| PB 0x000000070c000000| Untracked |  0
|  80|0x000000070c200000, 0x000000070c200000, 0x000000070c400000|  0%| F|  |TAMS 0x000000070c200000| PB 0x000000070c200000| Untracked |  0
|  81|0x000000070c400000, 0x000000070c400000, 0x000000070c600000|  0%| F|  |TAMS 0x000000070c400000| PB 0x000000070c400000| Untracked |  0
|  82|0x000000070c600000, 0x000000070c600000, 0x000000070c800000|  0%| F|  |TAMS 0x000000070c600000| PB 0x000000070c600000| Untracked |  0
|  83|0x000000070c800000, 0x000000070c800000, 0x000000070ca00000|  0%| F|  |TAMS 0x000000070c800000| PB 0x000000070c800000| Untracked |  0
|  84|0x000000070ca00000, 0x000000070ca00000, 0x000000070cc00000|  0%| F|  |TAMS 0x000000070ca00000| PB 0x000000070ca00000| Untracked |  0
|  85|0x000000070cc00000, 0x000000070cc00000, 0x000000070ce00000|  0%| F|  |TAMS 0x000000070cc00000| PB 0x000000070cc00000| Untracked |  0
|  86|0x000000070ce00000, 0x000000070ce00000, 0x000000070d000000|  0%| F|  |TAMS 0x000000070ce00000| PB 0x000000070ce00000| Untracked |  0
|  87|0x000000070d000000, 0x000000070d000000, 0x000000070d200000|  0%| F|  |TAMS 0x000000070d000000| PB 0x000000070d000000| Untracked |  0
|  88|0x000000070d200000, 0x000000070d200000, 0x000000070d400000|  0%| F|  |TAMS 0x000000070d200000| PB 0x000000070d200000| Untracked |  0
|  89|0x000000070d400000, 0x000000070d400000, 0x000000070d600000|  0%| F|  |TAMS 0x000000070d400000| PB 0x000000070d400000| Untracked |  0
|  90|0x000000070d600000, 0x000000070d600000, 0x000000070d800000|  0%| F|  |TAMS 0x000000070d600000| PB 0x000000070d600000| Untracked |  0
|  91|0x000000070d800000, 0x000000070d800000, 0x000000070da00000|  0%| F|  |TAMS 0x000000070d800000| PB 0x000000070d800000| Untracked |  0
|  92|0x000000070da00000, 0x000000070da00000, 0x000000070dc00000|  0%| F|  |TAMS 0x000000070da00000| PB 0x000000070da00000| Untracked |  0
|  93|0x000000070dc00000, 0x000000070dc00000, 0x000000070de00000|  0%| F|  |TAMS 0x000000070dc00000| PB 0x000000070dc00000| Untracked |  0
|  94|0x000000070de00000, 0x000000070de00000, 0x000000070e000000|  0%| F|  |TAMS 0x000000070de00000| PB 0x000000070de00000| Untracked |  0
|  95|0x000000070e000000, 0x000000070e000000, 0x000000070e200000|  0%| F|  |TAMS 0x000000070e000000| PB 0x000000070e000000| Untracked |  0
|  96|0x000000070e200000, 0x000000070e200000, 0x000000070e400000|  0%| F|  |TAMS 0x000000070e200000| PB 0x000000070e200000| Untracked |  0
|  97|0x000000070e400000, 0x000000070e400000, 0x000000070e600000|  0%| F|  |TAMS 0x000000070e400000| PB 0x000000070e400000| Untracked |  0
|  98|0x000000070e600000, 0x000000070e600000, 0x000000070e800000|  0%| F|  |TAMS 0x000000070e600000| PB 0x000000070e600000| Untracked |  0
|  99|0x000000070e800000, 0x000000070e800000, 0x000000070ea00000|  0%| F|  |TAMS 0x000000070e800000| PB 0x000000070e800000| Untracked |  0
| 100|0x000000070ea00000, 0x000000070ea00000, 0x000000070ec00000|  0%| F|  |TAMS 0x000000070ea00000| PB 0x000000070ea00000| Untracked |  0
| 101|0x000000070ec00000, 0x000000070ec00000, 0x000000070ee00000|  0%| F|  |TAMS 0x000000070ec00000| PB 0x000000070ec00000| Untracked |  0
| 102|0x000000070ee00000, 0x000000070ee00000, 0x000000070f000000|  0%| F|  |TAMS 0x000000070ee00000| PB 0x000000070ee00000| Untracked |  0
| 103|0x000000070f000000, 0x000000070f000000, 0x000000070f200000|  0%| F|  |TAMS 0x000000070f000000| PB 0x000000070f000000| Untracked |  0
| 104|0x000000070f200000, 0x000000070f200000, 0x000000070f400000|  0%| F|  |TAMS 0x000000070f200000| PB 0x000000070f200000| Untracked |  0
| 105|0x000000070f400000, 0x000000070f400000, 0x000000070f600000|  0%| F|  |TAMS 0x000000070f400000| PB 0x000000070f400000| Untracked |  0
| 106|0x000000070f600000, 0x000000070f600000, 0x000000070f800000|  0%| F|  |TAMS 0x000000070f600000| PB 0x000000070f600000| Untracked |  0
| 107|0x000000070f800000, 0x000000070f800000, 0x000000070fa00000|  0%| F|  |TAMS 0x000000070f800000| PB 0x000000070f800000| Untracked |  0
| 108|0x000000070fa00000, 0x000000070fa00000, 0x000000070fc00000|  0%| F|  |TAMS 0x000000070fa00000| PB 0x000000070fa00000| Untracked |  0
| 109|0x000000070fc00000, 0x000000070fc00000, 0x000000070fe00000|  0%| F|  |TAMS 0x000000070fc00000| PB 0x000000070fc00000| Untracked |  0
| 110|0x000000070fe00000, 0x000000070fe00000, 0x0000000710000000|  0%| F|  |TAMS 0x000000070fe00000| PB 0x000000070fe00000| Untracked |  0
| 111|0x0000000710000000, 0x0000000710000000, 0x0000000710200000|  0%| F|  |TAMS 0x0000000710000000| PB 0x0000000710000000| Untracked |  0
| 112|0x0000000710200000, 0x0000000710200000, 0x0000000710400000|  0%| F|  |TAMS 0x0000000710200000| PB 0x0000000710200000| Untracked |  0
| 113|0x0000000710400000, 0x0000000710400000, 0x0000000710600000|  0%| F|  |TAMS 0x0000000710400000| PB 0x0000000710400000| Untracked |  0
| 114|0x0000000710600000, 0x0000000710600000, 0x0000000710800000|  0%| F|  |TAMS 0x0000000710600000| PB 0x0000000710600000| Untracked |  0
| 115|0x0000000710800000, 0x0000000710800000, 0x0000000710a00000|  0%| F|  |TAMS 0x0000000710800000| PB 0x0000000710800000| Untracked |  0
| 116|0x0000000710a00000, 0x0000000710a00000, 0x0000000710c00000|  0%| F|  |TAMS 0x0000000710a00000| PB 0x0000000710a00000| Untracked |  0
| 117|0x0000000710c00000, 0x0000000710e00000, 0x0000000710e00000|100%| S|CS|TAMS 0x0000000710c00000| PB 0x0000000710c00000| Complete |  0
| 118|0x0000000710e00000, 0x0000000711000000, 0x0000000711000000|100%| S|CS|TAMS 0x0000000710e00000| PB 0x0000000710e00000| Complete |  0
| 119|0x0000000711000000, 0x0000000711000000, 0x0000000711200000|  0%| F|  |TAMS 0x0000000711000000| PB 0x0000000711000000| Untracked |  0
| 120|0x0000000711200000, 0x0000000711200000, 0x0000000711400000|  0%| F|  |TAMS 0x0000000711200000| PB 0x0000000711200000| Untracked |  0
| 121|0x0000000711400000, 0x0000000711400000, 0x0000000711600000|  0%| F|  |TAMS 0x0000000711400000| PB 0x0000000711400000| Untracked |  0
| 122|0x0000000711600000, 0x0000000711600000, 0x0000000711800000|  0%| F|  |TAMS 0x0000000711600000| PB 0x0000000711600000| Untracked |  0
| 123|0x0000000711800000, 0x0000000711800000, 0x0000000711a00000|  0%| F|  |TAMS 0x0000000711800000| PB 0x0000000711800000| Untracked |  0
| 124|0x0000000711a00000, 0x0000000711a00000, 0x0000000711c00000|  0%| F|  |TAMS 0x0000000711a00000| PB 0x0000000711a00000| Untracked |  0
| 125|0x0000000711c00000, 0x0000000711c00000, 0x0000000711e00000|  0%| F|  |TAMS 0x0000000711c00000| PB 0x0000000711c00000| Untracked |  0
| 126|0x0000000711e00000, 0x0000000711e00000, 0x0000000712000000|  0%| F|  |TAMS 0x0000000711e00000| PB 0x0000000711e00000| Untracked |  0

Card table byte_map: [0x000002327e540000,0x000002327ed30000] _byte_map_base: 0x000002327ad2f000

Marking Bits: (CMBitMap*) 0x000002327dcef030
 Bits: [0x0000023217280000, 0x000002321b1f8000)

Polling page: 0x000002327d450000

Metaspace:

Usage:
  Non-class:      8.82 MB used.
      Class:      1.13 MB used.
       Both:      9.94 MB used.

Virtual space:
  Non-class space:       64.00 MB reserved,       8.88 MB ( 14%) committed,  1 nodes.
      Class space:        1.00 GB reserved,       1.19 MB ( <1%) committed,  1 nodes.
             Both:        1.06 GB reserved,      10.06 MB ( <1%) committed. 

Chunk freelists:
   Non-Class:  7.14 MB
       Class:  14.64 MB
        Both:  21.78 MB

MaxMetaspaceSize: unlimited
CompressedClassSpaceSize: 1.00 GB
Initial GC threshold: 21.00 MB
Current GC threshold: 21.00 MB
CDS: on
 - commit_granule_bytes: 65536.
 - commit_granule_words: 8192.
 - virtual_space_node_default_size: 8388608.
 - enlarge_chunks_in_place: 1.
 - use_allocation_guard: 0.


Internal statistics:

num_allocs_failed_limit: 0.
num_arena_births: 72.
num_arena_deaths: 0.
num_vsnodes_births: 2.
num_vsnodes_deaths: 0.
num_space_committed: 160.
num_space_uncommitted: 0.
num_chunks_returned_to_freelist: 0.
num_chunks_taken_from_freelist: 250.
num_chunk_merges: 0.
num_chunk_splits: 173.
num_chunks_enlarged: 129.
num_inconsistent_stats: 0.

CodeHeap 'non-profiled nmethods': size=120000Kb used=762Kb max_used=762Kb free=119237Kb
 bounds [0x000002320fd50000, 0x000002320ffc0000, 0x0000023217280000]
CodeHeap 'profiled nmethods': size=120000Kb used=3178Kb max_used=3178Kb free=116821Kb
 bounds [0x0000023208280000, 0x00000232085a0000, 0x000002320f7b0000]
CodeHeap 'non-nmethods': size=5760Kb used=1442Kb max_used=1523Kb free=4317Kb
 bounds [0x000002320f7b0000, 0x000002320fa20000, 0x000002320fd50000]
 total_blobs=2230 nmethods=1701 adapters=434
 compilation: enabled
              stopped_count=0, restarted_count=0
 full_count=0

Compilation events (20 events):
Event: 2.305 Thread 0x000002327f218740 1697       3       java.lang.Character::codePointAt (51 bytes)
Event: 2.306 Thread 0x000002327f218740 nmethod 1697 0x0000023208597f90 code [0x0000023208598180, 0x00000232085987c0]
Event: 2.306 Thread 0x000002327f218740 1693       3       java.util.stream.StreamOpFlag::isKnown (19 bytes)
Event: 2.306 Thread 0x000002327f218740 nmethod 1693 0x0000023208598990 code [0x0000023208598b20, 0x0000023208598c88]
Event: 2.306 Thread 0x000002327f218740 1694       3       java.util.stream.StreamOpFlag::fromCharacteristics (37 bytes)
Event: 2.306 Thread 0x000002327f218740 nmethod 1694 0x0000023208598d10 code [0x0000023208598ee0, 0x0000023208599200]
Event: 2.306 Thread 0x000002327f218740 1695       1       java.lang.StringUTF16$CharsSpliterator::characteristics (5 bytes)
Event: 2.306 Thread 0x000002327f218740 nmethod 1695 0x000002320fe0b310 code [0x000002320fe0b4a0, 0x000002320fe0b568]
Event: 2.308 Thread 0x000002327f218740 1701       3       java.lang.Character::codePointBefore (48 bytes)
Event: 2.308 Thread 0x000002327f218740 nmethod 1701 0x0000023208599310 code [0x0000023208599500, 0x0000023208599a88]
Event: 2.312 Thread 0x000002327f218740 1703   !   3       sun.nio.cs.StreamDecoder::inReady (36 bytes)
Event: 2.312 Thread 0x000002327f218740 nmethod 1703 0x0000023208599c10 code [0x0000023208599dc0, 0x000002320859a180]
Event: 2.314 Thread 0x000002327f20a1b0 nmethod 1696 0x000002320fe0b610 code [0x000002320fe0b7e0, 0x000002320fe0c0b8]
Event: 2.314 Thread 0x000002327f20a1b0 1702       4       java.util.regex.Pattern$CharPropertyGreedy::match (160 bytes)
Event: 2.343 Thread 0x000002327f20a1b0 nmethod 1702 0x000002320fe0c390 code [0x000002320fe0c600, 0x000002320fe0d7d0]
Event: 2.344 Thread 0x000002327f20a1b0 1699       4       java.lang.Character::codePointAt (51 bytes)
Event: 2.348 Thread 0x000002327f20a1b0 nmethod 1699 0x000002320fe0e290 code [0x000002320fe0e440, 0x000002320fe0e6f0]
Event: 2.348 Thread 0x000002327f20a1b0 1704 %     4       java.util.HashMap::resize @ 235 (356 bytes)
Event: 2.356 Thread 0x000002327f218740 1705       3       java.lang.String::decodeASCII (46 bytes)
Event: 2.356 Thread 0x000002327f218740 nmethod 1705 0x000002320859a290 code [0x000002320859a460, 0x000002320859a708]

GC Heap History (13 events):
Event: 0.923 GC heap before
{Heap before GC invocations=0 (full 0):
 garbage-first heap   total reserved 4159488K, committed 260096K, used 12288K [0x0000000702200000, 0x0000000800000000)
  region size 2048K, 7 young (14336K), 0 survivors (0K)
 Metaspace       used 4633K, committed 4864K, reserved 1114112K
  class space    used 590K, committed 704K, reserved 1048576K
}
Event: 0.929 GC heap after
{Heap after GC invocations=1 (full 0):
 garbage-first heap   total reserved 4159488K, committed 260096K, used 6400K [0x0000000702200000, 0x0000000800000000)
  region size 2048K, 1 young (2048K), 1 survivors (2048K)
 Metaspace       used 4633K, committed 4864K, reserved 1114112K
  class space    used 590K, committed 704K, reserved 1048576K
}
Event: 1.445 GC heap before
{Heap before GC invocations=1 (full 0):
 garbage-first heap   total reserved 4159488K, committed 260096K, used 14592K [0x0000000702200000, 0x0000000800000000)
  region size 2048K, 6 young (12288K), 1 survivors (2048K)
 Metaspace       used 9376K, committed 9536K, reserved 1114112K
  class space    used 1079K, committed 1152K, reserved 1048576K
}
Event: 1.450 GC heap after
{Heap after GC invocations=2 (full 0):
 garbage-first heap   total reserved 4159488K, committed 260096K, used 8160K [0x0000000702200000, 0x0000000800000000)
  region size 2048K, 1 young (2048K), 1 survivors (2048K)
 Metaspace       used 9376K, committed 9536K, reserved 1114112K
  class space    used 1079K, committed 1152K, reserved 1048576K
}
Event: 1.792 GC heap before
{Heap before GC invocations=2 (full 0):
 garbage-first heap   total reserved 4159488K, committed 260096K, used 32736K [0x0000000702200000, 0x0000000800000000)
  region size 2048K, 14 young (28672K), 1 survivors (2048K)
 Metaspace       used 10045K, committed 10240K, reserved 1114112K
  class space    used 1144K, committed 1216K, reserved 1048576K
}
Event: 1.804 GC heap after
{Heap after GC invocations=3 (full 0):
 garbage-first heap   total reserved 4159488K, committed 260096K, used 15021K [0x0000000702200000, 0x0000000800000000)
  region size 2048K, 2 young (4096K), 2 survivors (4096K)
 Metaspace       used 10045K, committed 10240K, reserved 1114112K
  class space    used 1144K, committed 1216K, reserved 1048576K
}
Event: 1.927 GC heap before
{Heap before GC invocations=3 (full 0):
 garbage-first heap   total reserved 4159488K, committed 260096K, used 33453K [0x0000000702200000, 0x0000000800000000)
  region size 2048K, 11 young (22528K), 2 survivors (4096K)
 Metaspace       used 10167K, committed 10304K, reserved 1114112K
  class space    used 1154K, committed 1216K, reserved 1048576K
}
Event: 1.940 GC heap after
{Heap after GC invocations=4 (full 0):
 garbage-first heap   total reserved 4159488K, committed 260096K, used 19860K [0x0000000702200000, 0x0000000800000000)
  region size 2048K, 2 young (4096K), 2 survivors (4096K)
 Metaspace       used 10167K, committed 10304K, reserved 1114112K
  class space    used 1154K, committed 1216K, reserved 1048576K
}
Event: 2.094 GC heap before
{Heap before GC invocations=4 (full 0):
 garbage-first heap   total reserved 4159488K, committed 260096K, used 52628K [0x0000000702200000, 0x0000000800000000)
  region size 2048K, 17 young (34816K), 2 survivors (4096K)
 Metaspace       used 10170K, committed 10304K, reserved 1114112K
  class space    used 1154K, committed 1216K, reserved 1048576K
}
Event: 2.111 GC heap after
{Heap after GC invocations=5 (full 0):
 garbage-first heap   total reserved 4159488K, committed 260096K, used 29761K [0x0000000702200000, 0x0000000800000000)
  region size 2048K, 3 young (6144K), 3 survivors (6144K)
 Metaspace       used 10170K, committed 10304K, reserved 1114112K
  class space    used 1154K, committed 1216K, reserved 1048576K
}
Event: 2.229 GC heap before
{Heap before GC invocations=5 (full 0):
 garbage-first heap   total reserved 4159488K, committed 260096K, used 58433K [0x0000000702200000, 0x0000000800000000)
  region size 2048K, 17 young (34816K), 3 survivors (6144K)
 Metaspace       used 10177K, committed 10304K, reserved 1114112K
  class space    used 1155K, committed 1216K, reserved 1048576K
}
Event: 2.250 GC heap after
{Heap after GC invocations=6 (full 0):
 garbage-first heap   total reserved 4159488K, committed 260096K, used 39421K [0x0000000702200000, 0x0000000800000000)
  region size 2048K, 3 young (6144K), 3 survivors (6144K)
 Metaspace       used 10177K, committed 10304K, reserved 1114112K
  class space    used 1155K, committed 1216K, reserved 1048576K
}
Event: 2.359 GC heap before
{Heap before GC invocations=6 (full 0):
 garbage-first heap   total reserved 4159488K, committed 260096K, used 59901K [0x0000000702200000, 0x0000000800000000)
  region size 2048K, 11 young (22528K), 3 survivors (6144K)
 Metaspace       used 10182K, committed 10304K, reserved 1114112K
  class space    used 1155K, committed 1216K, reserved 1048576K
}

Dll operation events (7 events):
Event: 0.016 Loaded shared library C:\Program Files\Java\jdk-22\bin\java.dll
Event: 0.062 Loaded shared library C:\Program Files\Java\jdk-22\bin\jsvml.dll
Event: 0.100 Loaded shared library C:\Program Files\Java\jdk-22\bin\net.dll
Event: 0.104 Loaded shared library C:\Program Files\Java\jdk-22\bin\nio.dll
Event: 0.110 Loaded shared library C:\Program Files\Java\jdk-22\bin\zip.dll
Event: 0.131 Loaded shared library C:\Program Files\Java\jdk-22\bin\jimage.dll
Event: 1.215 Loaded shared library C:\Program Files\Java\jdk-22\bin\verify.dll

Deoptimization events (20 events):
Event: 2.143 Thread 0x000002327baaefe0 DEOPT PACKING pc=0x00000232084a89c9 sp=0x0000007c2ddfde60
Event: 2.143 Thread 0x000002327baaefe0 DEOPT UNPACKING pc=0x000002320f804e42 sp=0x0000007c2ddfd2d0 mode 0
Event: 2.146 Thread 0x000002327baaefe0 DEOPT PACKING pc=0x00000232084a89c9 sp=0x0000007c2ddfde60
Event: 2.147 Thread 0x000002327baaefe0 DEOPT UNPACKING pc=0x000002320f804e42 sp=0x0000007c2ddfd2d0 mode 0
Event: 2.148 Thread 0x000002327baaefe0 DEOPT PACKING pc=0x00000232084a89c9 sp=0x0000007c2ddfde60
Event: 2.148 Thread 0x000002327baaefe0 DEOPT UNPACKING pc=0x000002320f804e42 sp=0x0000007c2ddfd2d0 mode 0
Event: 2.224 Thread 0x000002327baaefe0 Uncommon trap: trap_request=0xffffff45 fr.pc=0x000002320fdd3b58 relative=0x0000000000000298
Event: 2.224 Thread 0x000002327baaefe0 Uncommon trap: reason=unstable_if action=reinterpret pc=0x000002320fdd3b58 method=java.lang.String.startsWith(Ljava/lang/String;I)Z @ 116 c2
Event: 2.224 Thread 0x000002327baaefe0 DEOPT PACKING pc=0x000002320fdd3b58 sp=0x0000007c2ddfe460
Event: 2.224 Thread 0x000002327baaefe0 DEOPT UNPACKING pc=0x000002320f8046a2 sp=0x0000007c2ddfe3e8 mode 2
Event: 2.304 Thread 0x000002327baaefe0 Uncommon trap: trap_request=0xffffff45 fr.pc=0x000002320fdc95e8 relative=0x0000000000000b28
Event: 2.304 Thread 0x000002327baaefe0 Uncommon trap: reason=unstable_if action=reinterpret pc=0x000002320fdc95e8 method=java.lang.Character.isHighSurrogate(C)Z @ 3 c2
Event: 2.304 Thread 0x000002327baaefe0 DEOPT PACKING pc=0x000002320fdc95e8 sp=0x0000007c2ddfe280
Event: 2.304 Thread 0x000002327baaefe0 DEOPT UNPACKING pc=0x000002320f8046a2 sp=0x0000007c2ddfe148 mode 2
Event: 2.305 Thread 0x000002327baaefe0 Uncommon trap: trap_request=0xffffff45 fr.pc=0x000002320fe0a390 relative=0x0000000000000170
Event: 2.305 Thread 0x000002327baaefe0 Uncommon trap: reason=unstable_if action=reinterpret pc=0x000002320fe0a390 method=java.lang.Character.isLowSurrogate(C)Z @ 3 c2
Event: 2.305 Thread 0x000002327baaefe0 DEOPT PACKING pc=0x000002320fe0a390 sp=0x0000007c2ddfe230
Event: 2.305 Thread 0x000002327baaefe0 DEOPT UNPACKING pc=0x000002320f8046a2 sp=0x0000007c2ddfe158 mode 2
Event: 2.315 Thread 0x000002327baaefe0 DEOPT PACKING pc=0x00000232082996d0 sp=0x0000007c2ddfe310
Event: 2.315 Thread 0x000002327baaefe0 DEOPT UNPACKING pc=0x000002320f804e42 sp=0x0000007c2ddfd778 mode 0

Classes loaded (20 events):
Event: 1.856 Loading class sun/text/resources/BreakIteratorResources
Event: 1.856 Loading class sun/util/resources/BreakIteratorResourceBundle
Event: 1.857 Loading class sun/util/resources/BreakIteratorResourceBundle done
Event: 1.857 Loading class sun/text/resources/BreakIteratorResources done
Event: 1.857 Loading class sun/text/resources/BreakIteratorResources_en
Event: 1.857 Loading class sun/text/resources/BreakIteratorResources_en done
Event: 1.857 Loading class sun/text/resources/BreakIteratorResources_en_US
Event: 1.857 Loading class sun/text/resources/BreakIteratorResources_en_US done
Event: 1.859 Loading class sun/text/RuleBasedBreakIterator
Event: 1.859 Loading class sun/text/RuleBasedBreakIterator done
Event: 1.860 Loading class sun/text/CompactByteArray
Event: 1.860 Loading class sun/text/CompactByteArray done
Event: 1.861 Loading class sun/text/SupplementaryCharacterData
Event: 1.861 Loading class sun/text/SupplementaryCharacterData done
Event: 1.861 Loading class java/text/BreakIterator$BreakIteratorCache
Event: 1.861 Loading class java/text/BreakIterator$BreakIteratorCache done
Event: 1.861 Loading class java/text/StringCharacterIterator
Event: 1.862 Loading class java/text/CharacterIterator
Event: 1.862 Loading class java/text/CharacterIterator done
Event: 1.862 Loading class java/text/StringCharacterIterator done

Classes unloaded (0 events):
No events

Classes redefined (0 events):
No events

Internal exceptions (11 events):
Event: 0.482 Thread 0x000002327baaefe0 Exception <a 'java/lang/ClassNotFoundException'{0x000000071167e4e8}: javax/smartcardio/CardPermission> (0x000000071167e4e8) 
thrown [s\open\src\hotspot\share\classfile\systemDictionary.cpp, line 313]
Event: 0.490 Thread 0x000002327baaefe0 Exception <a 'java/io/FileNotFoundException'{0x000000071168c3f0}> (0x000000071168c3f0) 
thrown [s\open\src\hotspot\share\prims\jni.cpp, line 520]
Event: 0.546 Thread 0x000002327baaefe0 Exception <a 'java/lang/NoSuchMethodError'{0x0000000711720560}: 'void java.lang.invoke.DirectMethodHandle$Holder.invokeStatic(java.lang.Object, java.lang.Object, java.lang.Object)'> (0x0000000711720560) 
thrown [s\open\src\hotspot\share\interpreter\linkResolver.cpp, line 774]
Event: 0.563 Thread 0x000002327baaefe0 Exception <a 'java/lang/NoSuchMethodError'{0x00000007117474c8}: 'java.lang.Object java.lang.invoke.DirectMethodHandle$Holder.invokeInterface(java.lang.Object, java.lang.Object)'> (0x00000007117474c8) 
thrown [s\open\src\hotspot\share\interpreter\linkResolver.cpp, line 774]
Event: 0.701 Thread 0x000002327baaefe0 Exception <a 'java/lang/NoSuchMethodError'{0x0000000711499b58}: 'void java.lang.invoke.DirectMethodHandle$Holder.invokeSpecialIFC(java.lang.Object, java.lang.Object, java.lang.Object, java.lang.Object, java.lang.Object)'> (0x0000000711499b58) 
thrown [s\open\src\hotspot\share\interpreter\linkResolver.cpp, line 774]
Event: 0.705 Thread 0x000002327baaefe0 Exception <a 'java/lang/NoSuchMethodError'{0x00000007114a1d68}: 'void java.lang.invoke.DirectMethodHandle$Holder.invokeStatic(java.lang.Object, java.lang.Object, java.lang.Object, java.lang.Object)'> (0x00000007114a1d68) 
thrown [s\open\src\hotspot\share\interpreter\linkResolver.cpp, line 774]
Event: 0.707 Thread 0x000002327baaefe0 Exception <a 'java/lang/NoSuchMethodError'{0x00000007114aa478}: 'int java.lang.invoke.DirectMethodHandle$Holder.invokeSpecial(java.lang.Object, java.lang.Object, java.lang.Object)'> (0x00000007114aa478) 
thrown [s\open\src\hotspot\share\interpreter\linkResolver.cpp, line 774]
Event: 0.741 Thread 0x000002327baaefe0 Exception <a 'java/lang/NoSuchMethodError'{0x000000071154c320}: 'java.lang.Object java.lang.invoke.DirectMethodHandle$Holder.invokeStaticInit(java.lang.Object, java.lang.Object, java.lang.Object)'> (0x000000071154c320) 
thrown [s\open\src\hotspot\share\interpreter\linkResolver.cpp, line 774]
Event: 1.234 Thread 0x000002327baaefe0 Exception <a 'java/lang/NoClassDefFoundError'{0x00000007118a2200}: org/apache/log4j/Priority> (0x00000007118a2200) 
thrown [s\open\src\hotspot\share\classfile\systemDictionary.cpp, line 302]
Event: 1.284 Thread 0x000002327baaefe0 Exception <a 'java/lang/ClassNotFoundException'{0x000000071192fd68}: com/sun/org/apache/xerces/internal/impl/xpath/regex/spi/messageProvider> (0x000000071192fd68) 
thrown [s\open\src\hotspot\share\classfile\systemDictionary.cpp, line 313]
Event: 1.561 Thread 0x000002327baaefe0 Exception <a 'java/lang/IncompatibleClassChangeError'{0x0000000711c0e208}: Found class java.lang.Object, but interface was expected> (0x0000000711c0e208) 
thrown [s\open\src\hotspot\share\interpreter\linkResolver.cpp, line 841]

ZGC Phase Switch (0 events):
No events

VM Operations (20 events):
Event: 0.929 Executing VM operation: G1CollectForAllocation (G1 Evacuation Pause) done
Event: 1.172 Executing VM operation: ThreadDump
Event: 1.172 Executing VM operation: ThreadDump done
Event: 1.322 Executing VM operation: HandshakeAllThreads (Deoptimize)
Event: 1.322 Executing VM operation: HandshakeAllThreads (Deoptimize) done
Event: 1.328 Executing VM operation: HandshakeAllThreads (Deoptimize)
Event: 1.328 Executing VM operation: HandshakeAllThreads (Deoptimize) done
Event: 1.445 Executing VM operation: G1CollectForAllocation (G1 Evacuation Pause)
Event: 1.450 Executing VM operation: G1CollectForAllocation (G1 Evacuation Pause) done
Event: 1.792 Executing VM operation: G1CollectForAllocation (G1 Evacuation Pause)
Event: 1.804 Executing VM operation: G1CollectForAllocation (G1 Evacuation Pause) done
Event: 1.927 Executing VM operation: G1CollectForAllocation (G1 Evacuation Pause)
Event: 1.940 Executing VM operation: G1CollectForAllocation (G1 Evacuation Pause) done
Event: 2.094 Executing VM operation: G1CollectForAllocation (G1 Evacuation Pause)
Event: 2.111 Executing VM operation: G1CollectForAllocation (G1 Evacuation Pause) done
Event: 2.172 Executing VM operation: ThreadDump
Event: 2.172 Executing VM operation: ThreadDump done
Event: 2.229 Executing VM operation: G1CollectForAllocation (G1 Evacuation Pause)
Event: 2.250 Executing VM operation: G1CollectForAllocation (G1 Evacuation Pause) done
Event: 2.359 Executing VM operation: G1CollectForAllocation (G1 Evacuation Pause)

Events (16 events):
Event: 0.038 Thread 0x000002327baaefe0 Thread added: 0x000002327baaefe0
Event: 0.059 Thread 0x000002327f1fcf80 Thread added: 0x000002327f1fcf80
Event: 0.059 Thread 0x000002327f1fe120 Thread added: 0x000002327f1fe120
Event: 0.059 Thread 0x000002327f2025a0 Thread added: 0x000002327f2025a0
Event: 0.059 Thread 0x000002327f205010 Thread added: 0x000002327f205010
Event: 0.060 Thread 0x000002327f207d00 Thread added: 0x000002327f207d00
Event: 0.060 Thread 0x000002327f208b90 Thread added: 0x000002327f208b90
Event: 0.060 Thread 0x000002327f20a1b0 Thread added: 0x000002327f20a1b0
Event: 0.060 Thread 0x000002327f218740 Thread added: 0x000002327f218740
Event: 0.093 Thread 0x000002321d44e640 Thread added: 0x000002321d44e640
Event: 0.096 Thread 0x000002321d454930 Thread added: 0x000002321d454930
Event: 0.930 Thread 0x000002326337b530 Thread added: 0x000002326337b530
Event: 1.171 Thread 0x00000232633f0ac0 Thread added: 0x00000232633f0ac0
Event: 1.180 Thread 0x00000232632cdca0 Thread added: 0x00000232632cdca0
Event: 1.317 Thread 0x000002326337b530 Thread exited: 0x000002326337b530
Event: 1.615 Thread 0x0000023263503d20 Thread added: 0x0000023263503d20


Dynamic libraries:
0x00007ff604ef0000 - 0x00007ff604f00000 	C:\Program Files\Java\jdk-22\bin\java.exe
0x00007ffef56b0000 - 0x00007ffef58a8000 	C:\Windows\SYSTEM32\ntdll.dll
0x00007ffecc770000 - 0x00007ffecc789000 	C:\Program Files\AVG\Antivirus\aswhook.dll
0x00007ffef4640000 - 0x00007ffef46fd000 	C:\Windows\System32\KERNEL32.DLL
0x00007ffef3050000 - 0x00007ffef3346000 	C:\Windows\System32\KERNELBASE.dll
0x00007ffef2e70000 - 0x00007ffef2f70000 	C:\Windows\System32\ucrtbase.dll
0x00007ffecb230000 - 0x00007ffecb247000 	C:\Program Files\Java\jdk-22\bin\jli.dll
0x00007ffecae00000 - 0x00007ffecae1b000 	C:\Program Files\Java\jdk-22\bin\VCRUNTIME140.dll
0x00007ffef3c20000 - 0x00007ffef3cd0000 	C:\Windows\System32\ADVAPI32.dll
0x00007ffef3d80000 - 0x00007ffef3e1e000 	C:\Windows\System32\msvcrt.dll
0x00007ffef55d0000 - 0x00007ffef5670000 	C:\Windows\System32\sechost.dll
0x00007ffef4040000 - 0x00007ffef4163000 	C:\Windows\System32\RPCRT4.dll
0x00007ffef2f70000 - 0x00007ffef2f97000 	C:\Windows\System32\bcrypt.dll
0x00007ffef3a20000 - 0x00007ffef3bbf000 	C:\Windows\System32\USER32.dll
0x00007ffef34b0000 - 0x00007ffef34d2000 	C:\Windows\System32\win32u.dll
0x00007ffef4b30000 - 0x00007ffef4b5b000 	C:\Windows\System32\GDI32.dll
0x00007ffef34e0000 - 0x00007ffef35f7000 	C:\Windows\System32\gdi32full.dll
0x00007ffef3600000 - 0x00007ffef369d000 	C:\Windows\System32\msvcp_win.dll
0x00007ffee0140000 - 0x00007ffee03da000 	C:\Windows\WinSxS\amd64_microsoft.windows.common-controls_6595b64144ccf1df_6.0.19041.4355_none_60b8b9eb71f62e16\COMCTL32.dll
0x00007ffeeca30000 - 0x00007ffeeca3a000 	C:\Windows\SYSTEM32\VERSION.dll
0x00007ffef4b60000 - 0x00007ffef4b8f000 	C:\Windows\System32\IMM32.DLL
0x00007ffed9320000 - 0x00007ffed932c000 	C:\Program Files\Java\jdk-22\bin\vcruntime140_1.dll
0x00007ffec5380000 - 0x00007ffec540e000 	C:\Program Files\Java\jdk-22\bin\msvcp140.dll
0x00007ffea84f0000 - 0x00007ffea9238000 	C:\Program Files\Java\jdk-22\bin\server\jvm.dll
0x00007ffef3f60000 - 0x00007ffef3fcb000 	C:\Windows\System32\WS2_32.dll
0x00007ffef2bc0000 - 0x00007ffef2c0b000 	C:\Windows\SYSTEM32\POWRPROF.dll
0x00007ffedca70000 - 0x00007ffedca97000 	C:\Windows\SYSTEM32\WINMM.dll
0x00007ffef2ba0000 - 0x00007ffef2bb2000 	C:\Windows\SYSTEM32\UMPDC.dll
0x00007ffef1540000 - 0x00007ffef1552000 	C:\Windows\SYSTEM32\kernel.appcore.dll
0x00007ffed9190000 - 0x00007ffed919a000 	C:\Program Files\Java\jdk-22\bin\jimage.dll
0x00007ffef0a90000 - 0x00007ffef0c74000 	C:\Windows\SYSTEM32\DBGHELP.DLL
0x00007ffee3b40000 - 0x00007ffee3b74000 	C:\Windows\SYSTEM32\dbgcore.DLL
0x00007ffef2d70000 - 0x00007ffef2df2000 	C:\Windows\System32\bcryptPrimitives.dll
0x00007ffecade0000 - 0x00007ffecadfe000 	C:\Program Files\Java\jdk-22\bin\java.dll
0x00007ffef4cb0000 - 0x00007ffef541c000 	C:\Windows\System32\SHELL32.dll
0x00007ffef3e20000 - 0x00007ffef3f4b000 	C:\Windows\System32\ole32.dll
0x00007ffef47d0000 - 0x00007ffef4b23000 	C:\Windows\System32\combase.dll
0x00007ffef0c80000 - 0x00007ffef141d000 	C:\Windows\SYSTEM32\windows.storage.dll
0x00007ffef25e0000 - 0x00007ffef260e000 	C:\Windows\SYSTEM32\Wldp.dll
0x00007ffef4700000 - 0x00007ffef47cd000 	C:\Windows\System32\OLEAUT32.dll
0x00007ffef3cd0000 - 0x00007ffef3d7d000 	C:\Windows\System32\SHCORE.dll
0x00007ffef3bc0000 - 0x00007ffef3c15000 	C:\Windows\System32\shlwapi.dll
0x00007ffef2ca0000 - 0x00007ffef2cc4000 	C:\Windows\SYSTEM32\profapi.dll
0x00007ffec2f50000 - 0x00007ffec3027000 	C:\Program Files\Java\jdk-22\bin\jsvml.dll
0x00007ffed8fe0000 - 0x00007ffed8ff0000 	C:\Program Files\Java\jdk-22\bin\net.dll
0x00007ffef23c0000 - 0x00007ffef242a000 	C:\Windows\system32\mswsock.dll
0x00007ffecadc0000 - 0x00007ffecadd6000 	C:\Program Files\Java\jdk-22\bin\nio.dll
0x00007ffecac50000 - 0x00007ffecac67000 	C:\Program Files\Java\jdk-22\bin\zip.dll
0x00007ffecc6e0000 - 0x00007ffecc6f0000 	C:\Program Files\Java\jdk-22\bin\verify.dll

dbghelp: loaded successfully - version: 4.0.5 - missing functions: none
symbol engine: initialized successfully - sym options: 0x614 - pdb path: .;C:\Program Files\Java\jdk-22\bin;C:\Windows\SYSTEM32;C:\Program Files\AVG\Antivirus;C:\Windows\WinSxS\amd64_microsoft.windows.common-controls_6595b64144ccf1df_6.0.19041.4355_none_60b8b9eb71f62e16;C:\Program Files\Java\jdk-22\bin\server

VM Arguments:
java_command: org.languagetool.server.HTTPServer -p 8084
java_class_path (initial): C:\Users\elmohandes\.cache\language_tool_python\LanguageTool-6.4\languagetool-server.jar
Launcher Type: SUN_STANDARD

[Global flags]
     intx CICompilerCount                          = 3                                         {product} {ergonomic}
     uint ConcGCThreads                            = 1                                         {product} {ergonomic}
     uint G1ConcRefinementThreads                  = 4                                         {product} {ergonomic}
   size_t G1HeapRegionSize                         = 2097152                                   {product} {ergonomic}
   size_t InitialHeapSize                          = 266338304                                 {product} {ergonomic}
   size_t MarkStackSize                            = 4194304                                   {product} {ergonomic}
   size_t MaxHeapSize                              = 4259315712                                {product} {ergonomic}
   size_t MaxNewSize                               = 2554331136                                {product} {ergonomic}
   size_t MinHeapDeltaBytes                        = 2097152                                   {product} {ergonomic}
   size_t MinHeapSize                              = 8388608                                   {product} {ergonomic}
    uintx NonNMethodCodeHeapSize                   = 5832780                                {pd product} {ergonomic}
    uintx NonProfiledCodeHeapSize                  = 122912730                              {pd product} {ergonomic}
    uintx ProfiledCodeHeapSize                     = 122912730                              {pd product} {ergonomic}
    uintx ReservedCodeCacheSize                    = 251658240                              {pd product} {ergonomic}
     bool SegmentedCodeCache                       = true                                      {product} {ergonomic}
   size_t SoftMaxHeapSize                          = 4259315712                             {manageable} {ergonomic}
     bool UseCompressedOops                        = true                           {product lp64_product} {ergonomic}
     bool UseG1GC                                  = true                                      {product} {ergonomic}
     bool UseLargePagesIndividualAllocation        = false                                  {pd product} {ergonomic}

Logging:
Log output configuration:
 #0: stdout all=warning uptime,level,tags foldmultilines=false
 #1: stderr all=off uptime,level,tags foldmultilines=false

Environment Variables:
PATH=C:\Program Files\Common Files\Oracle\Java\javapath;C:\Windows\system32;C:\Windows;C:\Windows\System32\Wbem;C:\Windows\System32\WindowsPowerShell\v1.0\;C:\Windows\System32\OpenSSH\;C:\Program Files\Git\cmd;C:\Program Files\nodejs\;D:\xampp\php;C:\ProgramData\ComposerSetup\bin;C:\msys64\mingw64\bin;C:\Program Files\dotnet\;C:\Users\ayiah\AppData\Roaming\Composer\vendor\bin;C:\Program Files\Docker\Docker\resources\bin;C:\Users\elmohandes\AppData\Local\Programs\Python\Python312;C:\Program Files\Common Files\Oracle\Java\javapath;C:\Windows\system32;C:\Windows;C:\Windows\System32\Wbem;C:\Windows\System32\WindowsPowerShell\v1.0\;C:\Windows\System32\OpenSSH\;C:\Program Files\Git\cmd;C:\Program Files\nodejs\;D:\xampp\php;C:\ProgramData\ComposerSetup\bin;C:\msys64\mingw64\bin;C:\Program Files\dotnet\;C:\Users\ayiah\AppData\Roaming\Composer\vendor\bin;C:\Program Files\Docker\Docker\resources\bin;C:\Users\elmohandes\AppData\Local\Programs\Python\Python312;C:\Users\elmohandes\AppData\Local\Programs\Python\Python312\Scripts\;C:\Users\elmohandes\AppData\Local\Programs\Python\Python312\;C:\Users\elmohandes\AppData\Local\Programs\Python\Launcher\;C:\Users\elmohandes\AppData\Local\Microsoft\WindowsApps;C:\Users\elmohandes\AppData\Local\GitHubDesktop\bin;C:\Users\elmohandes\AppData\Roaming\npm;C:\Users\elmohandes\AppData\Roaming\Composer\vendor\bin;C:\Users\elmohandes\AppData\Local\Programs\Microsoft VS Code\bin;C:\Users\elmohandes\.dotnet\tools;C:\Users\elmohandes\AppData\Local\Programs\Python\Py;C:\Program Files\JetBrains\PyCharm 2024.1.3\bin;;D:\ayma fashion\backend\node_modules\.bin
USERNAME=elmohandes
OS=Windows_NT
PROCESSOR_IDENTIFIER=Intel64 Family 6 Model 142 Stepping 9, GenuineIntel
TMP=C:\Users\ELMOHA~1\AppData\Local\Temp
TEMP=C:\Users\ELMOHA~1\AppData\Local\Temp




Periodic native trim disabled

---------------  S Y S T E M  ---------------

OS:
 Windows 10 , 64 bit Build 19041 (10.0.19041.3636)
OS uptime: 0 days 4:24 hours
Hyper-V role detected

CPU: total 4 (initial active 4) (2 cores per cpu, 2 threads per core) family 6 model 142 stepping 9 microcode 0xea, cx8, cmov, fxsr, ht, mmx, 3dnowpref, sse, sse2, sse3, ssse3, sse4.1, sse4.2, popcnt, lzcnt, tsc, tscinvbit, avx, avx2, aes, erms, clmul, bmi1, bmi2, rtm, adx, fma, vzeroupper, clflush, clflushopt, hv, rdtscp, f16c
Processor Information for processor 0
  Max Mhz: 2701, Current Mhz: 1500, Mhz Limit: 2701
Processor Information for processor 1
  Max Mhz: 2701, Current Mhz: 1500, Mhz Limit: 2701
Processor Information for processor 2
  Max Mhz: 2701, Current Mhz: 2701, Mhz Limit: 2701
Processor Information for processor 3
  Max Mhz: 2701, Current Mhz: 1500, Mhz Limit: 2701

Memory: 4k page, system-wide physical 16245M (417M free)
TotalPageFile size 22544M (AvailPageFile size 62M)
current process WorkingSet (physical memory assigned to process): 157M, peak: 157M
current process commit charge ("private bytes"): 369M, peak: 623M

vm_info: Java HotSpot(TM) 64-Bit Server VM (22+36-2370) for windows-amd64 JRE (22+36-2370), built on 2024-02-15T22:15:19Z by "mach5one" with MS VC++ 17.6 (VS2022)

END.
