#
# There is insufficient memory for the Java Runtime Environment to continue.
# Native memory allocation (mmap) failed to map 499122176 bytes. Error detail: G1 virtual space
# Possible reasons:
#   The system is out of physical RAM or swap space
#   This process is running with CompressedOops enabled, and the Java Heap may be blocking the growth of the native heap
# Possible solutions:
#   Reduce memory load on the system
#   Increase physical memory or swap space
#   Check if swap backing store is full
#   Decrease Java heap size (-Xmx/-Xms)
#   Decrease number of Java threads
#   Decrease Java thread stack sizes (-Xss)
#   Set larger code cache with -XX:ReservedCodeCacheSize=
#   JVM is running with Zero Based Compressed Oops mode in which the Java heap is
#     placed in the first 32GB address space. The Java Heap base address is the
#     maximum limit for the native heap growth. Please use -XX:HeapBaseMinAddress
#     to set the Java Heap base and to place the Java Heap above 32GB virtual address.
# This output file may be truncated or incomplete.
#
#  Out of Memory Error (os_windows.cpp:3631), pid=10276, tid=8188
#
# JRE version: Java(TM) SE Runtime Environment (22.0+36) (build 22+36-2370)
# Java VM: Java HotSpot(TM) 64-Bit Server VM (22+36-2370, mixed mode, sharing, tiered, compressed oops, compressed class ptrs, g1 gc, windows-amd64)
# No core dump will be written. Minidumps are not enabled by default on client versions of Windows
#

---------------  S U M M A R Y ------------

Command Line: org.languagetool.server.HTTPServer -p 8084

Host: Intel(R) Core(TM) i5-7300U CPU @ 2.60GHz, 4 cores, 15G,  Windows 10 , 64 bit Build 19041 (10.0.19041.3636)
Time: Wed Jun 19 19:26:05 2024 Egypt Daylight Time elapsed time: 8.980994 seconds (0d 0h 0m 8s)

---------------  T H R E A D  ---------------

Current thread (0x000002967aba1080):  VMThread "VM Thread"          [id=8188, stack(0x000000a0b0600000,0x000000a0b0700000) (1024K)]

Stack: [0x000000a0b0600000,0x000000a0b0700000]
Native frames: (J=compiled Java code, j=interpreted, Vv=VM code, C=native code)
V  [jvm.dll+0x6e2349]  (no source info available)
V  [jvm.dll+0x874ed3]  (no source info available)
V  [jvm.dll+0x8772fe]  (no source info available)
V  [jvm.dll+0x8779d3]  (no source info available)
V  [jvm.dll+0x27fcb6]  (no source info available)
V  [jvm.dll+0x6de9e5]  (no source info available)
V  [jvm.dll+0x6d34ea]  (no source info available)
V  [jvm.dll+0x35892a]  (no source info available)
V  [jvm.dll+0x360e56]  (no source info available)
V  [jvm.dll+0x3b3d7e]  (no source info available)
V  [jvm.dll+0x3b4028]  (no source info available)
V  [jvm.dll+0x32c4ec]  (no source info available)
V  [jvm.dll+0x32c577]  (no source info available)
V  [jvm.dll+0x3721ec]  (no source info available)
V  [jvm.dll+0x3708e6]  (no source info available)
V  [jvm.dll+0x32bbd7]  (no source info available)
V  [jvm.dll+0x3700a4]  (no source info available)
V  [jvm.dll+0x87d870]  (no source info available)
V  [jvm.dll+0x87ebf7]  (no source info available)
V  [jvm.dll+0x87f170]  (no source info available)
V  [jvm.dll+0x87f413]  (no source info available)
V  [jvm.dll+0x81d50b]  (no source info available)
V  [jvm.dll+0x6e09e5]  (no source info available)
C  [ucrtbase.dll+0x21bb2]  (no source info available)
C  [KERNEL32.DLL+0x17344]  (no source info available)
C  [ntdll.dll+0x4cc91]  (no source info available)

VM_Operation (0x000000a0b1dfd130): G1CollectForAllocation, mode: safepoint, requested by thread 0x00000296461a1ff0


---------------  P R O C E S S  ---------------

Threads class SMR info:
_java_thread_list=0x00000296461ff150, length=21, elements={
0x000002967abbe840, 0x000002967abbf170, 0x000002967abc3fb0, 0x000002967abc7ac0,
0x000002967abc8540, 0x000002967abcc680, 0x000002967abd9050, 0x000002967abdd720,
0x00000296452332e0, 0x000002964523a5a0, 0x00000296454177d0, 0x0000029645f8d270,
0x0000029645f887f0, 0x000002964685eaa0, 0x0000029646237a40, 0x00000296462258c0,
0x000002965a2c0f10, 0x0000029645240c30, 0x00000296461a1960, 0x00000296461a12d0,
0x00000296461a1ff0
}

Java Threads: ( => current thread )
  0x000002967abbe840 JavaThread "Reference Handler"          daemon [_thread_blocked, id=18772, stack(0x000000a0b0700000,0x000000a0b0800000) (1024K)]
  0x000002967abbf170 JavaThread "Finalizer"                  daemon [_thread_blocked, id=13728, stack(0x000000a0b0800000,0x000000a0b0900000) (1024K)]
  0x000002967abc3fb0 JavaThread "Signal Dispatcher"          daemon [_thread_blocked, id=20116, stack(0x000000a0b0900000,0x000000a0b0a00000) (1024K)]
  0x000002967abc7ac0 JavaThread "Attach Listener"            daemon [_thread_blocked, id=18956, stack(0x000000a0b0a00000,0x000000a0b0b00000) (1024K)]
  0x000002967abc8540 JavaThread "Service Thread"             daemon [_thread_blocked, id=2168, stack(0x000000a0b0b00000,0x000000a0b0c00000) (1024K)]
  0x000002967abcc680 JavaThread "Monitor Deflation Thread"   daemon [_thread_blocked, id=7584, stack(0x000000a0b0c00000,0x000000a0b0d00000) (1024K)]
  0x000002967abd9050 JavaThread "C2 CompilerThread0"         daemon [_thread_blocked, id=16296, stack(0x000000a0b0d00000,0x000000a0b0e00000) (1024K)]
  0x000002967abdd720 JavaThread "C1 CompilerThread0"         daemon [_thread_blocked, id=21888, stack(0x000000a0b0e00000,0x000000a0b0f00000) (1024K)]
  0x00000296452332e0 JavaThread "Notification Thread"        daemon [_thread_blocked, id=14252, stack(0x000000a0b0f00000,0x000000a0b1000000) (1024K)]
  0x000002964523a5a0 JavaThread "Common-Cleaner"             daemon [_thread_blocked, id=17456, stack(0x000000a0b1000000,0x000000a0b1100000) (1024K)]
  0x00000296454177d0 JavaThread "C2 CompilerThread1"         daemon [_thread_blocked, id=22476, stack(0x000000a0b1100000,0x000000a0b1200000) (1024K)]
  0x0000029645f8d270 JavaThread "LtThreadPoolMonitor"        daemon [_thread_blocked, id=4860, stack(0x000000a0b1500000,0x000000a0b1600000) (1024K)]
  0x0000029645f887f0 JavaThread "LtThreadPoolExecutorMonitor" daemon [_thread_blocked, id=10044, stack(0x000000a0b1600000,0x000000a0b1700000) (1024K)]
  0x000002964685eaa0 JavaThread "LtThreadPoolExecutorMonitor" daemon [_thread_blocked, id=16100, stack(0x000000a0b1700000,0x000000a0b1800000) (1024K)]
  0x0000029646237a40 JavaThread "idle-timeout-task"          daemon [_thread_blocked, id=264, stack(0x000000a0b1800000,0x000000a0b1900000) (1024K)]
  0x00000296462258c0 JavaThread "HTTP-Dispatcher"                   [_thread_in_native, id=21804, stack(0x000000a0b1900000,0x000000a0b1a00000) (1024K)]
  0x000002965a2c0f10 JavaThread "DestroyJavaVM"                     [_thread_blocked, id=19688, stack(0x000000a0aff00000,0x000000a0b0000000) (1024K)]
  0x0000029645240c30 JavaThread "lt-server-thread-0"                [_thread_blocked, id=3012, stack(0x000000a0b1a00000,0x000000a0b1b00000) (1024K)]
  0x00000296461a1960 JavaThread "lt-server-thread-1"                [_thread_blocked, id=18868, stack(0x000000a0b1b00000,0x000000a0b1c00000) (1024K)]
  0x00000296461a12d0 JavaThread "lt-server-thread-2"                [_thread_blocked, id=10168, stack(0x000000a0b1c00000,0x000000a0b1d00000) (1024K)]
  0x00000296461a1ff0 JavaThread "lt-text-checker-thread-0"          [_thread_blocked, id=7828, stack(0x000000a0b1d00000,0x000000a0b1e00000) (1024K)]
Total: 21

Other Threads:
=>0x000002967aba1080 VMThread "VM Thread"                           [id=8188, stack(0x000000a0b0600000,0x000000a0b0700000) (1024K)]
  0x000002967ab89450 WatcherThread "VM Periodic Task Thread"        [id=10480, stack(0x000000a0b0500000,0x000000a0b0600000) (1024K)]
  0x000002965c49b840 WorkerThread "GC Thread#0"                     [id=9300, stack(0x000000a0b0000000,0x000000a0b0100000) (1024K)]
  0x0000029645a08410 WorkerThread "GC Thread#1"                     [id=21924, stack(0x000000a0b1200000,0x000000a0b1300000) (1024K)]
  0x0000029645a087c0 WorkerThread "GC Thread#2"                     [id=18316, stack(0x000000a0b1300000,0x000000a0b1400000) (1024K)]
  0x0000029645a08b70 WorkerThread "GC Thread#3"                     [id=16968, stack(0x000000a0b1400000,0x000000a0b1500000) (1024K)]
  0x000002965c4ad090 ConcurrentGCThread "G1 Main Marker"            [id=3724, stack(0x000000a0b0100000,0x000000a0b0200000) (1024K)]
  0x000002965c4ae340 WorkerThread "G1 Conc#0"                       [id=18596, stack(0x000000a0b0200000,0x000000a0b0300000) (1024K)]
  0x000002967aa59510 ConcurrentGCThread "G1 Refine#0"               [id=5372, stack(0x000000a0b0300000,0x000000a0b0400000) (1024K)]
  0x000002967aa59f30 ConcurrentGCThread "G1 Service"                [id=14352, stack(0x000000a0b0400000,0x000000a0b0500000) (1024K)]
Total: 10

Threads with active compile tasks:
C2 CompilerThread0  9168 3862       4       opennlp.tools.dictionary.serializer.DictionaryEntryPersistor$DictionaryContenthandler::startElement (189 bytes)
C2 CompilerThread1  9168 3855       4       com.sun.org.apache.xerces.internal.impl.XMLNSDocumentScannerImpl::scanStartElement (1031 bytes)
Total: 2

VM state: at safepoint (normal execution)

VM Mutex/Monitor currently owned by a thread:  ([mutex/lock_event])
[0x00007ffea915cbc8] Threads_lock - owner thread: 0x000002967aba1080
[0x00007ffea915ccc8] Heap_lock - owner thread: 0x00000296461a1ff0

Heap address: 0x0000000702200000, size: 4062 MB, Compressed Oops mode: Zero based, Oop shift amount: 3

CDS archive(s) mapped at: [0x0000029600000000-0x0000029600c60000-0x0000029600c60000), size 12976128, SharedBaseAddress: 0x0000029600000000, ArchiveRelocationMode: 1.
Compressed class space mapped at: 0x0000029601000000-0x0000029641000000, reserved size: 1073741824
Narrow klass base: 0x0000029600000000, Narrow klass shift: 0, Narrow klass range: 0x41000000

GC Precious Log:
 CardTable entry size: 512
 Card Set container configuration: InlinePtr #cards 4 size 8 Array Of Cards #cards 16 size 48 Howl #buckets 8 coarsen threshold 3686 Howl Bitmap #cards 512 size 80 coarsen threshold 460 Card regions per heap region 1 cards per card region 4096
 CPUs: 4 total, 4 available
 Memory: 16245M
 Large Page Support: Disabled
 NUMA Support: Disabled
 Compressed Oops: Enabled (Zero based)
 Heap Region Size: 2M
 Heap Min Capacity: 8M
 Heap Initial Capacity: 254M
 Heap Max Capacity: 4062M
 Pre-touch: Disabled
 Parallel Workers: 4
 Concurrent Workers: 1
 Concurrent Refinement Workers: 4
 Periodic GC: Disabled

Heap:
 garbage-first heap   total reserved 4159488K, committed 487424K, used 121856K [0x0000000702200000, 0x0000000800000000)
  region size 2048K, 7 young (14336K), 7 survivors (14336K)
 Metaspace       used 18038K, committed 18304K, reserved 1114112K
  class space    used 2017K, committed 2112K, reserved 1048576K

Heap Regions: E=young(eden), S=young(survivor), O=old, HS=humongous(starts), HC=humongous(continues), CS=collection set, F=free, TAMS=top-at-mark-start, PB=parsable bottom
|   0|0x0000000702200000, 0x0000000702400000, 0x0000000702400000|100%| O|  |TAMS 0x0000000702200000| PB 0x0000000702200000| Untracked |  0
|   1|0x0000000702400000, 0x0000000702600000, 0x0000000702600000|100%| O|  |TAMS 0x0000000702400000| PB 0x0000000702400000| Untracked |  0
|   2|0x0000000702600000, 0x0000000702800000, 0x0000000702800000|100%| O|  |TAMS 0x0000000702600000| PB 0x0000000702600000| Untracked |  0
|   3|0x0000000702800000, 0x0000000702a00000, 0x0000000702a00000|100%| O|  |TAMS 0x0000000702800000| PB 0x0000000702800000| Untracked |  0
|   4|0x0000000702a00000, 0x0000000702c00000, 0x0000000702c00000|100%| O|  |TAMS 0x0000000702a00000| PB 0x0000000702a00000| Untracked |  0
|   5|0x0000000702c00000, 0x0000000702e00000, 0x0000000702e00000|100%| O|  |TAMS 0x0000000702c00000| PB 0x0000000702c00000| Untracked |  0
|   6|0x0000000702e00000, 0x0000000703000000, 0x0000000703000000|100%| O|  |TAMS 0x0000000702e00000| PB 0x0000000702e00000| Untracked |  0
|   7|0x0000000703000000, 0x0000000703200000, 0x0000000703200000|100%| O|  |TAMS 0x0000000703000000| PB 0x0000000703000000| Untracked |  0
|   8|0x0000000703200000, 0x0000000703400000, 0x0000000703400000|100%|HS|  |TAMS 0x0000000703200000| PB 0x0000000703200000| Complete |  0
|   9|0x0000000703400000, 0x0000000703600000, 0x0000000703600000|100%| O|  |TAMS 0x0000000703400000| PB 0x0000000703400000| Untracked |  0
|  10|0x0000000703600000, 0x0000000703800000, 0x0000000703800000|100%| O|  |TAMS 0x0000000703600000| PB 0x0000000703600000| Untracked |  0
|  11|0x0000000703800000, 0x0000000703a00000, 0x0000000703a00000|100%| O|  |TAMS 0x0000000703800000| PB 0x0000000703800000| Untracked |  0
|  12|0x0000000703a00000, 0x0000000703c00000, 0x0000000703c00000|100%| O|  |TAMS 0x0000000703a00000| PB 0x0000000703a00000| Untracked |  0
|  13|0x0000000703c00000, 0x0000000703e00000, 0x0000000703e00000|100%| O|  |TAMS 0x0000000703c00000| PB 0x0000000703c00000| Untracked |  0
|  14|0x0000000703e00000, 0x0000000704000000, 0x0000000704000000|100%| O|  |TAMS 0x0000000703e00000| PB 0x0000000703e00000| Untracked |  0
|  15|0x0000000704000000, 0x0000000704200000, 0x0000000704200000|100%| O|  |TAMS 0x0000000704000000| PB 0x0000000704000000| Untracked |  0
|  16|0x0000000704200000, 0x0000000704400000, 0x0000000704400000|100%| O|  |TAMS 0x0000000704200000| PB 0x0000000704200000| Untracked |  0
|  17|0x0000000704400000, 0x0000000704600000, 0x0000000704600000|100%| O|  |TAMS 0x0000000704400000| PB 0x0000000704400000| Untracked |  0
|  18|0x0000000704600000, 0x0000000704800000, 0x0000000704800000|100%| O|  |TAMS 0x0000000704600000| PB 0x0000000704600000| Untracked |  0
|  19|0x0000000704800000, 0x0000000704a00000, 0x0000000704a00000|100%|HS|  |TAMS 0x0000000704800000| PB 0x0000000704800000| Complete |  0
|  20|0x0000000704a00000, 0x0000000704c00000, 0x0000000704c00000|100%|HC|  |TAMS 0x0000000704a00000| PB 0x0000000704a00000| Complete |  0
|  21|0x0000000704c00000, 0x0000000704e00000, 0x0000000704e00000|100%| O|  |TAMS 0x0000000704c00000| PB 0x0000000704c00000| Untracked |  0
|  22|0x0000000704e00000, 0x0000000705000000, 0x0000000705000000|100%| O|  |TAMS 0x0000000704e00000| PB 0x0000000704e00000| Untracked |  0
|  23|0x0000000705000000, 0x0000000705200000, 0x0000000705200000|100%| O|  |TAMS 0x0000000705000000| PB 0x0000000705000000| Untracked |  0
|  24|0x0000000705200000, 0x0000000705400000, 0x0000000705400000|100%| O|  |TAMS 0x0000000705200000| PB 0x0000000705200000| Untracked |  0
|  25|0x0000000705400000, 0x0000000705600000, 0x0000000705600000|100%| O|  |TAMS 0x0000000705400000| PB 0x0000000705400000| Untracked |  0
|  26|0x0000000705600000, 0x0000000705800000, 0x0000000705800000|100%| O|  |TAMS 0x0000000705600000| PB 0x0000000705600000| Untracked |  0
|  27|0x0000000705800000, 0x0000000705a00000, 0x0000000705a00000|100%| O|  |TAMS 0x0000000705800000| PB 0x0000000705800000| Untracked |  0
|  28|0x0000000705a00000, 0x0000000705c00000, 0x0000000705c00000|100%| O|  |TAMS 0x0000000705a00000| PB 0x0000000705a00000| Untracked |  0
|  29|0x0000000705c00000, 0x0000000705e00000, 0x0000000705e00000|100%| O|  |TAMS 0x0000000705c00000| PB 0x0000000705c00000| Untracked |  0
|  30|0x0000000705e00000, 0x0000000706000000, 0x0000000706000000|100%| O|  |TAMS 0x0000000705e00000| PB 0x0000000705e00000| Untracked |  0
|  31|0x0000000706000000, 0x0000000706200000, 0x0000000706200000|100%| O|  |TAMS 0x0000000706000000| PB 0x0000000706000000| Untracked |  0
|  32|0x0000000706200000, 0x0000000706400000, 0x0000000706400000|100%| O|  |TAMS 0x0000000706200000| PB 0x0000000706200000| Untracked |  0
|  33|0x0000000706400000, 0x0000000706600000, 0x0000000706600000|100%| O|  |TAMS 0x0000000706400000| PB 0x0000000706400000| Untracked |  0
|  34|0x0000000706600000, 0x0000000706800000, 0x0000000706800000|100%| O|  |TAMS 0x0000000706600000| PB 0x0000000706600000| Untracked |  0
|  35|0x0000000706800000, 0x0000000706a00000, 0x0000000706a00000|100%| O|  |TAMS 0x0000000706800000| PB 0x0000000706800000| Untracked |  0
|  36|0x0000000706a00000, 0x0000000706c00000, 0x0000000706c00000|100%| O|  |TAMS 0x0000000706a00000| PB 0x0000000706a00000| Untracked |  0
|  37|0x0000000706c00000, 0x0000000706e00000, 0x0000000706e00000|100%| O|  |TAMS 0x0000000706c00000| PB 0x0000000706c00000| Untracked |  0
|  38|0x0000000706e00000, 0x0000000707000000, 0x0000000707000000|100%| O|  |TAMS 0x0000000706e00000| PB 0x0000000706e00000| Untracked |  0
|  39|0x0000000707000000, 0x0000000707200000, 0x0000000707200000|100%| O|  |TAMS 0x0000000707000000| PB 0x0000000707000000| Untracked |  0
|  40|0x0000000707200000, 0x0000000707400000, 0x0000000707400000|100%| O|  |TAMS 0x0000000707200000| PB 0x0000000707200000| Untracked |  0
|  41|0x0000000707400000, 0x0000000707600000, 0x0000000707600000|100%| O|  |TAMS 0x0000000707400000| PB 0x0000000707400000| Untracked |  0
|  42|0x0000000707600000, 0x0000000707800000, 0x0000000707800000|100%| O|  |TAMS 0x0000000707600000| PB 0x0000000707600000| Untracked |  0
|  43|0x0000000707800000, 0x0000000707a00000, 0x0000000707a00000|100%| O|  |TAMS 0x0000000707800000| PB 0x0000000707800000| Untracked |  0
|  44|0x0000000707a00000, 0x0000000707c00000, 0x0000000707c00000|100%| O|  |TAMS 0x0000000707a00000| PB 0x0000000707a00000| Untracked |  0
|  45|0x0000000707c00000, 0x0000000707e00000, 0x0000000707e00000|100%| O|  |TAMS 0x0000000707c00000| PB 0x0000000707c00000| Untracked |  0
|  46|0x0000000707e00000, 0x0000000708000000, 0x0000000708000000|100%| O|  |TAMS 0x0000000707e00000| PB 0x0000000707e00000| Untracked |  0
|  47|0x0000000708000000, 0x0000000708200000, 0x0000000708200000|100%| O|  |TAMS 0x0000000708000000| PB 0x0000000708000000| Untracked |  0
|  48|0x0000000708200000, 0x0000000708400000, 0x0000000708400000|100%| O|  |TAMS 0x0000000708200000| PB 0x0000000708200000| Untracked |  0
|  49|0x0000000708400000, 0x0000000708600000, 0x0000000708600000|100%| O|  |TAMS 0x0000000708400000| PB 0x0000000708400000| Untracked |  0
|  50|0x0000000708600000, 0x0000000708800000, 0x0000000708800000|100%| O|  |TAMS 0x0000000708600000| PB 0x0000000708600000| Untracked |  0
|  51|0x0000000708800000, 0x0000000708a00000, 0x0000000708a00000|100%| O|  |TAMS 0x0000000708800000| PB 0x0000000708800000| Untracked |  0
|  52|0x0000000708a00000, 0x0000000708b00000, 0x0000000708c00000| 50%| O|  |TAMS 0x0000000708a00000| PB 0x0000000708a00000| Untracked |  0
|  53|0x0000000708c00000, 0x0000000708c00000, 0x0000000708e00000|  0%| F|  |TAMS 0x0000000708c00000| PB 0x0000000708c00000| Untracked |  0
|  54|0x0000000708e00000, 0x0000000708e00000, 0x0000000709000000|  0%| F|  |TAMS 0x0000000708e00000| PB 0x0000000708e00000| Untracked |  0
|  55|0x0000000709000000, 0x0000000709000000, 0x0000000709200000|  0%| F|  |TAMS 0x0000000709000000| PB 0x0000000709000000| Untracked |  0
|  56|0x0000000709200000, 0x0000000709200000, 0x0000000709400000|  0%| F|  |TAMS 0x0000000709200000| PB 0x0000000709200000| Untracked |  0
|  57|0x0000000709400000, 0x0000000709400000, 0x0000000709600000|  0%| F|  |TAMS 0x0000000709400000| PB 0x0000000709400000| Untracked |  0
|  58|0x0000000709600000, 0x0000000709600000, 0x0000000709800000|  0%| F|  |TAMS 0x0000000709600000| PB 0x0000000709600000| Untracked |  0
|  59|0x0000000709800000, 0x0000000709800000, 0x0000000709a00000|  0%| F|  |TAMS 0x0000000709800000| PB 0x0000000709800000| Untracked |  0
|  60|0x0000000709a00000, 0x0000000709a00000, 0x0000000709c00000|  0%| F|  |TAMS 0x0000000709a00000| PB 0x0000000709a00000| Untracked |  0
|  61|0x0000000709c00000, 0x0000000709c00000, 0x0000000709e00000|  0%| F|  |TAMS 0x0000000709c00000| PB 0x0000000709c00000| Untracked |  0
|  62|0x0000000709e00000, 0x0000000709e00000, 0x000000070a000000|  0%| F|  |TAMS 0x0000000709e00000| PB 0x0000000709e00000| Untracked |  0
|  63|0x000000070a000000, 0x000000070a000000, 0x000000070a200000|  0%| F|  |TAMS 0x000000070a000000| PB 0x000000070a000000| Untracked |  0
|  64|0x000000070a200000, 0x000000070a200000, 0x000000070a400000|  0%| F|  |TAMS 0x000000070a200000| PB 0x000000070a200000| Untracked |  0
|  65|0x000000070a400000, 0x000000070a400000, 0x000000070a600000|  0%| F|  |TAMS 0x000000070a400000| PB 0x000000070a400000| Untracked |  0
|  66|0x000000070a600000, 0x000000070a600000, 0x000000070a800000|  0%| F|  |TAMS 0x000000070a600000| PB 0x000000070a600000| Untracked |  0
|  67|0x000000070a800000, 0x000000070a800000, 0x000000070aa00000|  0%| F|  |TAMS 0x000000070a800000| PB 0x000000070a800000| Untracked |  0
|  68|0x000000070aa00000, 0x000000070aa00000, 0x000000070ac00000|  0%| F|  |TAMS 0x000000070aa00000| PB 0x000000070aa00000| Untracked |  0
|  69|0x000000070ac00000, 0x000000070ac00000, 0x000000070ae00000|  0%| F|  |TAMS 0x000000070ac00000| PB 0x000000070ac00000| Untracked |  0
|  70|0x000000070ae00000, 0x000000070ae00000, 0x000000070b000000|  0%| F|  |TAMS 0x000000070ae00000| PB 0x000000070ae00000| Untracked |  0
|  71|0x000000070b000000, 0x000000070b000000, 0x000000070b200000|  0%| F|  |TAMS 0x000000070b000000| PB 0x000000070b000000| Untracked |  0
|  72|0x000000070b200000, 0x000000070b200000, 0x000000070b400000|  0%| F|  |TAMS 0x000000070b200000| PB 0x000000070b200000| Untracked |  0
|  73|0x000000070b400000, 0x000000070b400000, 0x000000070b600000|  0%| F|  |TAMS 0x000000070b400000| PB 0x000000070b400000| Untracked |  0
|  74|0x000000070b600000, 0x000000070b600000, 0x000000070b800000|  0%| F|  |TAMS 0x000000070b600000| PB 0x000000070b600000| Untracked |  0
|  75|0x000000070b800000, 0x000000070b800000, 0x000000070ba00000|  0%| F|  |TAMS 0x000000070b800000| PB 0x000000070b800000| Untracked |  0
|  76|0x000000070ba00000, 0x000000070ba00000, 0x000000070bc00000|  0%| F|  |TAMS 0x000000070ba00000| PB 0x000000070ba00000| Untracked |  0
|  77|0x000000070bc00000, 0x000000070bc00000, 0x000000070be00000|  0%| F|  |TAMS 0x000000070bc00000| PB 0x000000070bc00000| Untracked |  0
|  78|0x000000070be00000, 0x000000070be00000, 0x000000070c000000|  0%| F|  |TAMS 0x000000070be00000| PB 0x000000070be00000| Untracked |  0
|  79|0x000000070c000000, 0x000000070c000000, 0x000000070c200000|  0%| F|  |TAMS 0x000000070c000000| PB 0x000000070c000000| Untracked |  0
|  80|0x000000070c200000, 0x000000070c200000, 0x000000070c400000|  0%| F|  |TAMS 0x000000070c200000| PB 0x000000070c200000| Untracked |  0
|  81|0x000000070c400000, 0x000000070c400000, 0x000000070c600000|  0%| F|  |TAMS 0x000000070c400000| PB 0x000000070c400000| Untracked |  0
|  82|0x000000070c600000, 0x000000070c600000, 0x000000070c800000|  0%| F|  |TAMS 0x000000070c600000| PB 0x000000070c600000| Untracked |  0
|  83|0x000000070c800000, 0x000000070c800000, 0x000000070ca00000|  0%| F|  |TAMS 0x000000070c800000| PB 0x000000070c800000| Untracked |  0
|  84|0x000000070ca00000, 0x000000070ca00000, 0x000000070cc00000|  0%| F|  |TAMS 0x000000070ca00000| PB 0x000000070ca00000| Untracked |  0
|  85|0x000000070cc00000, 0x000000070cc00000, 0x000000070ce00000|  0%| F|  |TAMS 0x000000070cc00000| PB 0x000000070cc00000| Untracked |  0
|  86|0x000000070ce00000, 0x000000070ce00000, 0x000000070d000000|  0%| F|  |TAMS 0x000000070ce00000| PB 0x000000070ce00000| Untracked |  0
|  87|0x000000070d000000, 0x000000070d000000, 0x000000070d200000|  0%| F|  |TAMS 0x000000070d000000| PB 0x000000070d000000| Untracked |  0
|  88|0x000000070d200000, 0x000000070d200000, 0x000000070d400000|  0%| F|  |TAMS 0x000000070d200000| PB 0x000000070d200000| Untracked |  0
|  89|0x000000070d400000, 0x000000070d400000, 0x000000070d600000|  0%| F|  |TAMS 0x000000070d400000| PB 0x000000070d400000| Untracked |  0
|  90|0x000000070d600000, 0x000000070d600000, 0x000000070d800000|  0%| F|  |TAMS 0x000000070d600000| PB 0x000000070d600000| Untracked |  0
|  91|0x000000070d800000, 0x000000070d800000, 0x000000070da00000|  0%| F|  |TAMS 0x000000070d800000| PB 0x000000070d800000| Untracked |  0
|  92|0x000000070da00000, 0x000000070da00000, 0x000000070dc00000|  0%| F|  |TAMS 0x000000070da00000| PB 0x000000070da00000| Untracked |  0
|  93|0x000000070dc00000, 0x000000070dc00000, 0x000000070de00000|  0%| F|  |TAMS 0x000000070dc00000| PB 0x000000070dc00000| Untracked |  0
|  94|0x000000070de00000, 0x000000070de00000, 0x000000070e000000|  0%| F|  |TAMS 0x000000070de00000| PB 0x000000070de00000| Untracked |  0
|  95|0x000000070e000000, 0x000000070e000000, 0x000000070e200000|  0%| F|  |TAMS 0x000000070e000000| PB 0x000000070e000000| Untracked |  0
|  96|0x000000070e200000, 0x000000070e200000, 0x000000070e400000|  0%| F|  |TAMS 0x000000070e200000| PB 0x000000070e200000| Untracked |  0
|  97|0x000000070e400000, 0x000000070e400000, 0x000000070e600000|  0%| F|  |TAMS 0x000000070e400000| PB 0x000000070e400000| Untracked |  0
|  98|0x000000070e600000, 0x000000070e600000, 0x000000070e800000|  0%| F|  |TAMS 0x000000070e600000| PB 0x000000070e600000| Untracked |  0
|  99|0x000000070e800000, 0x000000070e800000, 0x000000070ea00000|  0%| F|  |TAMS 0x000000070e800000| PB 0x000000070e800000| Untracked |  0
| 100|0x000000070ea00000, 0x000000070ea00000, 0x000000070ec00000|  0%| F|  |TAMS 0x000000070ea00000| PB 0x000000070ea00000| Untracked |  0
| 101|0x000000070ec00000, 0x000000070ec00000, 0x000000070ee00000|  0%| F|  |TAMS 0x000000070ec00000| PB 0x000000070ec00000| Untracked |  0
| 102|0x000000070ee00000, 0x000000070ee00000, 0x000000070f000000|  0%| F|  |TAMS 0x000000070ee00000| PB 0x000000070ee00000| Untracked |  0
| 103|0x000000070f000000, 0x000000070f000000, 0x000000070f200000|  0%| F|  |TAMS 0x000000070f000000| PB 0x000000070f000000| Untracked |  0
| 104|0x000000070f200000, 0x000000070f200000, 0x000000070f400000|  0%| F|  |TAMS 0x000000070f200000| PB 0x000000070f200000| Untracked |  0
| 105|0x000000070f400000, 0x000000070f400000, 0x000000070f600000|  0%| F|  |TAMS 0x000000070f400000| PB 0x000000070f400000| Untracked |  0
| 106|0x000000070f600000, 0x000000070f600000, 0x000000070f800000|  0%| F|  |TAMS 0x000000070f600000| PB 0x000000070f600000| Untracked |  0
| 107|0x000000070f800000, 0x000000070f800000, 0x000000070fa00000|  0%| F|  |TAMS 0x000000070f800000| PB 0x000000070f800000| Untracked |  0
| 108|0x000000070fa00000, 0x000000070fa00000, 0x000000070fc00000|  0%| F|  |TAMS 0x000000070fa00000| PB 0x000000070fa00000| Untracked |  0
| 109|0x000000070fc00000, 0x000000070fc00000, 0x000000070fe00000|  0%| F|  |TAMS 0x000000070fc00000| PB 0x000000070fc00000| Untracked |  0
| 110|0x000000070fe00000, 0x000000070fe00000, 0x0000000710000000|  0%| F|  |TAMS 0x000000070fe00000| PB 0x000000070fe00000| Untracked |  0
| 111|0x0000000710000000, 0x0000000710000000, 0x0000000710200000|  0%| F|  |TAMS 0x0000000710000000| PB 0x0000000710000000| Untracked |  0
| 112|0x0000000710200000, 0x0000000710200000, 0x0000000710400000|  0%| F|  |TAMS 0x0000000710200000| PB 0x0000000710200000| Untracked |  0
| 113|0x0000000710400000, 0x0000000710400000, 0x0000000710600000|  0%| F|  |TAMS 0x0000000710400000| PB 0x0000000710400000| Untracked |  0
| 114|0x0000000710600000, 0x0000000710600000, 0x0000000710800000|  0%| F|  |TAMS 0x0000000710600000| PB 0x0000000710600000| Untracked |  0
| 115|0x0000000710800000, 0x0000000710800000, 0x0000000710a00000|  0%| F|  |TAMS 0x0000000710800000| PB 0x0000000710800000| Untracked |  0
| 116|0x0000000710a00000, 0x0000000710a00000, 0x0000000710c00000|  0%| F|  |TAMS 0x0000000710a00000| PB 0x0000000710a00000| Untracked |  0
| 117|0x0000000710c00000, 0x0000000710c00000, 0x0000000710e00000|  0%| F|  |TAMS 0x0000000710c00000| PB 0x0000000710c00000| Untracked |  0
| 118|0x0000000710e00000, 0x0000000710e00000, 0x0000000711000000|  0%| F|  |TAMS 0x0000000710e00000| PB 0x0000000710e00000| Untracked |  0
| 119|0x0000000711000000, 0x0000000711000000, 0x0000000711200000|  0%| F|  |TAMS 0x0000000711000000| PB 0x0000000711000000| Untracked |  0
| 120|0x0000000711200000, 0x0000000711200000, 0x0000000711400000|  0%| F|  |TAMS 0x0000000711200000| PB 0x0000000711200000| Untracked |  0
| 121|0x0000000711400000, 0x0000000711400000, 0x0000000711600000|  0%| F|  |TAMS 0x0000000711400000| PB 0x0000000711400000| Untracked |  0
| 122|0x0000000711600000, 0x0000000711600000, 0x0000000711800000|  0%| F|  |TAMS 0x0000000711600000| PB 0x0000000711600000| Untracked |  0
| 123|0x0000000711800000, 0x0000000711800000, 0x0000000711a00000|  0%| F|  |TAMS 0x0000000711800000| PB 0x0000000711800000| Untracked |  0
| 124|0x0000000711a00000, 0x0000000711a00000, 0x0000000711c00000|  0%| F|  |TAMS 0x0000000711a00000| PB 0x0000000711a00000| Untracked |  0
| 125|0x0000000711c00000, 0x0000000711c00000, 0x0000000711e00000|  0%| F|  |TAMS 0x0000000711c00000| PB 0x0000000711c00000| Untracked |  0
| 126|0x0000000711e00000, 0x0000000711e00000, 0x0000000712000000|  0%| F|  |TAMS 0x0000000711e00000| PB 0x0000000711e00000| Untracked |  0
| 127|0x0000000712000000, 0x0000000712000000, 0x0000000712200000|  0%| F|  |TAMS 0x0000000712000000| PB 0x0000000712000000| Untracked |  0
| 128|0x0000000712200000, 0x0000000712200000, 0x0000000712400000|  0%| F|  |TAMS 0x0000000712200000| PB 0x0000000712200000| Untracked |  0
| 129|0x0000000712400000, 0x0000000712400000, 0x0000000712600000|  0%| F|  |TAMS 0x0000000712400000| PB 0x0000000712400000| Untracked |  0
| 130|0x0000000712600000, 0x0000000712600000, 0x0000000712800000|  0%| F|  |TAMS 0x0000000712600000| PB 0x0000000712600000| Untracked |  0
| 131|0x0000000712800000, 0x0000000712800000, 0x0000000712a00000|  0%| F|  |TAMS 0x0000000712800000| PB 0x0000000712800000| Untracked |  0
| 132|0x0000000712a00000, 0x0000000712a00000, 0x0000000712c00000|  0%| F|  |TAMS 0x0000000712a00000| PB 0x0000000712a00000| Untracked |  0
| 133|0x0000000712c00000, 0x0000000712c00000, 0x0000000712e00000|  0%| F|  |TAMS 0x0000000712c00000| PB 0x0000000712c00000| Untracked |  0
| 134|0x0000000712e00000, 0x0000000712e00000, 0x0000000713000000|  0%| F|  |TAMS 0x0000000712e00000| PB 0x0000000712e00000| Untracked |  0
| 135|0x0000000713000000, 0x0000000713000000, 0x0000000713200000|  0%| F|  |TAMS 0x0000000713000000| PB 0x0000000713000000| Untracked |  0
| 136|0x0000000713200000, 0x0000000713200000, 0x0000000713400000|  0%| F|  |TAMS 0x0000000713200000| PB 0x0000000713200000| Untracked |  0
| 137|0x0000000713400000, 0x0000000713400000, 0x0000000713600000|  0%| F|  |TAMS 0x0000000713400000| PB 0x0000000713400000| Untracked |  0
| 138|0x0000000713600000, 0x0000000713600000, 0x0000000713800000|  0%| F|  |TAMS 0x0000000713600000| PB 0x0000000713600000| Untracked |  0
| 139|0x0000000713800000, 0x0000000713800000, 0x0000000713a00000|  0%| F|  |TAMS 0x0000000713800000| PB 0x0000000713800000| Untracked |  0
| 140|0x0000000713a00000, 0x0000000713a00000, 0x0000000713c00000|  0%| F|  |TAMS 0x0000000713a00000| PB 0x0000000713a00000| Untracked |  0
| 141|0x0000000713c00000, 0x0000000713c00000, 0x0000000713e00000|  0%| F|  |TAMS 0x0000000713c00000| PB 0x0000000713c00000| Untracked |  0
| 142|0x0000000713e00000, 0x0000000713e00000, 0x0000000714000000|  0%| F|  |TAMS 0x0000000713e00000| PB 0x0000000713e00000| Untracked |  0
| 143|0x0000000714000000, 0x0000000714000000, 0x0000000714200000|  0%| F|  |TAMS 0x0000000714000000| PB 0x0000000714000000| Untracked |  0
| 144|0x0000000714200000, 0x0000000714200000, 0x0000000714400000|  0%| F|  |TAMS 0x0000000714200000| PB 0x0000000714200000| Untracked |  0
| 145|0x0000000714400000, 0x0000000714400000, 0x0000000714600000|  0%| F|  |TAMS 0x0000000714400000| PB 0x0000000714400000| Untracked |  0
| 146|0x0000000714600000, 0x0000000714600000, 0x0000000714800000|  0%| F|  |TAMS 0x0000000714600000| PB 0x0000000714600000| Untracked |  0
| 147|0x0000000714800000, 0x0000000714800000, 0x0000000714a00000|  0%| F|  |TAMS 0x0000000714800000| PB 0x0000000714800000| Untracked |  0
| 148|0x0000000714a00000, 0x0000000714a00000, 0x0000000714c00000|  0%| F|  |TAMS 0x0000000714a00000| PB 0x0000000714a00000| Untracked |  0
| 149|0x0000000714c00000, 0x0000000714c00000, 0x0000000714e00000|  0%| F|  |TAMS 0x0000000714c00000| PB 0x0000000714c00000| Untracked |  0
| 150|0x0000000714e00000, 0x0000000714e00000, 0x0000000715000000|  0%| F|  |TAMS 0x0000000714e00000| PB 0x0000000714e00000| Untracked |  0
| 151|0x0000000715000000, 0x0000000715000000, 0x0000000715200000|  0%| F|  |TAMS 0x0000000715000000| PB 0x0000000715000000| Untracked |  0
| 152|0x0000000715200000, 0x0000000715200000, 0x0000000715400000|  0%| F|  |TAMS 0x0000000715200000| PB 0x0000000715200000| Untracked |  0
| 153|0x0000000715400000, 0x0000000715400000, 0x0000000715600000|  0%| F|  |TAMS 0x0000000715400000| PB 0x0000000715400000| Untracked |  0
| 154|0x0000000715600000, 0x0000000715600000, 0x0000000715800000|  0%| F|  |TAMS 0x0000000715600000| PB 0x0000000715600000| Untracked |  0
| 155|0x0000000715800000, 0x0000000715800000, 0x0000000715a00000|  0%| F|  |TAMS 0x0000000715800000| PB 0x0000000715800000| Untracked |  0
| 156|0x0000000715a00000, 0x0000000715a00000, 0x0000000715c00000|  0%| F|  |TAMS 0x0000000715a00000| PB 0x0000000715a00000| Untracked |  0
| 157|0x0000000715c00000, 0x0000000715c00000, 0x0000000715e00000|  0%| F|  |TAMS 0x0000000715c00000| PB 0x0000000715c00000| Untracked |  0
| 158|0x0000000715e00000, 0x0000000715e00000, 0x0000000716000000|  0%| F|  |TAMS 0x0000000715e00000| PB 0x0000000715e00000| Untracked |  0
| 159|0x0000000716000000, 0x0000000716000000, 0x0000000716200000|  0%| F|  |TAMS 0x0000000716000000| PB 0x0000000716000000| Untracked |  0
| 160|0x0000000716200000, 0x0000000716200000, 0x0000000716400000|  0%| F|  |TAMS 0x0000000716200000| PB 0x0000000716200000| Untracked |  0
| 161|0x0000000716400000, 0x0000000716400000, 0x0000000716600000|  0%| F|  |TAMS 0x0000000716400000| PB 0x0000000716400000| Untracked |  0
| 162|0x0000000716600000, 0x0000000716600000, 0x0000000716800000|  0%| F|  |TAMS 0x0000000716600000| PB 0x0000000716600000| Untracked |  0
| 163|0x0000000716800000, 0x0000000716800000, 0x0000000716a00000|  0%| F|  |TAMS 0x0000000716800000| PB 0x0000000716800000| Untracked |  0
| 164|0x0000000716a00000, 0x0000000716a00000, 0x0000000716c00000|  0%| F|  |TAMS 0x0000000716a00000| PB 0x0000000716a00000| Untracked |  0
| 165|0x0000000716c00000, 0x0000000716c00000, 0x0000000716e00000|  0%| F|  |TAMS 0x0000000716c00000| PB 0x0000000716c00000| Untracked |  0
| 166|0x0000000716e00000, 0x0000000716e00000, 0x0000000717000000|  0%| F|  |TAMS 0x0000000716e00000| PB 0x0000000716e00000| Untracked |  0
| 167|0x0000000717000000, 0x0000000717000000, 0x0000000717200000|  0%| F|  |TAMS 0x0000000717000000| PB 0x0000000717000000| Untracked |  0
| 168|0x0000000717200000, 0x0000000717200000, 0x0000000717400000|  0%| F|  |TAMS 0x0000000717200000| PB 0x0000000717200000| Untracked |  0
| 169|0x0000000717400000, 0x0000000717400000, 0x0000000717600000|  0%| F|  |TAMS 0x0000000717400000| PB 0x0000000717400000| Untracked |  0
| 170|0x0000000717600000, 0x0000000717600000, 0x0000000717800000|  0%| F|  |TAMS 0x0000000717600000| PB 0x0000000717600000| Untracked |  0
| 171|0x0000000717800000, 0x0000000717800000, 0x0000000717a00000|  0%| F|  |TAMS 0x0000000717800000| PB 0x0000000717800000| Untracked |  0
| 172|0x0000000717a00000, 0x0000000717a00000, 0x0000000717c00000|  0%| F|  |TAMS 0x0000000717a00000| PB 0x0000000717a00000| Untracked |  0
| 173|0x0000000717c00000, 0x0000000717c00000, 0x0000000717e00000|  0%| F|  |TAMS 0x0000000717c00000| PB 0x0000000717c00000| Untracked |  0
| 174|0x0000000717e00000, 0x0000000717e00000, 0x0000000718000000|  0%| F|  |TAMS 0x0000000717e00000| PB 0x0000000717e00000| Untracked |  0
| 175|0x0000000718000000, 0x0000000718000000, 0x0000000718200000|  0%| F|  |TAMS 0x0000000718000000| PB 0x0000000718000000| Untracked |  0
| 176|0x0000000718200000, 0x0000000718200000, 0x0000000718400000|  0%| F|  |TAMS 0x0000000718200000| PB 0x0000000718200000| Untracked |  0
| 177|0x0000000718400000, 0x0000000718400000, 0x0000000718600000|  0%| F|  |TAMS 0x0000000718400000| PB 0x0000000718400000| Untracked |  0
| 178|0x0000000718600000, 0x0000000718600000, 0x0000000718800000|  0%| F|  |TAMS 0x0000000718600000| PB 0x0000000718600000| Untracked |  0
| 179|0x0000000718800000, 0x0000000718800000, 0x0000000718a00000|  0%| F|  |TAMS 0x0000000718800000| PB 0x0000000718800000| Untracked |  0
| 180|0x0000000718a00000, 0x0000000718a00000, 0x0000000718c00000|  0%| F|  |TAMS 0x0000000718a00000| PB 0x0000000718a00000| Untracked |  0
| 181|0x0000000718c00000, 0x0000000718c00000, 0x0000000718e00000|  0%| F|  |TAMS 0x0000000718c00000| PB 0x0000000718c00000| Untracked |  0
| 182|0x0000000718e00000, 0x0000000718e00000, 0x0000000719000000|  0%| F|  |TAMS 0x0000000718e00000| PB 0x0000000718e00000| Untracked |  0
| 183|0x0000000719000000, 0x0000000719000000, 0x0000000719200000|  0%| F|  |TAMS 0x0000000719000000| PB 0x0000000719000000| Untracked |  0
| 184|0x0000000719200000, 0x0000000719200000, 0x0000000719400000|  0%| F|  |TAMS 0x0000000719200000| PB 0x0000000719200000| Untracked |  0
| 185|0x0000000719400000, 0x0000000719400000, 0x0000000719600000|  0%| F|  |TAMS 0x0000000719400000| PB 0x0000000719400000| Untracked |  0
| 186|0x0000000719600000, 0x0000000719600000, 0x0000000719800000|  0%| F|  |TAMS 0x0000000719600000| PB 0x0000000719600000| Untracked |  0
| 187|0x0000000719800000, 0x0000000719800000, 0x0000000719a00000|  0%| F|  |TAMS 0x0000000719800000| PB 0x0000000719800000| Untracked |  0
| 188|0x0000000719a00000, 0x0000000719c00000, 0x0000000719c00000|100%| S|CS|TAMS 0x0000000719a00000| PB 0x0000000719a00000| Complete |  0
| 189|0x0000000719c00000, 0x0000000719e00000, 0x0000000719e00000|100%| S|CS|TAMS 0x0000000719c00000| PB 0x0000000719c00000| Complete |  0
| 190|0x0000000719e00000, 0x000000071a000000, 0x000000071a000000|100%| S|CS|TAMS 0x0000000719e00000| PB 0x0000000719e00000| Complete |  0
| 191|0x000000071a000000, 0x000000071a200000, 0x000000071a200000|100%| S|CS|TAMS 0x000000071a000000| PB 0x000000071a000000| Complete |  0
| 192|0x000000071a200000, 0x000000071a400000, 0x000000071a400000|100%| S|CS|TAMS 0x000000071a200000| PB 0x000000071a200000| Complete |  0
| 193|0x000000071a400000, 0x000000071a600000, 0x000000071a600000|100%| S|CS|TAMS 0x000000071a400000| PB 0x000000071a400000| Complete |  0
| 194|0x000000071a600000, 0x000000071a800000, 0x000000071a800000|100%| S|CS|TAMS 0x000000071a600000| PB 0x000000071a600000| Complete |  0
| 195|0x000000071a800000, 0x000000071a800000, 0x000000071aa00000|  0%| F|  |TAMS 0x000000071a800000| PB 0x000000071a800000| Untracked |  0
| 196|0x000000071aa00000, 0x000000071aa00000, 0x000000071ac00000|  0%| F|  |TAMS 0x000000071aa00000| PB 0x000000071aa00000| Untracked |  0
| 197|0x000000071ac00000, 0x000000071ac00000, 0x000000071ae00000|  0%| F|  |TAMS 0x000000071ac00000| PB 0x000000071ac00000| Untracked |  0
| 198|0x000000071ae00000, 0x000000071ae00000, 0x000000071b000000|  0%| F|  |TAMS 0x000000071ae00000| PB 0x000000071ae00000| Untracked |  0
| 199|0x000000071b000000, 0x000000071b000000, 0x000000071b200000|  0%| F|  |TAMS 0x000000071b000000| PB 0x000000071b000000| Untracked |  0
| 200|0x000000071b200000, 0x000000071b200000, 0x000000071b400000|  0%| F|  |TAMS 0x000000071b200000| PB 0x000000071b200000| Untracked |  0
| 201|0x000000071b400000, 0x000000071b400000, 0x000000071b600000|  0%| F|  |TAMS 0x000000071b400000| PB 0x000000071b400000| Untracked |  0
| 202|0x000000071b600000, 0x000000071b600000, 0x000000071b800000|  0%| F|  |TAMS 0x000000071b600000| PB 0x000000071b600000| Untracked |  0
| 203|0x000000071b800000, 0x000000071b800000, 0x000000071ba00000|  0%| F|  |TAMS 0x000000071b800000| PB 0x000000071b800000| Untracked |  0
| 204|0x000000071ba00000, 0x000000071ba00000, 0x000000071bc00000|  0%| F|  |TAMS 0x000000071ba00000| PB 0x000000071ba00000| Untracked |  0
| 205|0x000000071bc00000, 0x000000071bc00000, 0x000000071be00000|  0%| F|  |TAMS 0x000000071bc00000| PB 0x000000071bc00000| Untracked |  0
| 206|0x000000071be00000, 0x000000071be00000, 0x000000071c000000|  0%| F|  |TAMS 0x000000071be00000| PB 0x000000071be00000| Untracked |  0
| 207|0x000000071c000000, 0x000000071c000000, 0x000000071c200000|  0%| F|  |TAMS 0x000000071c000000| PB 0x000000071c000000| Untracked |  0
| 208|0x000000071c200000, 0x000000071c200000, 0x000000071c400000|  0%| F|  |TAMS 0x000000071c200000| PB 0x000000071c200000| Untracked |  0
| 209|0x000000071c400000, 0x000000071c400000, 0x000000071c600000|  0%| F|  |TAMS 0x000000071c400000| PB 0x000000071c400000| Untracked |  0
| 210|0x000000071c600000, 0x000000071c600000, 0x000000071c800000|  0%| F|  |TAMS 0x000000071c600000| PB 0x000000071c600000| Untracked |  0
| 211|0x000000071c800000, 0x000000071c800000, 0x000000071ca00000|  0%| F|  |TAMS 0x000000071c800000| PB 0x000000071c800000| Untracked |  0
| 212|0x000000071ca00000, 0x000000071ca00000, 0x000000071cc00000|  0%| F|  |TAMS 0x000000071ca00000| PB 0x000000071ca00000| Untracked |  0
| 213|0x000000071cc00000, 0x000000071cc00000, 0x000000071ce00000|  0%| F|  |TAMS 0x000000071cc00000| PB 0x000000071cc00000| Untracked |  0
| 214|0x000000071ce00000, 0x000000071ce00000, 0x000000071d000000|  0%| F|  |TAMS 0x000000071ce00000| PB 0x000000071ce00000| Untracked |  0
| 215|0x000000071d000000, 0x000000071d000000, 0x000000071d200000|  0%| F|  |TAMS 0x000000071d000000| PB 0x000000071d000000| Untracked |  0
| 216|0x000000071d200000, 0x000000071d200000, 0x000000071d400000|  0%| F|  |TAMS 0x000000071d200000| PB 0x000000071d200000| Untracked |  0
| 217|0x000000071d400000, 0x000000071d400000, 0x000000071d600000|  0%| F|  |TAMS 0x000000071d400000| PB 0x000000071d400000| Untracked |  0
| 218|0x000000071d600000, 0x000000071d600000, 0x000000071d800000|  0%| F|  |TAMS 0x000000071d600000| PB 0x000000071d600000| Untracked |  0
| 219|0x000000071d800000, 0x000000071d800000, 0x000000071da00000|  0%| F|  |TAMS 0x000000071d800000| PB 0x000000071d800000| Untracked |  0
| 220|0x000000071da00000, 0x000000071da00000, 0x000000071dc00000|  0%| F|  |TAMS 0x000000071da00000| PB 0x000000071da00000| Untracked |  0
| 221|0x000000071dc00000, 0x000000071dc00000, 0x000000071de00000|  0%| F|  |TAMS 0x000000071dc00000| PB 0x000000071dc00000| Untracked |  0
| 222|0x000000071de00000, 0x000000071de00000, 0x000000071e000000|  0%| F|  |TAMS 0x000000071de00000| PB 0x000000071de00000| Untracked |  0
| 223|0x000000071e000000, 0x000000071e000000, 0x000000071e200000|  0%| F|  |TAMS 0x000000071e000000| PB 0x000000071e000000| Untracked |  0
| 224|0x000000071e200000, 0x000000071e200000, 0x000000071e400000|  0%| F|  |TAMS 0x000000071e200000| PB 0x000000071e200000| Untracked |  0
| 225|0x000000071e400000, 0x000000071e400000, 0x000000071e600000|  0%| F|  |TAMS 0x000000071e400000| PB 0x000000071e400000| Untracked |  0
| 226|0x000000071e600000, 0x000000071e600000, 0x000000071e800000|  0%| F|  |TAMS 0x000000071e600000| PB 0x000000071e600000| Untracked |  0
| 227|0x000000071e800000, 0x000000071e800000, 0x000000071ea00000|  0%| F|  |TAMS 0x000000071e800000| PB 0x000000071e800000| Untracked |  0
| 228|0x000000071ea00000, 0x000000071ea00000, 0x000000071ec00000|  0%| F|  |TAMS 0x000000071ea00000| PB 0x000000071ea00000| Untracked |  0
| 229|0x000000071ec00000, 0x000000071ec00000, 0x000000071ee00000|  0%| F|  |TAMS 0x000000071ec00000| PB 0x000000071ec00000| Untracked |  0
| 230|0x000000071ee00000, 0x000000071ee00000, 0x000000071f000000|  0%| F|  |TAMS 0x000000071ee00000| PB 0x000000071ee00000| Untracked |  0
| 231|0x000000071f000000, 0x000000071f000000, 0x000000071f200000|  0%| F|  |TAMS 0x000000071f000000| PB 0x000000071f000000| Untracked |  0
| 232|0x000000071f200000, 0x000000071f200000, 0x000000071f400000|  0%| F|  |TAMS 0x000000071f200000| PB 0x000000071f200000| Untracked |  0
| 233|0x000000071f400000, 0x000000071f400000, 0x000000071f600000|  0%| F|  |TAMS 0x000000071f400000| PB 0x000000071f400000| Untracked |  0
| 234|0x000000071f600000, 0x000000071f600000, 0x000000071f800000|  0%| F|  |TAMS 0x000000071f600000| PB 0x000000071f600000| Untracked |  0
| 235|0x000000071f800000, 0x000000071f800000, 0x000000071fa00000|  0%| F|  |TAMS 0x000000071f800000| PB 0x000000071f800000| Untracked |  0
| 236|0x000000071fa00000, 0x000000071fa00000, 0x000000071fc00000|  0%| F|  |TAMS 0x000000071fa00000| PB 0x000000071fa00000| Untracked |  0
| 237|0x000000071fc00000, 0x000000071fc00000, 0x000000071fe00000|  0%| F|  |TAMS 0x000000071fc00000| PB 0x000000071fc00000| Untracked |  0

Card table byte_map: [0x0000029673f70000,0x0000029674760000] _byte_map_base: 0x000002967075f000

Marking Bits: (CMBitMap*) 0x000002965c49bf50
 Bits: [0x0000029674760000, 0x00000296786d8000)

Polling page: 0x000002965a280000

Metaspace:

Usage:
  Non-class:     15.65 MB used.
      Class:      1.97 MB used.
       Both:     17.62 MB used.

Virtual space:
  Non-class space:       64.00 MB reserved,      15.81 MB ( 25%) committed,  1 nodes.
      Class space:        1.00 GB reserved,       2.06 MB ( <1%) committed,  1 nodes.
             Both:        1.06 GB reserved,      17.88 MB (  2%) committed. 

Chunk freelists:
   Non-Class:  15.92 MB
       Class:  13.88 MB
        Both:  29.80 MB

MaxMetaspaceSize: unlimited
CompressedClassSpaceSize: 1.00 GB
Initial GC threshold: 21.00 MB
Current GC threshold: 21.00 MB
CDS: on
 - commit_granule_bytes: 65536.
 - commit_granule_words: 8192.
 - virtual_space_node_default_size: 8388608.
 - enlarge_chunks_in_place: 1.
 - use_allocation_guard: 0.


Internal statistics:

num_allocs_failed_limit: 0.
num_arena_births: 178.
num_arena_deaths: 0.
num_vsnodes_births: 2.
num_vsnodes_deaths: 0.
num_space_committed: 285.
num_space_uncommitted: 0.
num_chunks_returned_to_freelist: 0.
num_chunks_taken_from_freelist: 599.
num_chunk_merges: 0.
num_chunk_splits: 394.
num_chunks_enlarged: 293.
num_inconsistent_stats: 0.

CodeHeap 'non-profiled nmethods': size=120000Kb used=2773Kb max_used=2773Kb free=117227Kb
 bounds [0x000002966c250000, 0x000002966c510000, 0x0000029673780000]
CodeHeap 'profiled nmethods': size=120000Kb used=8323Kb max_used=8323Kb free=111676Kb
 bounds [0x0000029664780000, 0x0000029664fb0000, 0x000002966bcb0000]
CodeHeap 'non-nmethods': size=5760Kb used=1531Kb max_used=1641Kb free=4228Kb
 bounds [0x000002966bcb0000, 0x000002966bf20000, 0x000002966c250000]
 total_blobs=4440 nmethods=3844 adapters=500
 compilation: enabled
              stopped_count=0, restarted_count=0
 full_count=0

Compilation events (20 events):
Event: 8.838 Thread 0x000002967abdd720 3871       3       java.util.StringTokenizer::skipDelimiters (116 bytes)
Event: 8.840 Thread 0x000002967abdd720 nmethod 3871 0x0000029664f9d390 code [0x0000029664f9d600, 0x0000029664f9e150]
Event: 8.840 Thread 0x000002967abdd720 3872       3       java.util.StringTokenizer::hasMoreTokens (29 bytes)
Event: 8.840 Thread 0x000002967abdd720 nmethod 3872 0x0000029664f9e610 code [0x0000029664f9e7c0, 0x0000029664f9e968]
Event: 8.840 Thread 0x000002967abdd720 3873       3       java.util.StringTokenizer::nextToken (92 bytes)
Event: 8.841 Thread 0x000002967abd9050 nmethod 3860 0x000002966c504110 code [0x000002966c504340, 0x000002966c504bb8]
Event: 8.841 Thread 0x000002967abdd720 nmethod 3873 0x0000029664f9ea10 code [0x0000029664f9ec00, 0x0000029664f9ef90]
Event: 8.842 Thread 0x000002967abd9050 3870       4       java.lang.Character::charCount (12 bytes)
Event: 8.842 Thread 0x000002967abd9050 nmethod 3870 0x000002966c505110 code [0x000002966c505280, 0x000002966c505300]
Event: 8.842 Thread 0x000002967abd9050 3862       4       opennlp.tools.dictionary.serializer.DictionaryEntryPersistor$DictionaryContenthandler::startElement (189 bytes)
Event: 8.843 Thread 0x000002967abdd720 3874       2       java.util.StringTokenizer::countTokens (46 bytes)
Event: 8.843 Thread 0x000002967abdd720 nmethod 3874 0x0000029664f9f110 code [0x0000029664f9f2c0, 0x0000029664f9f4a8]
Event: 8.852 Thread 0x000002967abdd720 3876       2       java.util.StringTokenizer::setMaxDelimCodePoint (156 bytes)
Event: 8.854 Thread 0x000002967abdd720 nmethod 3876 0x0000029664f9f590 code [0x0000029664f9f760, 0x0000029664f9fd18]
Event: 8.854 Thread 0x000002967abdd720 3877       2       java.util.StringTokenizer::<init> (52 bytes)
Event: 8.855 Thread 0x000002967abdd720 nmethod 3877 0x0000029664fa0010 code [0x0000029664fa01c0, 0x0000029664fa03e8]
Event: 8.855 Thread 0x000002967abdd720 3878       2       java.util.StringTokenizer::<init> (8 bytes)
Event: 8.855 Thread 0x000002967abdd720 nmethod 3878 0x0000029664fa0510 code [0x0000029664fa06a0, 0x0000029664fa07c8]
Event: 8.871 Thread 0x000002967abdd720 3883 %     3       java.util.StringTokenizer::countTokens @ 7 (46 bytes)
Event: 8.872 Thread 0x000002967abdd720 nmethod 3883% 0x0000029664fa0890 code [0x0000029664fa0a60, 0x0000029664fa0d88]

GC Heap History (19 events):
Event: 0.597 GC heap before
{Heap before GC invocations=0 (full 0):
 garbage-first heap   total reserved 4159488K, committed 260096K, used 12288K [0x0000000702200000, 0x0000000800000000)
  region size 2048K, 7 young (14336K), 0 survivors (0K)
 Metaspace       used 4628K, committed 4864K, reserved 1114112K
  class space    used 590K, committed 704K, reserved 1048576K
}
Event: 0.603 GC heap after
{Heap after GC invocations=1 (full 0):
 garbage-first heap   total reserved 4159488K, committed 260096K, used 6384K [0x0000000702200000, 0x0000000800000000)
  region size 2048K, 1 young (2048K), 1 survivors (2048K)
 Metaspace       used 4628K, committed 4864K, reserved 1114112K
  class space    used 590K, committed 704K, reserved 1048576K
}
Event: 0.989 GC heap before
{Heap before GC invocations=1 (full 0):
 garbage-first heap   total reserved 4159488K, committed 260096K, used 16624K [0x0000000702200000, 0x0000000800000000)
  region size 2048K, 6 young (12288K), 1 survivors (2048K)
 Metaspace       used 9309K, committed 9472K, reserved 1114112K
  class space    used 1065K, committed 1152K, reserved 1048576K
}
Event: 0.993 GC heap after
{Heap after GC invocations=2 (full 0):
 garbage-first heap   total reserved 4159488K, committed 260096K, used 8281K [0x0000000702200000, 0x0000000800000000)
  region size 2048K, 1 young (2048K), 1 survivors (2048K)
 Metaspace       used 9309K, committed 9472K, reserved 1114112K
  class space    used 1065K, committed 1152K, reserved 1048576K
}
Event: 1.289 GC heap before
{Heap before GC invocations=2 (full 0):
 garbage-first heap   total reserved 4159488K, committed 260096K, used 34905K [0x0000000702200000, 0x0000000800000000)
  region size 2048K, 14 young (28672K), 1 survivors (2048K)
 Metaspace       used 10046K, committed 10240K, reserved 1114112K
  class space    used 1144K, committed 1216K, reserved 1048576K
}
Event: 1.302 GC heap after
{Heap after GC invocations=3 (full 0):
 garbage-first heap   total reserved 4159488K, committed 260096K, used 15039K [0x0000000702200000, 0x0000000800000000)
  region size 2048K, 2 young (4096K), 2 survivors (4096K)
 Metaspace       used 10046K, committed 10240K, reserved 1114112K
  class space    used 1144K, committed 1216K, reserved 1048576K
}
Event: 1.393 GC heap before
{Heap before GC invocations=3 (full 0):
 garbage-first heap   total reserved 4159488K, committed 260096K, used 33471K [0x0000000702200000, 0x0000000800000000)
  region size 2048K, 11 young (22528K), 2 survivors (4096K)
 Metaspace       used 10169K, committed 10304K, reserved 1114112K
  class space    used 1154K, committed 1216K, reserved 1048576K
}
Event: 1.407 GC heap after
{Heap after GC invocations=4 (full 0):
 garbage-first heap   total reserved 4159488K, committed 260096K, used 20177K [0x0000000702200000, 0x0000000800000000)
  region size 2048K, 2 young (4096K), 2 survivors (4096K)
 Metaspace       used 10169K, committed 10304K, reserved 1114112K
  class space    used 1154K, committed 1216K, reserved 1048576K
}
Event: 1.539 GC heap before
{Heap before GC invocations=4 (full 0):
 garbage-first heap   total reserved 4159488K, committed 260096K, used 54993K [0x0000000702200000, 0x0000000800000000)
  region size 2048K, 18 young (36864K), 2 survivors (4096K)
 Metaspace       used 10176K, committed 10304K, reserved 1114112K
  class space    used 1155K, committed 1216K, reserved 1048576K
}
Event: 1.559 GC heap after
{Heap after GC invocations=5 (full 0):
 garbage-first heap   total reserved 4159488K, committed 260096K, used 33201K [0x0000000702200000, 0x0000000800000000)
  region size 2048K, 3 young (6144K), 3 survivors (6144K)
 Metaspace       used 10176K, committed 10304K, reserved 1114112K
  class space    used 1155K, committed 1216K, reserved 1048576K
}
Event: 1.645 GC heap before
{Heap before GC invocations=5 (full 0):
 garbage-first heap   total reserved 4159488K, committed 260096K, used 59825K [0x0000000702200000, 0x0000000800000000)
  region size 2048K, 16 young (32768K), 3 survivors (6144K)
 Metaspace       used 10179K, committed 10304K, reserved 1114112K
  class space    used 1155K, committed 1216K, reserved 1048576K
}
Event: 1.670 GC heap after
{Heap after GC invocations=6 (full 0):
 garbage-first heap   total reserved 4159488K, committed 487424K, used 43008K [0x0000000702200000, 0x0000000800000000)
  region size 2048K, 2 young (4096K), 2 survivors (4096K)
 Metaspace       used 10179K, committed 10304K, reserved 1114112K
  class space    used 1155K, committed 1216K, reserved 1048576K
}
Event: 1.752 GC heap before
{Heap before GC invocations=6 (full 0):
 garbage-first heap   total reserved 4159488K, committed 487424K, used 69632K [0x0000000702200000, 0x0000000800000000)
  region size 2048K, 13 young (26624K), 2 survivors (4096K)
 Metaspace       used 10181K, committed 10304K, reserved 1114112K
  class space    used 1155K, committed 1216K, reserved 1048576K
}
Event: 1.771 GC heap after
{Heap after GC invocations=7 (full 0):
 garbage-first heap   total reserved 4159488K, committed 487424K, used 55168K [0x0000000702200000, 0x0000000800000000)
  region size 2048K, 2 young (4096K), 2 survivors (4096K)
 Metaspace       used 10181K, committed 10304K, reserved 1114112K
  class space    used 1155K, committed 1216K, reserved 1048576K
}
Event: 2.150 GC heap before
{Heap before GC invocations=7 (full 0):
 garbage-first heap   total reserved 4159488K, committed 487424K, used 126848K [0x0000000702200000, 0x0000000800000000)
  region size 2048K, 38 young (77824K), 2 survivors (4096K)
 Metaspace       used 10828K, committed 11008K, reserved 1114112K
  class space    used 1251K, committed 1344K, reserved 1048576K
}
Event: 2.168 GC heap after
{Heap after GC invocations=8 (full 0):
 garbage-first heap   total reserved 4159488K, committed 487424K, used 65925K [0x0000000702200000, 0x0000000800000000)
  region size 2048K, 5 young (10240K), 5 survivors (10240K)
 Metaspace       used 10828K, committed 11008K, reserved 1114112K
  class space    used 1251K, committed 1344K, reserved 1048576K
}
Event: 6.451 GC heap before
{Heap before GC invocations=8 (full 0):
 garbage-first heap   total reserved 4159488K, committed 487424K, used 254341K [0x0000000702200000, 0x0000000800000000)
  region size 2048K, 97 young (198656K), 5 survivors (10240K)
 Metaspace       used 16823K, committed 17152K, reserved 1114112K
  class space    used 1896K, committed 2048K, reserved 1048576K
}
Event: 6.542 GC heap after
{Heap after GC invocations=9 (full 0):
 garbage-first heap   total reserved 4159488K, committed 487424K, used 101835K [0x0000000702200000, 0x0000000800000000)
  region size 2048K, 13 young (26624K), 13 survivors (26624K)
 Metaspace       used 16823K, committed 17152K, reserved 1114112K
  class space    used 1896K, committed 2048K, reserved 1048576K
}
Event: 8.886 GC heap before
{Heap before GC invocations=9 (full 0):
 garbage-first heap   total reserved 4159488K, committed 487424K, used 189899K [0x0000000702200000, 0x0000000800000000)
  region size 2048K, 56 young (114688K), 13 survivors (26624K)
 Metaspace       used 18038K, committed 18304K, reserved 1114112K
  class space    used 2017K, committed 2112K, reserved 1048576K
}

Dll operation events (9 events):
Event: 0.009 Loaded shared library C:\Program Files\Java\jdk-22\bin\java.dll
Event: 0.039 Loaded shared library C:\Program Files\Java\jdk-22\bin\jsvml.dll
Event: 0.063 Loaded shared library C:\Program Files\Java\jdk-22\bin\net.dll
Event: 0.065 Loaded shared library C:\Program Files\Java\jdk-22\bin\nio.dll
Event: 0.069 Loaded shared library C:\Program Files\Java\jdk-22\bin\zip.dll
Event: 0.081 Loaded shared library C:\Program Files\Java\jdk-22\bin\jimage.dll
Event: 0.847 Loaded shared library C:\Program Files\Java\jdk-22\bin\verify.dll
Event: 2.259 Loaded shared library C:\Program Files\Java\jdk-22\bin\extnet.dll
Event: 2.331 Loaded shared library C:\Program Files\Java\jdk-22\bin\sunmscapi.dll

Deoptimization events (20 events):
Event: 8.555 Thread 0x00000296461a1ff0 DEOPT PACKING pc=0x000002966c4dcd98 sp=0x000000a0b1dfea00
Event: 8.555 Thread 0x00000296461a1ff0 DEOPT UNPACKING pc=0x000002966bd046a2 sp=0x000000a0b1dfe9d8 mode 2
Event: 8.612 Thread 0x00000296461a1ff0 DEOPT PACKING pc=0x0000029664ae18e3 sp=0x000000a0b1dfe4c0
Event: 8.612 Thread 0x00000296461a1ff0 DEOPT UNPACKING pc=0x000002966bd04e42 sp=0x000000a0b1dfd970 mode 0
Event: 8.632 Thread 0x00000296461a1ff0 DEOPT PACKING pc=0x0000029664ae18e3 sp=0x000000a0b1dfe4c0
Event: 8.634 Thread 0x00000296461a1ff0 DEOPT UNPACKING pc=0x000002966bd04e42 sp=0x000000a0b1dfd970 mode 0
Event: 8.648 Thread 0x00000296461a1ff0 DEOPT PACKING pc=0x0000029664ae18e3 sp=0x000000a0b1dfe4c0
Event: 8.648 Thread 0x00000296461a1ff0 DEOPT UNPACKING pc=0x000002966bd04e42 sp=0x000000a0b1dfd970 mode 0
Event: 8.666 Thread 0x00000296461a1ff0 DEOPT PACKING pc=0x0000029664ae18e3 sp=0x000000a0b1dfe4c0
Event: 8.666 Thread 0x00000296461a1ff0 DEOPT UNPACKING pc=0x000002966bd04e42 sp=0x000000a0b1dfd970 mode 0
Event: 8.681 Thread 0x00000296461a1ff0 DEOPT PACKING pc=0x0000029664ae18e3 sp=0x000000a0b1dfe4c0
Event: 8.681 Thread 0x00000296461a1ff0 DEOPT UNPACKING pc=0x000002966bd04e42 sp=0x000000a0b1dfd970 mode 0
Event: 8.699 Thread 0x00000296461a1ff0 DEOPT PACKING pc=0x0000029664ae18e3 sp=0x000000a0b1dfe4c0
Event: 8.699 Thread 0x00000296461a1ff0 DEOPT UNPACKING pc=0x000002966bd04e42 sp=0x000000a0b1dfd970 mode 0
Event: 8.715 Thread 0x00000296461a1ff0 DEOPT PACKING pc=0x0000029664ae18e3 sp=0x000000a0b1dfe4c0
Event: 8.715 Thread 0x00000296461a1ff0 DEOPT UNPACKING pc=0x000002966bd04e42 sp=0x000000a0b1dfd970 mode 0
Event: 8.771 Thread 0x00000296461a1ff0 Uncommon trap: trap_request=0xffffff6e fr.pc=0x000002966c500108 relative=0x0000000000000aa8
Event: 8.771 Thread 0x00000296461a1ff0 Uncommon trap: reason=loop_limit_check action=maybe_recompile pc=0x000002966c500108 method=com.sun.org.apache.xerces.internal.parsers.AbstractSAXParser.startElement(Lcom/sun/org/apache/xerces/internal/xni/QName;Lcom/sun/org/apache/xerces/internal/xni/XMLA
Event: 8.771 Thread 0x00000296461a1ff0 DEOPT PACKING pc=0x000002966c500108 sp=0x000000a0b1dfe480
Event: 8.771 Thread 0x00000296461a1ff0 DEOPT UNPACKING pc=0x000002966bd046a2 sp=0x000000a0b1dfe440 mode 2

Classes loaded (20 events):
Event: 8.321 Loading class java/io/ObjectOutputStream
Event: 8.322 Loading class java/io/ObjectOutput
Event: 8.322 Loading class java/io/ObjectOutput done
Event: 8.323 Loading class java/io/ObjectOutputStream done
Event: 8.323 Loading class java/util/zip/ZipInputStream
Event: 8.324 Loading class java/util/zip/ZipInputStream done
Event: 8.324 Loading class java/util/zip/ZipOutputStream
Event: 8.325 Loading class java/util/zip/DeflaterOutputStream
Event: 8.325 Loading class java/util/zip/DeflaterOutputStream done
Event: 8.325 Loading class java/util/zip/ZipOutputStream done
Event: 8.335 Loading class java/io/PushbackInputStream
Event: 8.335 Loading class java/io/PushbackInputStream done
Event: 8.342 Loading class java/util/zip/GZIPInputStream
Event: 8.343 Loading class java/util/zip/GZIPInputStream done
Event: 8.553 Loading class java/lang/FdLibm$Log
Event: 8.553 Loading class java/lang/FdLibm$Log done
Event: 8.553 Loading class java/lang/FdLibm
Event: 8.553 Loading class java/lang/FdLibm done
Event: 8.591 Loading class org/xml/sax/helpers/XMLReaderFactory
Event: 8.591 Loading class org/xml/sax/helpers/XMLReaderFactory done

Classes unloaded (0 events):
No events

Classes redefined (0 events):
No events

Internal exceptions (20 events):
Event: 2.392 Thread 0x0000029645240c30 Exception <a 'java/lang/NoSuchMethodError'{0x000000071eb13688}: 'java.lang.Object java.lang.invoke.DirectMethodHandle$Holder.invokeSpecialIFC(java.lang.Object, java.lang.Object, java.lang.Object, java.lang.Object)'> (0x000000071eb13688) 
thrown [s\open\src\hotspot\share\interpreter\linkResolver.cpp, line 774]
Event: 2.393 Thread 0x0000029645240c30 Exception <a 'java/lang/NoSuchMethodError'{0x000000071eb19b90}: 'java.lang.Object java.lang.invoke.DirectMethodHandle$Holder.invokeVirtual(java.lang.Object, java.lang.Object, java.lang.Object, java.lang.Object)'> (0x000000071eb19b90) 
thrown [s\open\src\hotspot\share\interpreter\linkResolver.cpp, line 774]
Event: 2.408 Thread 0x0000029645240c30 Exception <a 'java/lang/NoSuchMethodError'{0x000000071ebab518}: 'int java.lang.invoke.DirectMethodHandle$Holder.invokeStatic(java.lang.Object, java.lang.Object, java.lang.Object, java.lang.Object)'> (0x000000071ebab518) 
thrown [s\open\src\hotspot\share\interpreter\linkResolver.cpp, line 774]
Event: 2.409 Thread 0x0000029645240c30 Exception <a 'java/lang/NoSuchMethodError'{0x000000071ebae928}: 'java.lang.Object java.lang.invoke.Invokers$Holder.invokeExact_MT(java.lang.Object, java.lang.Object, java.lang.Object, java.lang.Object, java.lang.Object, java.lang.Object)'> (0x000000071ebae928) 
thrown [s\open\src\hotspot\share\interpreter\linkResolver.cpp, line 774]
Event: 2.445 Thread 0x0000029645240c30 Exception <a 'java/lang/NoSuchMethodError'{0x000000071e9f1280}: 'java.lang.Object java.lang.invoke.DirectMethodHandle$Holder.newInvokeSpecial(java.lang.Object, java.lang.Object, java.lang.Object, java.lang.Object, java.lang.Object, java.lang.Object, java.lang.Object)'> (0x000000071e9f1280) 
thrown [s\open\src\hotspot\share\interpreter\linkResolver.cpp, line 774]
Event: 2.447 Thread 0x0000029645240c30 Exception <a 'java/lang/NoSuchMethodError'{0x000000071e9fab88}: 'void java.lang.invoke.DirectMethodHandle$Holder.invokeSpecial(java.lang.Object, java.lang.Object, java.lang.Object)'> (0x000000071e9fab88) 
thrown [s\open\src\hotspot\share\interpreter\linkResolver.cpp, line 774]
Event: 2.549 Thread 0x00000296461a12d0 Exception <a 'java/lang/NoSuchMethodError'{0x000000071e229fd0}: 'java.lang.Object java.lang.invoke.DirectMethodHandle$Holder.newInvokeSpecial(java.lang.Object, java.lang.Object, java.lang.Object, java.lang.Object, java.lang.Object)'> (0x000000071e229fd0) 
thrown [s\open\src\hotspot\share\interpreter\linkResolver.cpp, line 774]
Event: 2.553 Thread 0x00000296461a12d0 Exception <a 'java/lang/NoSuchMethodError'{0x000000071e2397b8}: 'int java.lang.invoke.DirectMethodHandle$Holder.invokeStaticInit(java.lang.Object, java.lang.Object)'> (0x000000071e2397b8) 
thrown [s\open\src\hotspot\share\interpreter\linkResolver.cpp, line 774]
Event: 2.557 Thread 0x00000296461a12d0 Exception <a 'java/lang/NoSuchMethodError'{0x000000071e24efc0}: 'java.lang.Object java.lang.invoke.DirectMethodHandle$Holder.newInvokeSpecial(java.lang.Object, java.lang.Object, java.lang.Object, int, java.lang.Object, java.lang.Object, java.lang.Object, java.lang.Object, java.lang.Object, java.lang.Object, java.lang.Object)'> (0x000000071e24efc0) 
thrown [s\open\src\hotspot\share\interpreter\linkResolver.cpp, line 774]
Event: 2.567 Thread 0x00000296461a1ff0 Exception <a 'java/lang/NoSuchMethodError'{0x000000071e31e6e0}: 'java.lang.Object java.lang.invoke.DirectMethodHandle$Holder.newInvokeSpecial(java.lang.Object, java.lang.Object, java.lang.Object, java.lang.Object, java.lang.Object, java.lang.Object, java.lang.Object, java.lang.Object)'> (0x000000071e31e6e0) 
thrown [s\open\src\hotspot\share\interpreter\linkResolver.cpp, line 774]
Event: 2.754 Thread 0x00000296461a1ff0 Exception <a 'java/lang/NoSuchMethodError'{0x000000071dcc2790}: 'int java.lang.invoke.DirectMethodHandle$Holder.invokeVirtual(java.lang.Object, java.lang.Object, java.lang.Object)'> (0x000000071dcc2790) 
thrown [s\open\src\hotspot\share\interpreter\linkResolver.cpp, line 774]
Event: 2.793 Thread 0x00000296461a1ff0 Exception <a 'java/lang/NoSuchMethodError'{0x000000071db8fed0}: 'void java.lang.invoke.DirectMethodHandle$Holder.invokeInterface(java.lang.Object, java.lang.Object, java.lang.Object)'> (0x000000071db8fed0) 
thrown [s\open\src\hotspot\share\interpreter\linkResolver.cpp, line 774]
Event: 2.836 Thread 0x00000296461a1ff0 Exception <a 'java/lang/NoSuchMethodError'{0x000000071d86e038}: 'java.lang.Object java.lang.invoke.DirectMethodHandle$Holder.invokeVirtual(java.lang.Object, java.lang.Object, java.lang.Object)'> (0x000000071d86e038) 
thrown [s\open\src\hotspot\share\interpreter\linkResolver.cpp, line 774]
Event: 7.783 Thread 0x00000296461a1ff0 Implicit null exception at 0x000002966c495886 to 0x000002966c4958b8
Event: 7.837 Thread 0x00000296461a1ff0 Exception <a 'java/io/FileNotFoundException'{0x000000071bc3de70}> (0x000000071bc3de70) 
thrown [s\open\src\hotspot\share\prims\jni.cpp, line 520]
Event: 7.871 Thread 0x00000296461a1ff0 Exception <a 'java/lang/NoSuchMethodError'{0x000000071bca27f0}: 'void java.lang.invoke.DirectMethodHandle$Holder.invokeStaticInit(java.lang.Object)'> (0x000000071bca27f0) 
thrown [s\open\src\hotspot\share\interpreter\linkResolver.cpp, line 774]
Event: 7.872 Thread 0x00000296461a1ff0 Exception <a 'java/lang/NoSuchMethodError'{0x000000071bca7c18}: 'java.lang.Object java.lang.invoke.DirectMethodHandle$Holder.invokeStatic(java.lang.Object, java.lang.Object, int, java.lang.Object)'> (0x000000071bca7c18) 
thrown [s\open\src\hotspot\share\interpreter\linkResolver.cpp, line 774]
Event: 7.873 Thread 0x00000296461a1ff0 Exception <a 'java/lang/NoSuchMethodError'{0x000000071bcae408}: 'java.lang.Object java.lang.invoke.DirectMethodHandle$Holder.newInvokeSpecial(java.lang.Object, java.lang.Object, int)'> (0x000000071bcae408) 
thrown [s\open\src\hotspot\share\interpreter\linkResolver.cpp, line 774]
Event: 7.882 Thread 0x00000296461a1ff0 Exception <a 'java/lang/NoSuchMethodError'{0x000000071bccc0c8}: 'java.lang.Object java.lang.invoke.DirectMethodHandle$Holder.newInvokeSpecial(java.lang.Object, java.lang.Object, java.lang.Object, int, java.lang.Object)'> (0x000000071bccc0c8) 
thrown [s\open\src\hotspot\share\interpreter\linkResolver.cpp, line 774]
Event: 7.883 Thread 0x00000296461a1ff0 Exception <a 'java/lang/NoSuchMethodError'{0x000000071bcd3860}: 'java.lang.Object java.lang.invoke.Invokers$Holder.linkToTargetMethod(java.lang.Object, java.lang.Object, int, java.lang.Object, java.lang.Object)'> (0x000000071bcd3860) 
thrown [s\open\src\hotspot\share\interpreter\linkResolver.cpp, line 774]

ZGC Phase Switch (0 events):
No events

VM Operations (20 events):
Event: 3.244 Executing VM operation: ICBufferFull done
Event: 3.822 Executing VM operation: ThreadDump
Event: 3.823 Executing VM operation: ThreadDump done
Event: 4.815 Executing VM operation: ThreadDump
Event: 4.816 Executing VM operation: ThreadDump done
Event: 5.815 Executing VM operation: ThreadDump
Event: 5.817 Executing VM operation: ThreadDump done
Event: 6.450 Executing VM operation: G1CollectForAllocation (G1 Evacuation Pause)
Event: 6.542 Executing VM operation: G1CollectForAllocation (G1 Evacuation Pause) done
Event: 6.815 Executing VM operation: ThreadDump
Event: 6.815 Executing VM operation: ThreadDump done
Event: 7.816 Executing VM operation: Cleanup
Event: 7.816 Executing VM operation: Cleanup done
Event: 7.817 Executing VM operation: ThreadDump
Event: 7.818 Executing VM operation: ThreadDump done
Event: 8.591 Executing VM operation: HandshakeAllThreads (Deoptimize)
Event: 8.591 Executing VM operation: HandshakeAllThreads (Deoptimize) done
Event: 8.815 Executing VM operation: ThreadDump
Event: 8.816 Executing VM operation: ThreadDump done
Event: 8.886 Executing VM operation: G1CollectForAllocation (G1 Evacuation Pause)

Events (20 events):
Event: 0.037 Thread 0x000002967abc3fb0 Thread added: 0x000002967abc3fb0
Event: 0.037 Thread 0x000002967abc7ac0 Thread added: 0x000002967abc7ac0
Event: 0.037 Thread 0x000002967abc8540 Thread added: 0x000002967abc8540
Event: 0.037 Thread 0x000002967abcc680 Thread added: 0x000002967abcc680
Event: 0.037 Thread 0x000002967abd9050 Thread added: 0x000002967abd9050
Event: 0.038 Thread 0x000002967abdd720 Thread added: 0x000002967abdd720
Event: 0.059 Thread 0x00000296452332e0 Thread added: 0x00000296452332e0
Event: 0.061 Thread 0x000002964523a5a0 Thread added: 0x000002964523a5a0
Event: 0.124 Thread 0x00000296454177d0 Thread added: 0x00000296454177d0
Event: 0.814 Thread 0x0000029645f8d270 Thread added: 0x0000029645f8d270
Event: 0.822 Thread 0x0000029645f887f0 Thread added: 0x0000029645f887f0
Event: 2.234 Thread 0x000002964685eaa0 Thread added: 0x000002964685eaa0
Event: 2.377 Thread 0x0000029646237a40 Thread added: 0x0000029646237a40
Event: 2.379 Thread 0x00000296462258c0 Thread added: 0x00000296462258c0
Event: 2.379 Thread 0x000002965a2c0f10 Thread exited: 0x000002965a2c0f10
Event: 2.379 Thread 0x000002965a2c0f10 Thread added: 0x000002965a2c0f10
Event: 2.387 Thread 0x0000029645240c30 Thread added: 0x0000029645240c30
Event: 2.502 Thread 0x00000296461a1960 Thread added: 0x00000296461a1960
Event: 2.504 Thread 0x00000296461a12d0 Thread added: 0x00000296461a12d0
Event: 2.559 Thread 0x00000296461a1ff0 Thread added: 0x00000296461a1ff0


Dynamic libraries:
0x00007ff604ef0000 - 0x00007ff604f00000 	C:\Program Files\Java\jdk-22\bin\java.exe
0x00007ffef56b0000 - 0x00007ffef58a8000 	C:\Windows\SYSTEM32\ntdll.dll
0x00007ffecc770000 - 0x00007ffecc789000 	C:\Program Files\AVG\Antivirus\aswhook.dll
0x00007ffef4640000 - 0x00007ffef46fd000 	C:\Windows\System32\KERNEL32.DLL
0x00007ffef3050000 - 0x00007ffef3346000 	C:\Windows\System32\KERNELBASE.dll
0x00007ffef2e70000 - 0x00007ffef2f70000 	C:\Windows\System32\ucrtbase.dll
0x00007ffecb230000 - 0x00007ffecb247000 	C:\Program Files\Java\jdk-22\bin\jli.dll
0x00007ffecae00000 - 0x00007ffecae1b000 	C:\Program Files\Java\jdk-22\bin\VCRUNTIME140.dll
0x00007ffef3c20000 - 0x00007ffef3cd0000 	C:\Windows\System32\ADVAPI32.dll
0x00007ffef3d80000 - 0x00007ffef3e1e000 	C:\Windows\System32\msvcrt.dll
0x00007ffef55d0000 - 0x00007ffef5670000 	C:\Windows\System32\sechost.dll
0x00007ffef4040000 - 0x00007ffef4163000 	C:\Windows\System32\RPCRT4.dll
0x00007ffef2f70000 - 0x00007ffef2f97000 	C:\Windows\System32\bcrypt.dll
0x00007ffef3a20000 - 0x00007ffef3bbf000 	C:\Windows\System32\USER32.dll
0x00007ffef34b0000 - 0x00007ffef34d2000 	C:\Windows\System32\win32u.dll
0x00007ffee0140000 - 0x00007ffee03da000 	C:\Windows\WinSxS\amd64_microsoft.windows.common-controls_6595b64144ccf1df_6.0.19041.4355_none_60b8b9eb71f62e16\COMCTL32.dll
0x00007ffef4b30000 - 0x00007ffef4b5b000 	C:\Windows\System32\GDI32.dll
0x00007ffef34e0000 - 0x00007ffef35f7000 	C:\Windows\System32\gdi32full.dll
0x00007ffef3600000 - 0x00007ffef369d000 	C:\Windows\System32\msvcp_win.dll
0x00007ffeeca30000 - 0x00007ffeeca3a000 	C:\Windows\SYSTEM32\VERSION.dll
0x00007ffef4b60000 - 0x00007ffef4b8f000 	C:\Windows\System32\IMM32.DLL
0x00007ffed9320000 - 0x00007ffed932c000 	C:\Program Files\Java\jdk-22\bin\vcruntime140_1.dll
0x00007ffec5380000 - 0x00007ffec540e000 	C:\Program Files\Java\jdk-22\bin\msvcp140.dll
0x00007ffea84f0000 - 0x00007ffea9238000 	C:\Program Files\Java\jdk-22\bin\server\jvm.dll
0x00007ffef3f60000 - 0x00007ffef3fcb000 	C:\Windows\System32\WS2_32.dll
0x00007ffedca70000 - 0x00007ffedca97000 	C:\Windows\SYSTEM32\WINMM.dll
0x00007ffef2bc0000 - 0x00007ffef2c0b000 	C:\Windows\SYSTEM32\POWRPROF.dll
0x00007ffef2ba0000 - 0x00007ffef2bb2000 	C:\Windows\SYSTEM32\UMPDC.dll
0x00007ffef1540000 - 0x00007ffef1552000 	C:\Windows\SYSTEM32\kernel.appcore.dll
0x00007ffed9190000 - 0x00007ffed919a000 	C:\Program Files\Java\jdk-22\bin\jimage.dll
0x00007ffef0a90000 - 0x00007ffef0c74000 	C:\Windows\SYSTEM32\DBGHELP.DLL
0x00007ffee3b40000 - 0x00007ffee3b74000 	C:\Windows\SYSTEM32\dbgcore.DLL
0x00007ffef2d70000 - 0x00007ffef2df2000 	C:\Windows\System32\bcryptPrimitives.dll
0x00007ffecade0000 - 0x00007ffecadfe000 	C:\Program Files\Java\jdk-22\bin\java.dll
0x00007ffef4cb0000 - 0x00007ffef541c000 	C:\Windows\System32\SHELL32.dll
0x00007ffef3e20000 - 0x00007ffef3f4b000 	C:\Windows\System32\ole32.dll
0x00007ffef47d0000 - 0x00007ffef4b23000 	C:\Windows\System32\combase.dll
0x00007ffef0c80000 - 0x00007ffef141d000 	C:\Windows\SYSTEM32\windows.storage.dll
0x00007ffef25e0000 - 0x00007ffef260e000 	C:\Windows\SYSTEM32\Wldp.dll
0x00007ffef4700000 - 0x00007ffef47cd000 	C:\Windows\System32\OLEAUT32.dll
0x00007ffef3cd0000 - 0x00007ffef3d7d000 	C:\Windows\System32\SHCORE.dll
0x00007ffef3bc0000 - 0x00007ffef3c15000 	C:\Windows\System32\shlwapi.dll
0x00007ffef2ca0000 - 0x00007ffef2cc4000 	C:\Windows\SYSTEM32\profapi.dll
0x00007ffec2f50000 - 0x00007ffec3027000 	C:\Program Files\Java\jdk-22\bin\jsvml.dll
0x00007ffed8fe0000 - 0x00007ffed8ff0000 	C:\Program Files\Java\jdk-22\bin\net.dll
0x00007ffef23c0000 - 0x00007ffef242a000 	C:\Windows\system32\mswsock.dll
0x00007ffecadc0000 - 0x00007ffecadd6000 	C:\Program Files\Java\jdk-22\bin\nio.dll
0x00007ffecac50000 - 0x00007ffecac67000 	C:\Program Files\Java\jdk-22\bin\zip.dll
0x00007ffecc6e0000 - 0x00007ffecc6f0000 	C:\Program Files\Java\jdk-22\bin\verify.dll
0x00007ffef2100000 - 0x00007ffef21ca000 	C:\Windows\SYSTEM32\DNSAPI.dll
0x00007ffef20c0000 - 0x00007ffef20fb000 	C:\Windows\SYSTEM32\IPHLPAPI.DLL
0x00007ffef3fd0000 - 0x00007ffef3fd8000 	C:\Windows\System32\NSI.dll
0x00007ffee06a0000 - 0x00007ffee06aa000 	C:\Windows\System32\rasadhlp.dll
0x00007ffeea6b0000 - 0x00007ffeea730000 	C:\Windows\System32\fwpuclnt.dll
0x00007ffecbe30000 - 0x00007ffecbe39000 	C:\Program Files\Java\jdk-22\bin\extnet.dll
0x00007ffecbdb0000 - 0x00007ffecbdbe000 	C:\Program Files\Java\jdk-22\bin\sunmscapi.dll
0x00007ffef3350000 - 0x00007ffef34ae000 	C:\Windows\System32\CRYPT32.dll
0x00007ffef2730000 - 0x00007ffef2759000 	C:\Windows\SYSTEM32\ncrypt.dll
0x00007ffef26f0000 - 0x00007ffef272b000 	C:\Windows\SYSTEM32\NTASN1.dll
0x00007ffea7230000 - 0x00007ffea7237000 	C:\Windows\system32\wshunix.dll
0x00007ffef2620000 - 0x00007ffef2638000 	C:\Windows\SYSTEM32\CRYPTSP.dll
0x00007ffef1d00000 - 0x00007ffef1d34000 	C:\Windows\system32\rsaenh.dll
0x00007ffef2c10000 - 0x00007ffef2c3e000 	C:\Windows\SYSTEM32\USERENV.dll
0x00007ffef2550000 - 0x00007ffef255c000 	C:\Windows\SYSTEM32\CRYPTBASE.dll

dbghelp: loaded successfully - version: 4.0.5 - missing functions: none
symbol engine: initialized successfully - sym options: 0x614 - pdb path: .;C:\Program Files\Java\jdk-22\bin;C:\Windows\SYSTEM32;C:\Program Files\AVG\Antivirus;C:\Windows\WinSxS\amd64_microsoft.windows.common-controls_6595b64144ccf1df_6.0.19041.4355_none_60b8b9eb71f62e16;C:\Program Files\Java\jdk-22\bin\server

VM Arguments:
java_command: org.languagetool.server.HTTPServer -p 8084
java_class_path (initial): C:\Users\elmohandes\.cache\language_tool_python\LanguageTool-6.4\languagetool-server.jar
Launcher Type: SUN_STANDARD

[Global flags]
     intx CICompilerCount                          = 3                                         {product} {ergonomic}
     uint ConcGCThreads                            = 1                                         {product} {ergonomic}
     uint G1ConcRefinementThreads                  = 4                                         {product} {ergonomic}
   size_t G1HeapRegionSize                         = 2097152                                   {product} {ergonomic}
   size_t InitialHeapSize                          = 266338304                                 {product} {ergonomic}
   size_t MarkStackSize                            = 4194304                                   {product} {ergonomic}
   size_t MaxHeapSize                              = 4259315712                                {product} {ergonomic}
   size_t MaxNewSize                               = 2554331136                                {product} {ergonomic}
   size_t MinHeapDeltaBytes                        = 2097152                                   {product} {ergonomic}
   size_t MinHeapSize                              = 8388608                                   {product} {ergonomic}
    uintx NonNMethodCodeHeapSize                   = 5832780                                {pd product} {ergonomic}
    uintx NonProfiledCodeHeapSize                  = 122912730                              {pd product} {ergonomic}
    uintx ProfiledCodeHeapSize                     = 122912730                              {pd product} {ergonomic}
    uintx ReservedCodeCacheSize                    = 251658240                              {pd product} {ergonomic}
     bool SegmentedCodeCache                       = true                                      {product} {ergonomic}
   size_t SoftMaxHeapSize                          = 4259315712                             {manageable} {ergonomic}
     bool UseCompressedOops                        = true                           {product lp64_product} {ergonomic}
     bool UseG1GC                                  = true                                      {product} {ergonomic}
     bool UseLargePagesIndividualAllocation        = false                                  {pd product} {ergonomic}

Logging:
Log output configuration:
 #0: stdout all=warning uptime,level,tags foldmultilines=false
 #1: stderr all=off uptime,level,tags foldmultilines=false

Environment Variables:
PATH=C:\Program Files\Common Files\Oracle\Java\javapath;C:\Windows\system32;C:\Windows;C:\Windows\System32\Wbem;C:\Windows\System32\WindowsPowerShell\v1.0\;C:\Windows\System32\OpenSSH\;C:\Program Files\Git\cmd;C:\Program Files\nodejs\;D:\xampp\php;C:\ProgramData\ComposerSetup\bin;C:\msys64\mingw64\bin;C:\Program Files\dotnet\;C:\Users\ayiah\AppData\Roaming\Composer\vendor\bin;C:\Program Files\Docker\Docker\resources\bin;C:\Users\elmohandes\AppData\Local\Programs\Python\Python312;C:\Program Files\Common Files\Oracle\Java\javapath;C:\Windows\system32;C:\Windows;C:\Windows\System32\Wbem;C:\Windows\System32\WindowsPowerShell\v1.0\;C:\Windows\System32\OpenSSH\;C:\Program Files\Git\cmd;C:\Program Files\nodejs\;D:\xampp\php;C:\ProgramData\ComposerSetup\bin;C:\msys64\mingw64\bin;C:\Program Files\dotnet\;C:\Users\ayiah\AppData\Roaming\Composer\vendor\bin;C:\Program Files\Docker\Docker\resources\bin;C:\Users\elmohandes\AppData\Local\Programs\Python\Python312;C:\Users\elmohandes\AppData\Local\Programs\Python\Python312\Scripts\;C:\Users\elmohandes\AppData\Local\Programs\Python\Python312\;C:\Users\elmohandes\AppData\Local\Programs\Python\Launcher\;C:\Users\elmohandes\AppData\Local\Microsoft\WindowsApps;C:\Users\elmohandes\AppData\Local\GitHubDesktop\bin;C:\Users\elmohandes\AppData\Roaming\npm;C:\Users\elmohandes\AppData\Roaming\Composer\vendor\bin;C:\Users\elmohandes\AppData\Local\Programs\Microsoft VS Code\bin;C:\Users\elmohandes\.dotnet\tools;C:\Users\elmohandes\AppData\Local\Programs\Python\Py;C:\Program Files\JetBrains\PyCharm 2024.1.3\bin;;D:\ayma fashion\backend\node_modules\.bin
USERNAME=elmohandes
OS=Windows_NT
PROCESSOR_IDENTIFIER=Intel64 Family 6 Model 142 Stepping 9, GenuineIntel
TMP=C:\Users\ELMOHA~1\AppData\Local\Temp
TEMP=C:\Users\ELMOHA~1\AppData\Local\Temp




Periodic native trim disabled

---------------  S Y S T E M  ---------------

OS:
 Windows 10 , 64 bit Build 19041 (10.0.19041.3636)
OS uptime: 0 days 4:25 hours
Hyper-V role detected

CPU: total 4 (initial active 4) (2 cores per cpu, 2 threads per core) family 6 model 142 stepping 9 microcode 0xea, cx8, cmov, fxsr, ht, mmx, 3dnowpref, sse, sse2, sse3, ssse3, sse4.1, sse4.2, popcnt, lzcnt, tsc, tscinvbit, avx, avx2, aes, erms, clmul, bmi1, bmi2, rtm, adx, fma, vzeroupper, clflush, clflushopt, hv, rdtscp, f16c
Processor Information for all 4 processors :
  Max Mhz: 2701, Current Mhz: 1500, Mhz Limit: 2701

Memory: 4k page, system-wide physical 16245M (377M free)
TotalPageFile size 22544M (AvailPageFile size 80M)
current process WorkingSet (physical memory assigned to process): 475M, peak: 475M
current process commit charge ("private bytes"): 636M, peak: 1112M

vm_info: Java HotSpot(TM) 64-Bit Server VM (22+36-2370) for windows-amd64 JRE (22+36-2370), built on 2024-02-15T22:15:19Z by "mach5one" with MS VC++ 17.6 (VS2022)

END.
