#
# There is insufficient memory for the Java Runtime Environment to continue.
# Native memory allocation (mmap) failed to map 461373440 bytes. Error detail: G1 virtual space
# Possible reasons:
#   The system is out of physical RAM or swap space
#   This process is running with CompressedOops enabled, and the Java Heap may be blocking the growth of the native heap
# Possible solutions:
#   Reduce memory load on the system
#   Increase physical memory or swap space
#   Check if swap backing store is full
#   Decrease Java heap size (-Xmx/-Xms)
#   Decrease number of Java threads
#   Decrease Java thread stack sizes (-Xss)
#   Set larger code cache with -XX:ReservedCodeCacheSize=
#   JVM is running with Zero Based Compressed Oops mode in which the Java heap is
#     placed in the first 32GB address space. The Java Heap base address is the
#     maximum limit for the native heap growth. Please use -XX:HeapBaseMinAddress
#     to set the Java Heap base and to place the Java Heap above 32GB virtual address.
# This output file may be truncated or incomplete.
#
#  Out of Memory Error (os_windows.cpp:3631), pid=20992, tid=20544
#
# JRE version: Java(TM) SE Runtime Environment (22.0+36) (build 22+36-2370)
# Java VM: Java HotSpot(TM) 64-Bit Server VM (22+36-2370, mixed mode, sharing, tiered, compressed oops, compressed class ptrs, g1 gc, windows-amd64)
# No core dump will be written. Minidumps are not enabled by default on client versions of Windows
#

---------------  S U M M A R Y ------------

Command Line: org.languagetool.server.HTTPServer -p 8084

Host: Intel(R) Core(TM) i5-7300U CPU @ 2.60GHz, 4 cores, 15G,  Windows 10 , 64 bit Build 19041 (10.0.19041.3636)
Time: Wed Jun 19 19:26:13 2024 Egypt Daylight Time elapsed time: 7.083464 seconds (0d 0h 0m 7s)

---------------  T H R E A D  ---------------

Current thread (0x000002765ff80d30):  VMThread "VM Thread"          [id=20544, stack(0x000000c6eda00000,0x000000c6edb00000) (1024K)]

Stack: [0x000000c6eda00000,0x000000c6edb00000]
Native frames: (J=compiled Java code, j=interpreted, Vv=VM code, C=native code)
V  [jvm.dll+0x6e2349]  (no source info available)
V  [jvm.dll+0x874ed3]  (no source info available)
V  [jvm.dll+0x8772fe]  (no source info available)
V  [jvm.dll+0x8779d3]  (no source info available)
V  [jvm.dll+0x27fcb6]  (no source info available)
V  [jvm.dll+0x6de9e5]  (no source info available)
V  [jvm.dll+0x6d34ea]  (no source info available)
V  [jvm.dll+0x35892a]  (no source info available)
V  [jvm.dll+0x360e56]  (no source info available)
V  [jvm.dll+0x3b3d7e]  (no source info available)
V  [jvm.dll+0x3b4028]  (no source info available)
V  [jvm.dll+0x32c4ec]  (no source info available)
V  [jvm.dll+0x32c577]  (no source info available)
V  [jvm.dll+0x3721ec]  (no source info available)
V  [jvm.dll+0x3708e6]  (no source info available)
V  [jvm.dll+0x32bbd7]  (no source info available)
V  [jvm.dll+0x3700a4]  (no source info available)
V  [jvm.dll+0x87d870]  (no source info available)
V  [jvm.dll+0x87ebf7]  (no source info available)
V  [jvm.dll+0x87f170]  (no source info available)
V  [jvm.dll+0x87f413]  (no source info available)
V  [jvm.dll+0x81d50b]  (no source info available)
V  [jvm.dll+0x6e09e5]  (no source info available)
C  [ucrtbase.dll+0x21bb2]  (no source info available)
C  [KERNEL32.DLL+0x17344]  (no source info available)
C  [ntdll.dll+0x4cc91]  (no source info available)

VM_Operation (0x000000c6eeffd580): G1CollectForAllocation, mode: safepoint, requested by thread 0x00000276a6c39910


---------------  P R O C E S S  ---------------

Threads class SMR info:
_java_thread_list=0x00000276a65386e0, length=19, elements={
0x000002765ff9dff0, 0x000002765ff9ef10, 0x000002765ffa3720, 0x000002765ffa8900,
0x000002765ffa9770, 0x000002765ffad6d0, 0x000002765ffb8480, 0x000002765ffb8f30,
0x00000276a5271d40, 0x00000276a5288320, 0x00000276a54258f0, 0x00000276a6056260,
0x00000276a5fd6340, 0x00000276a6aca270, 0x00000276a62c25d0, 0x00000276a67f6980,
0x000002763f5a16d0, 0x00000276a528c9a0, 0x00000276a6c39910
}

Java Threads: ( => current thread )
  0x000002765ff9dff0 JavaThread "Reference Handler"          daemon [_thread_blocked, id=17384, stack(0x000000c6edb00000,0x000000c6edc00000) (1024K)]
  0x000002765ff9ef10 JavaThread "Finalizer"                  daemon [_thread_blocked, id=9172, stack(0x000000c6edc00000,0x000000c6edd00000) (1024K)]
  0x000002765ffa3720 JavaThread "Signal Dispatcher"          daemon [_thread_blocked, id=20452, stack(0x000000c6edd00000,0x000000c6ede00000) (1024K)]
  0x000002765ffa8900 JavaThread "Attach Listener"            daemon [_thread_blocked, id=22324, stack(0x000000c6ede00000,0x000000c6edf00000) (1024K)]
  0x000002765ffa9770 JavaThread "Service Thread"             daemon [_thread_blocked, id=17000, stack(0x000000c6edf00000,0x000000c6ee000000) (1024K)]
  0x000002765ffad6d0 JavaThread "Monitor Deflation Thread"   daemon [_thread_blocked, id=22124, stack(0x000000c6ee000000,0x000000c6ee100000) (1024K)]
  0x000002765ffb8480 JavaThread "C2 CompilerThread0"         daemon [_thread_blocked, id=2532, stack(0x000000c6ee100000,0x000000c6ee200000) (1024K)]
  0x000002765ffb8f30 JavaThread "C1 CompilerThread0"         daemon [_thread_blocked, id=16112, stack(0x000000c6ee200000,0x000000c6ee300000) (1024K)]
  0x00000276a5271d40 JavaThread "Notification Thread"        daemon [_thread_blocked, id=20848, stack(0x000000c6ee300000,0x000000c6ee400000) (1024K)]
  0x00000276a5288320 JavaThread "Common-Cleaner"             daemon [_thread_blocked, id=21936, stack(0x000000c6ee400000,0x000000c6ee500000) (1024K)]
  0x00000276a54258f0 JavaThread "C2 CompilerThread1"         daemon [_thread_blocked, id=17932, stack(0x000000c6ee500000,0x000000c6ee600000) (1024K)]
  0x00000276a6056260 JavaThread "LtThreadPoolMonitor"        daemon [_thread_blocked, id=19288, stack(0x000000c6ee900000,0x000000c6eea00000) (1024K)]
  0x00000276a5fd6340 JavaThread "LtThreadPoolExecutorMonitor" daemon [_thread_blocked, id=16332, stack(0x000000c6eea00000,0x000000c6eeb00000) (1024K)]
  0x00000276a6aca270 JavaThread "LtThreadPoolExecutorMonitor" daemon [_thread_blocked, id=12896, stack(0x000000c6eeb00000,0x000000c6eec00000) (1024K)]
  0x00000276a62c25d0 JavaThread "idle-timeout-task"          daemon [_thread_blocked, id=14220, stack(0x000000c6eec00000,0x000000c6eed00000) (1024K)]
  0x00000276a67f6980 JavaThread "HTTP-Dispatcher"                   [_thread_in_native, id=15900, stack(0x000000c6eed00000,0x000000c6eee00000) (1024K)]
  0x000002763f5a16d0 JavaThread "DestroyJavaVM"                     [_thread_blocked, id=864, stack(0x000000c6ed300000,0x000000c6ed400000) (1024K)]
  0x00000276a528c9a0 JavaThread "lt-server-thread-0"                [_thread_blocked, id=8752, stack(0x000000c6eee00000,0x000000c6eef00000) (1024K)]
  0x00000276a6c39910 JavaThread "lt-text-checker-thread-0"          [_thread_blocked, id=20792, stack(0x000000c6eef00000,0x000000c6ef000000) (1024K)]
Total: 19

Other Threads:
=>0x000002765ff80d30 VMThread "VM Thread"                           [id=20544, stack(0x000000c6eda00000,0x000000c6edb00000) (1024K)]
  0x000002765ff67a10 WatcherThread "VM Periodic Task Thread"        [id=19896, stack(0x000000c6ed900000,0x000000c6eda00000) (1024K)]
  0x000002764184b410 WorkerThread "GC Thread#0"                     [id=18792, stack(0x000000c6ed400000,0x000000c6ed500000) (1024K)]
  0x000002765ff810e0 WorkerThread "GC Thread#1"                     [id=14760, stack(0x000000c6ee600000,0x000000c6ee700000) (1024K)]
  0x000002765ff81490 WorkerThread "GC Thread#2"                     [id=20524, stack(0x000000c6ee700000,0x000000c6ee800000) (1024K)]
  0x000002765ff81840 WorkerThread "GC Thread#3"                     [id=9716, stack(0x000000c6ee800000,0x000000c6ee900000) (1024K)]
  0x000002764185cc60 ConcurrentGCThread "G1 Main Marker"            [id=16948, stack(0x000000c6ed500000,0x000000c6ed600000) (1024K)]
  0x000002764185e0c0 WorkerThread "G1 Conc#0"                       [id=6020, stack(0x000000c6ed600000,0x000000c6ed700000) (1024K)]
  0x00000276418ad5f0 ConcurrentGCThread "G1 Refine#0"               [id=5740, stack(0x000000c6ed700000,0x000000c6ed800000) (1024K)]
  0x00000276418ae170 ConcurrentGCThread "G1 Service"                [id=20660, stack(0x000000c6ed800000,0x000000c6ed900000) (1024K)]
Total: 10

Threads with active compile tasks:
C2 CompilerThread0  7230 3397       4       java.util.Spliterators$ArraySpliterator::forEachRemaining (68 bytes)
C2 CompilerThread1  7230 3386   !   4       com.sun.org.apache.xerces.internal.impl.XMLDocumentFragmentScannerImpl$FragmentContentDriver::next (2331 bytes)
Total: 2

VM state: at safepoint (normal execution)

VM Mutex/Monitor currently owned by a thread:  ([mutex/lock_event])
[0x00007ffea915cbc8] Threads_lock - owner thread: 0x000002765ff80d30
[0x00007ffea915ccc8] Heap_lock - owner thread: 0x00000276a6c39910

Heap address: 0x0000000702200000, size: 4062 MB, Compressed Oops mode: Zero based, Oop shift amount: 3

CDS archive(s) mapped at: [0x0000027660000000-0x0000027660c60000-0x0000027660c60000), size 12976128, SharedBaseAddress: 0x0000027660000000, ArchiveRelocationMode: 1.
Compressed class space mapped at: 0x0000027661000000-0x00000276a1000000, reserved size: 1073741824
Narrow klass base: 0x0000027660000000, Narrow klass shift: 0, Narrow klass range: 0x41000000

GC Precious Log:
 CardTable entry size: 512
 Card Set container configuration: InlinePtr #cards 4 size 8 Array Of Cards #cards 16 size 48 Howl #buckets 8 coarsen threshold 3686 Howl Bitmap #cards 512 size 80 coarsen threshold 460 Card regions per heap region 1 cards per card region 4096
 CPUs: 4 total, 4 available
 Memory: 16245M
 Large Page Support: Disabled
 NUMA Support: Disabled
 Compressed Oops: Enabled (Zero based)
 Heap Region Size: 2M
 Heap Min Capacity: 8M
 Heap Initial Capacity: 254M
 Heap Max Capacity: 4062M
 Pre-touch: Disabled
 Parallel Workers: 4
 Concurrent Workers: 1
 Concurrent Refinement Workers: 4
 Periodic GC: Disabled

Heap:
 garbage-first heap   total reserved 4159488K, committed 450560K, used 112261K [0x0000000702200000, 0x0000000800000000)
  region size 2048K, 11 young (22528K), 11 survivors (22528K)
 Metaspace       used 16524K, committed 16704K, reserved 1114112K
  class space    used 1869K, committed 1920K, reserved 1048576K

Heap Regions: E=young(eden), S=young(survivor), O=old, HS=humongous(starts), HC=humongous(continues), CS=collection set, F=free, TAMS=top-at-mark-start, PB=parsable bottom
|   0|0x0000000702200000, 0x0000000702400000, 0x0000000702400000|100%| O|  |TAMS 0x0000000702200000| PB 0x0000000702200000| Untracked |  0
|   1|0x0000000702400000, 0x0000000702600000, 0x0000000702600000|100%| O|  |TAMS 0x0000000702400000| PB 0x0000000702400000| Untracked |  0
|   2|0x0000000702600000, 0x0000000702800000, 0x0000000702800000|100%| O|  |TAMS 0x0000000702600000| PB 0x0000000702600000| Untracked |  0
|   3|0x0000000702800000, 0x0000000702a00000, 0x0000000702a00000|100%| O|  |TAMS 0x0000000702800000| PB 0x0000000702800000| Untracked |  0
|   4|0x0000000702a00000, 0x0000000702c00000, 0x0000000702c00000|100%| O|  |TAMS 0x0000000702a00000| PB 0x0000000702a00000| Untracked |  0
|   5|0x0000000702c00000, 0x0000000702e00000, 0x0000000702e00000|100%| O|  |TAMS 0x0000000702c00000| PB 0x0000000702c00000| Untracked |  0
|   6|0x0000000702e00000, 0x0000000703000000, 0x0000000703000000|100%| O|  |TAMS 0x0000000702e00000| PB 0x0000000702e00000| Untracked |  0
|   7|0x0000000703000000, 0x0000000703200000, 0x0000000703200000|100%| O|  |TAMS 0x0000000703000000| PB 0x0000000703000000| Untracked |  0
|   8|0x0000000703200000, 0x0000000703400000, 0x0000000703400000|100%|HS|  |TAMS 0x0000000703200000| PB 0x0000000703200000| Complete |  0
|   9|0x0000000703400000, 0x0000000703600000, 0x0000000703600000|100%| O|  |TAMS 0x0000000703400000| PB 0x0000000703400000| Untracked |  0
|  10|0x0000000703600000, 0x0000000703800000, 0x0000000703800000|100%| O|  |TAMS 0x0000000703600000| PB 0x0000000703600000| Untracked |  0
|  11|0x0000000703800000, 0x0000000703a00000, 0x0000000703a00000|100%| O|  |TAMS 0x0000000703800000| PB 0x0000000703800000| Untracked |  0
|  12|0x0000000703a00000, 0x0000000703c00000, 0x0000000703c00000|100%| O|  |TAMS 0x0000000703a00000| PB 0x0000000703a00000| Untracked |  0
|  13|0x0000000703c00000, 0x0000000703e00000, 0x0000000703e00000|100%| O|  |TAMS 0x0000000703c00000| PB 0x0000000703c00000| Untracked |  0
|  14|0x0000000703e00000, 0x0000000704000000, 0x0000000704000000|100%| O|  |TAMS 0x0000000703e00000| PB 0x0000000703e00000| Untracked |  0
|  15|0x0000000704000000, 0x0000000704200000, 0x0000000704200000|100%| O|  |TAMS 0x0000000704000000| PB 0x0000000704000000| Untracked |  0
|  16|0x0000000704200000, 0x0000000704400000, 0x0000000704400000|100%| O|  |TAMS 0x0000000704200000| PB 0x0000000704200000| Untracked |  0
|  17|0x0000000704400000, 0x0000000704600000, 0x0000000704600000|100%| O|  |TAMS 0x0000000704400000| PB 0x0000000704400000| Untracked |  0
|  18|0x0000000704600000, 0x0000000704800000, 0x0000000704800000|100%|HS|  |TAMS 0x0000000704600000| PB 0x0000000704600000| Complete |  0
|  19|0x0000000704800000, 0x0000000704a00000, 0x0000000704a00000|100%|HC|  |TAMS 0x0000000704800000| PB 0x0000000704800000| Complete |  0
|  20|0x0000000704a00000, 0x0000000704c00000, 0x0000000704c00000|100%| O|  |TAMS 0x0000000704a00000| PB 0x0000000704a00000| Untracked |  0
|  21|0x0000000704c00000, 0x0000000704e00000, 0x0000000704e00000|100%| O|  |TAMS 0x0000000704c00000| PB 0x0000000704c00000| Untracked |  0
|  22|0x0000000704e00000, 0x0000000705000000, 0x0000000705000000|100%| O|  |TAMS 0x0000000704e00000| PB 0x0000000704e00000| Untracked |  0
|  23|0x0000000705000000, 0x0000000705200000, 0x0000000705200000|100%| O|  |TAMS 0x0000000705000000| PB 0x0000000705000000| Untracked |  0
|  24|0x0000000705200000, 0x0000000705400000, 0x0000000705400000|100%| O|  |TAMS 0x0000000705200000| PB 0x0000000705200000| Untracked |  0
|  25|0x0000000705400000, 0x0000000705600000, 0x0000000705600000|100%| O|  |TAMS 0x0000000705400000| PB 0x0000000705400000| Untracked |  0
|  26|0x0000000705600000, 0x0000000705800000, 0x0000000705800000|100%| O|  |TAMS 0x0000000705600000| PB 0x0000000705600000| Untracked |  0
|  27|0x0000000705800000, 0x0000000705a00000, 0x0000000705a00000|100%| O|  |TAMS 0x0000000705800000| PB 0x0000000705800000| Untracked |  0
|  28|0x0000000705a00000, 0x0000000705c00000, 0x0000000705c00000|100%| O|  |TAMS 0x0000000705a00000| PB 0x0000000705a00000| Untracked |  0
|  29|0x0000000705c00000, 0x0000000705e00000, 0x0000000705e00000|100%| O|  |TAMS 0x0000000705c00000| PB 0x0000000705c00000| Untracked |  0
|  30|0x0000000705e00000, 0x0000000706000000, 0x0000000706000000|100%| O|  |TAMS 0x0000000705e00000| PB 0x0000000705e00000| Untracked |  0
|  31|0x0000000706000000, 0x0000000706200000, 0x0000000706200000|100%| O|  |TAMS 0x0000000706000000| PB 0x0000000706000000| Untracked |  0
|  32|0x0000000706200000, 0x0000000706400000, 0x0000000706400000|100%| O|  |TAMS 0x0000000706200000| PB 0x0000000706200000| Untracked |  0
|  33|0x0000000706400000, 0x0000000706600000, 0x0000000706600000|100%| O|  |TAMS 0x0000000706400000| PB 0x0000000706400000| Untracked |  0
|  34|0x0000000706600000, 0x0000000706800000, 0x0000000706800000|100%| O|  |TAMS 0x0000000706600000| PB 0x0000000706600000| Untracked |  0
|  35|0x0000000706800000, 0x0000000706a00000, 0x0000000706a00000|100%| O|  |TAMS 0x0000000706800000| PB 0x0000000706800000| Untracked |  0
|  36|0x0000000706a00000, 0x0000000706c00000, 0x0000000706c00000|100%| O|  |TAMS 0x0000000706a00000| PB 0x0000000706a00000| Untracked |  0
|  37|0x0000000706c00000, 0x0000000706c00000, 0x0000000706e00000|  0%| F|  |TAMS 0x0000000706c00000| PB 0x0000000706c00000| Untracked |  0
|  38|0x0000000706e00000, 0x0000000707000000, 0x0000000707000000|100%| O|  |TAMS 0x0000000706e00000| PB 0x0000000706e00000| Untracked |  0
|  39|0x0000000707000000, 0x0000000707200000, 0x0000000707200000|100%| O|  |TAMS 0x0000000707000000| PB 0x0000000707000000| Untracked |  0
|  40|0x0000000707200000, 0x0000000707400000, 0x0000000707400000|100%| O|  |TAMS 0x0000000707200000| PB 0x0000000707200000| Untracked |  0
|  41|0x0000000707400000, 0x0000000707600000, 0x0000000707600000|100%| O|  |TAMS 0x0000000707400000| PB 0x0000000707400000| Untracked |  0
|  42|0x0000000707600000, 0x0000000707800000, 0x0000000707800000|100%| O|  |TAMS 0x0000000707600000| PB 0x0000000707600000| Untracked |  0
|  43|0x0000000707800000, 0x0000000707a00000, 0x0000000707a00000|100%| O|  |TAMS 0x0000000707800000| PB 0x0000000707800000| Untracked |  0
|  44|0x0000000707a00000, 0x0000000707c00000, 0x0000000707c00000|100%| O|  |TAMS 0x0000000707a00000| PB 0x0000000707a00000| Untracked |  0
|  45|0x0000000707c00000, 0x0000000707d00000, 0x0000000707e00000| 50%| O|  |TAMS 0x0000000707c00000| PB 0x0000000707c00000| Untracked |  0
|  46|0x0000000707e00000, 0x0000000707e00000, 0x0000000708000000|  0%| F|  |TAMS 0x0000000707e00000| PB 0x0000000707e00000| Untracked |  0
|  47|0x0000000708000000, 0x0000000708000000, 0x0000000708200000|  0%| F|  |TAMS 0x0000000708000000| PB 0x0000000708000000| Untracked |  0
|  48|0x0000000708200000, 0x0000000708200000, 0x0000000708400000|  0%| F|  |TAMS 0x0000000708200000| PB 0x0000000708200000| Untracked |  0
|  49|0x0000000708400000, 0x0000000708400000, 0x0000000708600000|  0%| F|  |TAMS 0x0000000708400000| PB 0x0000000708400000| Untracked |  0
|  50|0x0000000708600000, 0x0000000708600000, 0x0000000708800000|  0%| F|  |TAMS 0x0000000708600000| PB 0x0000000708600000| Untracked |  0
|  51|0x0000000708800000, 0x0000000708800000, 0x0000000708a00000|  0%| F|  |TAMS 0x0000000708800000| PB 0x0000000708800000| Untracked |  0
|  52|0x0000000708a00000, 0x0000000708a00000, 0x0000000708c00000|  0%| F|  |TAMS 0x0000000708a00000| PB 0x0000000708a00000| Untracked |  0
|  53|0x0000000708c00000, 0x0000000708c00000, 0x0000000708e00000|  0%| F|  |TAMS 0x0000000708c00000| PB 0x0000000708c00000| Untracked |  0
|  54|0x0000000708e00000, 0x0000000708e00000, 0x0000000709000000|  0%| F|  |TAMS 0x0000000708e00000| PB 0x0000000708e00000| Untracked |  0
|  55|0x0000000709000000, 0x0000000709000000, 0x0000000709200000|  0%| F|  |TAMS 0x0000000709000000| PB 0x0000000709000000| Untracked |  0
|  56|0x0000000709200000, 0x0000000709200000, 0x0000000709400000|  0%| F|  |TAMS 0x0000000709200000| PB 0x0000000709200000| Untracked |  0
|  57|0x0000000709400000, 0x0000000709400000, 0x0000000709600000|  0%| F|  |TAMS 0x0000000709400000| PB 0x0000000709400000| Untracked |  0
|  58|0x0000000709600000, 0x0000000709600000, 0x0000000709800000|  0%| F|  |TAMS 0x0000000709600000| PB 0x0000000709600000| Untracked |  0
|  59|0x0000000709800000, 0x0000000709800000, 0x0000000709a00000|  0%| F|  |TAMS 0x0000000709800000| PB 0x0000000709800000| Untracked |  0
|  60|0x0000000709a00000, 0x0000000709a00000, 0x0000000709c00000|  0%| F|  |TAMS 0x0000000709a00000| PB 0x0000000709a00000| Untracked |  0
|  61|0x0000000709c00000, 0x0000000709c00000, 0x0000000709e00000|  0%| F|  |TAMS 0x0000000709c00000| PB 0x0000000709c00000| Untracked |  0
|  62|0x0000000709e00000, 0x0000000709e00000, 0x000000070a000000|  0%| F|  |TAMS 0x0000000709e00000| PB 0x0000000709e00000| Untracked |  0
|  63|0x000000070a000000, 0x000000070a000000, 0x000000070a200000|  0%| F|  |TAMS 0x000000070a000000| PB 0x000000070a000000| Untracked |  0
|  64|0x000000070a200000, 0x000000070a200000, 0x000000070a400000|  0%| F|  |TAMS 0x000000070a200000| PB 0x000000070a200000| Untracked |  0
|  65|0x000000070a400000, 0x000000070a400000, 0x000000070a600000|  0%| F|  |TAMS 0x000000070a400000| PB 0x000000070a400000| Untracked |  0
|  66|0x000000070a600000, 0x000000070a600000, 0x000000070a800000|  0%| F|  |TAMS 0x000000070a600000| PB 0x000000070a600000| Untracked |  0
|  67|0x000000070a800000, 0x000000070a800000, 0x000000070aa00000|  0%| F|  |TAMS 0x000000070a800000| PB 0x000000070a800000| Untracked |  0
|  68|0x000000070aa00000, 0x000000070aa00000, 0x000000070ac00000|  0%| F|  |TAMS 0x000000070aa00000| PB 0x000000070aa00000| Untracked |  0
|  69|0x000000070ac00000, 0x000000070ac00000, 0x000000070ae00000|  0%| F|  |TAMS 0x000000070ac00000| PB 0x000000070ac00000| Untracked |  0
|  70|0x000000070ae00000, 0x000000070ae00000, 0x000000070b000000|  0%| F|  |TAMS 0x000000070ae00000| PB 0x000000070ae00000| Untracked |  0
|  71|0x000000070b000000, 0x000000070b000000, 0x000000070b200000|  0%| F|  |TAMS 0x000000070b000000| PB 0x000000070b000000| Untracked |  0
|  72|0x000000070b200000, 0x000000070b200000, 0x000000070b400000|  0%| F|  |TAMS 0x000000070b200000| PB 0x000000070b200000| Untracked |  0
|  73|0x000000070b400000, 0x000000070b400000, 0x000000070b600000|  0%| F|  |TAMS 0x000000070b400000| PB 0x000000070b400000| Untracked |  0
|  74|0x000000070b600000, 0x000000070b600000, 0x000000070b800000|  0%| F|  |TAMS 0x000000070b600000| PB 0x000000070b600000| Untracked |  0
|  75|0x000000070b800000, 0x000000070b800000, 0x000000070ba00000|  0%| F|  |TAMS 0x000000070b800000| PB 0x000000070b800000| Untracked |  0
|  76|0x000000070ba00000, 0x000000070ba00000, 0x000000070bc00000|  0%| F|  |TAMS 0x000000070ba00000| PB 0x000000070ba00000| Untracked |  0
|  77|0x000000070bc00000, 0x000000070bc00000, 0x000000070be00000|  0%| F|  |TAMS 0x000000070bc00000| PB 0x000000070bc00000| Untracked |  0
|  78|0x000000070be00000, 0x000000070be00000, 0x000000070c000000|  0%| F|  |TAMS 0x000000070be00000| PB 0x000000070be00000| Untracked |  0
|  79|0x000000070c000000, 0x000000070c000000, 0x000000070c200000|  0%| F|  |TAMS 0x000000070c000000| PB 0x000000070c000000| Untracked |  0
|  80|0x000000070c200000, 0x000000070c200000, 0x000000070c400000|  0%| F|  |TAMS 0x000000070c200000| PB 0x000000070c200000| Untracked |  0
|  81|0x000000070c400000, 0x000000070c400000, 0x000000070c600000|  0%| F|  |TAMS 0x000000070c400000| PB 0x000000070c400000| Untracked |  0
|  82|0x000000070c600000, 0x000000070c600000, 0x000000070c800000|  0%| F|  |TAMS 0x000000070c600000| PB 0x000000070c600000| Untracked |  0
|  83|0x000000070c800000, 0x000000070c800000, 0x000000070ca00000|  0%| F|  |TAMS 0x000000070c800000| PB 0x000000070c800000| Untracked |  0
|  84|0x000000070ca00000, 0x000000070ca00000, 0x000000070cc00000|  0%| F|  |TAMS 0x000000070ca00000| PB 0x000000070ca00000| Untracked |  0
|  85|0x000000070cc00000, 0x000000070cc00000, 0x000000070ce00000|  0%| F|  |TAMS 0x000000070cc00000| PB 0x000000070cc00000| Untracked |  0
|  86|0x000000070ce00000, 0x000000070ce00000, 0x000000070d000000|  0%| F|  |TAMS 0x000000070ce00000| PB 0x000000070ce00000| Untracked |  0
|  87|0x000000070d000000, 0x000000070d000000, 0x000000070d200000|  0%| F|  |TAMS 0x000000070d000000| PB 0x000000070d000000| Untracked |  0
|  88|0x000000070d200000, 0x000000070d200000, 0x000000070d400000|  0%| F|  |TAMS 0x000000070d200000| PB 0x000000070d200000| Untracked |  0
|  89|0x000000070d400000, 0x000000070d400000, 0x000000070d600000|  0%| F|  |TAMS 0x000000070d400000| PB 0x000000070d400000| Untracked |  0
|  90|0x000000070d600000, 0x000000070d600000, 0x000000070d800000|  0%| F|  |TAMS 0x000000070d600000| PB 0x000000070d600000| Untracked |  0
|  91|0x000000070d800000, 0x000000070d800000, 0x000000070da00000|  0%| F|  |TAMS 0x000000070d800000| PB 0x000000070d800000| Untracked |  0
|  92|0x000000070da00000, 0x000000070da00000, 0x000000070dc00000|  0%| F|  |TAMS 0x000000070da00000| PB 0x000000070da00000| Untracked |  0
|  93|0x000000070dc00000, 0x000000070dc00000, 0x000000070de00000|  0%| F|  |TAMS 0x000000070dc00000| PB 0x000000070dc00000| Untracked |  0
|  94|0x000000070de00000, 0x000000070de00000, 0x000000070e000000|  0%| F|  |TAMS 0x000000070de00000| PB 0x000000070de00000| Untracked |  0
|  95|0x000000070e000000, 0x000000070e000000, 0x000000070e200000|  0%| F|  |TAMS 0x000000070e000000| PB 0x000000070e000000| Untracked |  0
|  96|0x000000070e200000, 0x000000070e200000, 0x000000070e400000|  0%| F|  |TAMS 0x000000070e200000| PB 0x000000070e200000| Untracked |  0
|  97|0x000000070e400000, 0x000000070e400000, 0x000000070e600000|  0%| F|  |TAMS 0x000000070e400000| PB 0x000000070e400000| Untracked |  0
|  98|0x000000070e600000, 0x000000070e600000, 0x000000070e800000|  0%| F|  |TAMS 0x000000070e600000| PB 0x000000070e600000| Untracked |  0
|  99|0x000000070e800000, 0x000000070e800000, 0x000000070ea00000|  0%| F|  |TAMS 0x000000070e800000| PB 0x000000070e800000| Untracked |  0
| 100|0x000000070ea00000, 0x000000070ea00000, 0x000000070ec00000|  0%| F|  |TAMS 0x000000070ea00000| PB 0x000000070ea00000| Untracked |  0
| 101|0x000000070ec00000, 0x000000070ec00000, 0x000000070ee00000|  0%| F|  |TAMS 0x000000070ec00000| PB 0x000000070ec00000| Untracked |  0
| 102|0x000000070ee00000, 0x000000070ee00000, 0x000000070f000000|  0%| F|  |TAMS 0x000000070ee00000| PB 0x000000070ee00000| Untracked |  0
| 103|0x000000070f000000, 0x000000070f000000, 0x000000070f200000|  0%| F|  |TAMS 0x000000070f000000| PB 0x000000070f000000| Untracked |  0
| 104|0x000000070f200000, 0x000000070f200000, 0x000000070f400000|  0%| F|  |TAMS 0x000000070f200000| PB 0x000000070f200000| Untracked |  0
| 105|0x000000070f400000, 0x000000070f400000, 0x000000070f600000|  0%| F|  |TAMS 0x000000070f400000| PB 0x000000070f400000| Untracked |  0
| 106|0x000000070f600000, 0x000000070f600000, 0x000000070f800000|  0%| F|  |TAMS 0x000000070f600000| PB 0x000000070f600000| Untracked |  0
| 107|0x000000070f800000, 0x000000070f800000, 0x000000070fa00000|  0%| F|  |TAMS 0x000000070f800000| PB 0x000000070f800000| Untracked |  0
| 108|0x000000070fa00000, 0x000000070fa00000, 0x000000070fc00000|  0%| F|  |TAMS 0x000000070fa00000| PB 0x000000070fa00000| Untracked |  0
| 109|0x000000070fc00000, 0x000000070fc00000, 0x000000070fe00000|  0%| F|  |TAMS 0x000000070fc00000| PB 0x000000070fc00000| Untracked |  0
| 110|0x000000070fe00000, 0x000000070fe00000, 0x0000000710000000|  0%| F|  |TAMS 0x000000070fe00000| PB 0x000000070fe00000| Untracked |  0
| 111|0x0000000710000000, 0x0000000710000000, 0x0000000710200000|  0%| F|  |TAMS 0x0000000710000000| PB 0x0000000710000000| Untracked |  0
| 112|0x0000000710200000, 0x0000000710200000, 0x0000000710400000|  0%| F|  |TAMS 0x0000000710200000| PB 0x0000000710200000| Untracked |  0
| 113|0x0000000710400000, 0x0000000710400000, 0x0000000710600000|  0%| F|  |TAMS 0x0000000710400000| PB 0x0000000710400000| Untracked |  0
| 114|0x0000000710600000, 0x0000000710600000, 0x0000000710800000|  0%| F|  |TAMS 0x0000000710600000| PB 0x0000000710600000| Untracked |  0
| 115|0x0000000710800000, 0x0000000710800000, 0x0000000710a00000|  0%| F|  |TAMS 0x0000000710800000| PB 0x0000000710800000| Untracked |  0
| 116|0x0000000710a00000, 0x0000000710a00000, 0x0000000710c00000|  0%| F|  |TAMS 0x0000000710a00000| PB 0x0000000710a00000| Untracked |  0
| 117|0x0000000710c00000, 0x0000000710c00000, 0x0000000710e00000|  0%| F|  |TAMS 0x0000000710c00000| PB 0x0000000710c00000| Untracked |  0
| 118|0x0000000710e00000, 0x0000000710e00000, 0x0000000711000000|  0%| F|  |TAMS 0x0000000710e00000| PB 0x0000000710e00000| Untracked |  0
| 119|0x0000000711000000, 0x0000000711000000, 0x0000000711200000|  0%| F|  |TAMS 0x0000000711000000| PB 0x0000000711000000| Untracked |  0
| 120|0x0000000711200000, 0x0000000711200000, 0x0000000711400000|  0%| F|  |TAMS 0x0000000711200000| PB 0x0000000711200000| Untracked |  0
| 121|0x0000000711400000, 0x0000000711400000, 0x0000000711600000|  0%| F|  |TAMS 0x0000000711400000| PB 0x0000000711400000| Untracked |  0
| 122|0x0000000711600000, 0x0000000711600000, 0x0000000711800000|  0%| F|  |TAMS 0x0000000711600000| PB 0x0000000711600000| Untracked |  0
| 123|0x0000000711800000, 0x0000000711800000, 0x0000000711a00000|  0%| F|  |TAMS 0x0000000711800000| PB 0x0000000711800000| Untracked |  0
| 124|0x0000000711a00000, 0x0000000711a00000, 0x0000000711c00000|  0%| F|  |TAMS 0x0000000711a00000| PB 0x0000000711a00000| Untracked |  0
| 125|0x0000000711c00000, 0x0000000711c00000, 0x0000000711e00000|  0%| F|  |TAMS 0x0000000711c00000| PB 0x0000000711c00000| Untracked |  0
| 126|0x0000000711e00000, 0x0000000711ea1490, 0x0000000712000000| 31%| S|CS|TAMS 0x0000000711e00000| PB 0x0000000711e00000| Complete |  0
| 127|0x0000000712000000, 0x0000000712200000, 0x0000000712200000|100%| S|CS|TAMS 0x0000000712000000| PB 0x0000000712000000| Complete |  0
| 128|0x0000000712200000, 0x0000000712400000, 0x0000000712400000|100%| S|CS|TAMS 0x0000000712200000| PB 0x0000000712200000| Complete |  0
| 129|0x0000000712400000, 0x0000000712600000, 0x0000000712600000|100%| S|CS|TAMS 0x0000000712400000| PB 0x0000000712400000| Complete |  0
| 130|0x0000000712600000, 0x0000000712800000, 0x0000000712800000|100%| S|CS|TAMS 0x0000000712600000| PB 0x0000000712600000| Complete |  0
| 131|0x0000000712800000, 0x0000000712a00000, 0x0000000712a00000|100%| S|CS|TAMS 0x0000000712800000| PB 0x0000000712800000| Complete |  0
| 132|0x0000000712a00000, 0x0000000712c00000, 0x0000000712c00000|100%| S|CS|TAMS 0x0000000712a00000| PB 0x0000000712a00000| Complete |  0
| 133|0x0000000712c00000, 0x0000000712e00000, 0x0000000712e00000|100%| S|CS|TAMS 0x0000000712c00000| PB 0x0000000712c00000| Complete |  0
| 134|0x0000000712e00000, 0x0000000713000000, 0x0000000713000000|100%| S|CS|TAMS 0x0000000712e00000| PB 0x0000000712e00000| Complete |  0
| 135|0x0000000713000000, 0x0000000713200000, 0x0000000713200000|100%| S|CS|TAMS 0x0000000713000000| PB 0x0000000713000000| Complete |  0
| 136|0x0000000713200000, 0x0000000713400000, 0x0000000713400000|100%| S|CS|TAMS 0x0000000713200000| PB 0x0000000713200000| Complete |  0
| 137|0x0000000713400000, 0x0000000713400000, 0x0000000713600000|  0%| F|  |TAMS 0x0000000713400000| PB 0x0000000713400000| Untracked |  0
| 138|0x0000000713600000, 0x0000000713600000, 0x0000000713800000|  0%| F|  |TAMS 0x0000000713600000| PB 0x0000000713600000| Untracked |  0
| 139|0x0000000713800000, 0x0000000713800000, 0x0000000713a00000|  0%| F|  |TAMS 0x0000000713800000| PB 0x0000000713800000| Untracked |  0
| 140|0x0000000713a00000, 0x0000000713a00000, 0x0000000713c00000|  0%| F|  |TAMS 0x0000000713a00000| PB 0x0000000713a00000| Untracked |  0
| 141|0x0000000713c00000, 0x0000000713c00000, 0x0000000713e00000|  0%| F|  |TAMS 0x0000000713c00000| PB 0x0000000713c00000| Untracked |  0
| 142|0x0000000713e00000, 0x0000000713e00000, 0x0000000714000000|  0%| F|  |TAMS 0x0000000713e00000| PB 0x0000000713e00000| Untracked |  0
| 143|0x0000000714000000, 0x0000000714000000, 0x0000000714200000|  0%| F|  |TAMS 0x0000000714000000| PB 0x0000000714000000| Untracked |  0
| 144|0x0000000714200000, 0x0000000714200000, 0x0000000714400000|  0%| F|  |TAMS 0x0000000714200000| PB 0x0000000714200000| Untracked |  0
| 145|0x0000000714400000, 0x0000000714400000, 0x0000000714600000|  0%| F|  |TAMS 0x0000000714400000| PB 0x0000000714400000| Untracked |  0
| 146|0x0000000714600000, 0x0000000714600000, 0x0000000714800000|  0%| F|  |TAMS 0x0000000714600000| PB 0x0000000714600000| Untracked |  0
| 147|0x0000000714800000, 0x0000000714800000, 0x0000000714a00000|  0%| F|  |TAMS 0x0000000714800000| PB 0x0000000714800000| Untracked |  0
| 148|0x0000000714a00000, 0x0000000714a00000, 0x0000000714c00000|  0%| F|  |TAMS 0x0000000714a00000| PB 0x0000000714a00000| Untracked |  0
| 149|0x0000000714c00000, 0x0000000714c00000, 0x0000000714e00000|  0%| F|  |TAMS 0x0000000714c00000| PB 0x0000000714c00000| Untracked |  0
| 150|0x0000000714e00000, 0x0000000714e00000, 0x0000000715000000|  0%| F|  |TAMS 0x0000000714e00000| PB 0x0000000714e00000| Untracked |  0
| 151|0x0000000715000000, 0x0000000715000000, 0x0000000715200000|  0%| F|  |TAMS 0x0000000715000000| PB 0x0000000715000000| Untracked |  0
| 152|0x0000000715200000, 0x0000000715200000, 0x0000000715400000|  0%| F|  |TAMS 0x0000000715200000| PB 0x0000000715200000| Untracked |  0
| 153|0x0000000715400000, 0x0000000715400000, 0x0000000715600000|  0%| F|  |TAMS 0x0000000715400000| PB 0x0000000715400000| Untracked |  0
| 154|0x0000000715600000, 0x0000000715600000, 0x0000000715800000|  0%| F|  |TAMS 0x0000000715600000| PB 0x0000000715600000| Untracked |  0
| 155|0x0000000715800000, 0x0000000715800000, 0x0000000715a00000|  0%| F|  |TAMS 0x0000000715800000| PB 0x0000000715800000| Untracked |  0
| 156|0x0000000715a00000, 0x0000000715a00000, 0x0000000715c00000|  0%| F|  |TAMS 0x0000000715a00000| PB 0x0000000715a00000| Untracked |  0
| 157|0x0000000715c00000, 0x0000000715c00000, 0x0000000715e00000|  0%| F|  |TAMS 0x0000000715c00000| PB 0x0000000715c00000| Untracked |  0
| 158|0x0000000715e00000, 0x0000000715e00000, 0x0000000716000000|  0%| F|  |TAMS 0x0000000715e00000| PB 0x0000000715e00000| Untracked |  0
| 159|0x0000000716000000, 0x0000000716000000, 0x0000000716200000|  0%| F|  |TAMS 0x0000000716000000| PB 0x0000000716000000| Untracked |  0
| 160|0x0000000716200000, 0x0000000716200000, 0x0000000716400000|  0%| F|  |TAMS 0x0000000716200000| PB 0x0000000716200000| Untracked |  0
| 161|0x0000000716400000, 0x0000000716400000, 0x0000000716600000|  0%| F|  |TAMS 0x0000000716400000| PB 0x0000000716400000| Untracked |  0
| 162|0x0000000716600000, 0x0000000716600000, 0x0000000716800000|  0%| F|  |TAMS 0x0000000716600000| PB 0x0000000716600000| Untracked |  0
| 163|0x0000000716800000, 0x0000000716800000, 0x0000000716a00000|  0%| F|  |TAMS 0x0000000716800000| PB 0x0000000716800000| Untracked |  0
| 164|0x0000000716a00000, 0x0000000716a00000, 0x0000000716c00000|  0%| F|  |TAMS 0x0000000716a00000| PB 0x0000000716a00000| Untracked |  0
| 165|0x0000000716c00000, 0x0000000716c00000, 0x0000000716e00000|  0%| F|  |TAMS 0x0000000716c00000| PB 0x0000000716c00000| Untracked |  0
| 166|0x0000000716e00000, 0x0000000716e00000, 0x0000000717000000|  0%| F|  |TAMS 0x0000000716e00000| PB 0x0000000716e00000| Untracked |  0
| 167|0x0000000717000000, 0x0000000717000000, 0x0000000717200000|  0%| F|  |TAMS 0x0000000717000000| PB 0x0000000717000000| Untracked |  0
| 168|0x0000000717200000, 0x0000000717200000, 0x0000000717400000|  0%| F|  |TAMS 0x0000000717200000| PB 0x0000000717200000| Untracked |  0
| 169|0x0000000717400000, 0x0000000717400000, 0x0000000717600000|  0%| F|  |TAMS 0x0000000717400000| PB 0x0000000717400000| Untracked |  0
| 170|0x0000000717600000, 0x0000000717600000, 0x0000000717800000|  0%| F|  |TAMS 0x0000000717600000| PB 0x0000000717600000| Untracked |  0
| 171|0x0000000717800000, 0x0000000717800000, 0x0000000717a00000|  0%| F|  |TAMS 0x0000000717800000| PB 0x0000000717800000| Untracked |  0
| 172|0x0000000717a00000, 0x0000000717a00000, 0x0000000717c00000|  0%| F|  |TAMS 0x0000000717a00000| PB 0x0000000717a00000| Untracked |  0
| 173|0x0000000717c00000, 0x0000000717c00000, 0x0000000717e00000|  0%| F|  |TAMS 0x0000000717c00000| PB 0x0000000717c00000| Untracked |  0
| 174|0x0000000717e00000, 0x0000000717e00000, 0x0000000718000000|  0%| F|  |TAMS 0x0000000717e00000| PB 0x0000000717e00000| Untracked |  0
| 175|0x0000000718000000, 0x0000000718000000, 0x0000000718200000|  0%| F|  |TAMS 0x0000000718000000| PB 0x0000000718000000| Untracked |  0
| 176|0x0000000718200000, 0x0000000718200000, 0x0000000718400000|  0%| F|  |TAMS 0x0000000718200000| PB 0x0000000718200000| Untracked |  0
| 177|0x0000000718400000, 0x0000000718400000, 0x0000000718600000|  0%| F|  |TAMS 0x0000000718400000| PB 0x0000000718400000| Untracked |  0
| 178|0x0000000718600000, 0x0000000718600000, 0x0000000718800000|  0%| F|  |TAMS 0x0000000718600000| PB 0x0000000718600000| Untracked |  0
| 179|0x0000000718800000, 0x0000000718800000, 0x0000000718a00000|  0%| F|  |TAMS 0x0000000718800000| PB 0x0000000718800000| Untracked |  0
| 180|0x0000000718a00000, 0x0000000718a00000, 0x0000000718c00000|  0%| F|  |TAMS 0x0000000718a00000| PB 0x0000000718a00000| Untracked |  0
| 181|0x0000000718c00000, 0x0000000718c00000, 0x0000000718e00000|  0%| F|  |TAMS 0x0000000718c00000| PB 0x0000000718c00000| Untracked |  0
| 182|0x0000000718e00000, 0x0000000718e00000, 0x0000000719000000|  0%| F|  |TAMS 0x0000000718e00000| PB 0x0000000718e00000| Untracked |  0
| 183|0x0000000719000000, 0x0000000719000000, 0x0000000719200000|  0%| F|  |TAMS 0x0000000719000000| PB 0x0000000719000000| Untracked |  0
| 184|0x0000000719200000, 0x0000000719200000, 0x0000000719400000|  0%| F|  |TAMS 0x0000000719200000| PB 0x0000000719200000| Untracked |  0
| 185|0x0000000719400000, 0x0000000719400000, 0x0000000719600000|  0%| F|  |TAMS 0x0000000719400000| PB 0x0000000719400000| Untracked |  0
| 186|0x0000000719600000, 0x0000000719600000, 0x0000000719800000|  0%| F|  |TAMS 0x0000000719600000| PB 0x0000000719600000| Untracked |  0
| 187|0x0000000719800000, 0x0000000719800000, 0x0000000719a00000|  0%| F|  |TAMS 0x0000000719800000| PB 0x0000000719800000| Untracked |  0
| 188|0x0000000719a00000, 0x0000000719a00000, 0x0000000719c00000|  0%| F|  |TAMS 0x0000000719a00000| PB 0x0000000719a00000| Untracked |  0
| 189|0x0000000719c00000, 0x0000000719c00000, 0x0000000719e00000|  0%| F|  |TAMS 0x0000000719c00000| PB 0x0000000719c00000| Untracked |  0
| 190|0x0000000719e00000, 0x0000000719e00000, 0x000000071a000000|  0%| F|  |TAMS 0x0000000719e00000| PB 0x0000000719e00000| Untracked |  0
| 191|0x000000071a000000, 0x000000071a000000, 0x000000071a200000|  0%| F|  |TAMS 0x000000071a000000| PB 0x000000071a000000| Untracked |  0
| 192|0x000000071a200000, 0x000000071a200000, 0x000000071a400000|  0%| F|  |TAMS 0x000000071a200000| PB 0x000000071a200000| Untracked |  0
| 193|0x000000071a400000, 0x000000071a400000, 0x000000071a600000|  0%| F|  |TAMS 0x000000071a400000| PB 0x000000071a400000| Untracked |  0
| 194|0x000000071a600000, 0x000000071a600000, 0x000000071a800000|  0%| F|  |TAMS 0x000000071a600000| PB 0x000000071a600000| Untracked |  0
| 195|0x000000071a800000, 0x000000071a800000, 0x000000071aa00000|  0%| F|  |TAMS 0x000000071a800000| PB 0x000000071a800000| Untracked |  0
| 196|0x000000071aa00000, 0x000000071aa00000, 0x000000071ac00000|  0%| F|  |TAMS 0x000000071aa00000| PB 0x000000071aa00000| Untracked |  0
| 197|0x000000071ac00000, 0x000000071ac00000, 0x000000071ae00000|  0%| F|  |TAMS 0x000000071ac00000| PB 0x000000071ac00000| Untracked |  0
| 198|0x000000071ae00000, 0x000000071ae00000, 0x000000071b000000|  0%| F|  |TAMS 0x000000071ae00000| PB 0x000000071ae00000| Untracked |  0
| 199|0x000000071b000000, 0x000000071b000000, 0x000000071b200000|  0%| F|  |TAMS 0x000000071b000000| PB 0x000000071b000000| Untracked |  0
| 200|0x000000071b200000, 0x000000071b200000, 0x000000071b400000|  0%| F|  |TAMS 0x000000071b200000| PB 0x000000071b200000| Untracked |  0
| 201|0x000000071b400000, 0x000000071b400000, 0x000000071b600000|  0%| F|  |TAMS 0x000000071b400000| PB 0x000000071b400000| Untracked |  0
| 202|0x000000071b600000, 0x000000071b600000, 0x000000071b800000|  0%| F|  |TAMS 0x000000071b600000| PB 0x000000071b600000| Untracked |  0
| 203|0x000000071b800000, 0x000000071b800000, 0x000000071ba00000|  0%| F|  |TAMS 0x000000071b800000| PB 0x000000071b800000| Untracked |  0
| 204|0x000000071ba00000, 0x000000071ba00000, 0x000000071bc00000|  0%| F|  |TAMS 0x000000071ba00000| PB 0x000000071ba00000| Untracked |  0
| 205|0x000000071bc00000, 0x000000071bc00000, 0x000000071be00000|  0%| F|  |TAMS 0x000000071bc00000| PB 0x000000071bc00000| Untracked |  0
| 206|0x000000071be00000, 0x000000071be00000, 0x000000071c000000|  0%| F|  |TAMS 0x000000071be00000| PB 0x000000071be00000| Untracked |  0
| 207|0x000000071c000000, 0x000000071c000000, 0x000000071c200000|  0%| F|  |TAMS 0x000000071c000000| PB 0x000000071c000000| Untracked |  0
| 208|0x000000071c200000, 0x000000071c200000, 0x000000071c400000|  0%| F|  |TAMS 0x000000071c200000| PB 0x000000071c200000| Untracked |  0
| 209|0x000000071c400000, 0x000000071c400000, 0x000000071c600000|  0%| F|  |TAMS 0x000000071c400000| PB 0x000000071c400000| Untracked |  0
| 210|0x000000071c600000, 0x000000071c600000, 0x000000071c800000|  0%| F|  |TAMS 0x000000071c600000| PB 0x000000071c600000| Untracked |  0
| 211|0x000000071c800000, 0x000000071c800000, 0x000000071ca00000|  0%| F|  |TAMS 0x000000071c800000| PB 0x000000071c800000| Untracked |  0
| 212|0x000000071ca00000, 0x000000071ca00000, 0x000000071cc00000|  0%| F|  |TAMS 0x000000071ca00000| PB 0x000000071ca00000| Untracked |  0
| 213|0x000000071cc00000, 0x000000071cc00000, 0x000000071ce00000|  0%| F|  |TAMS 0x000000071cc00000| PB 0x000000071cc00000| Untracked |  0
| 214|0x000000071ce00000, 0x000000071ce00000, 0x000000071d000000|  0%| F|  |TAMS 0x000000071ce00000| PB 0x000000071ce00000| Untracked |  0
| 215|0x000000071d000000, 0x000000071d000000, 0x000000071d200000|  0%| F|  |TAMS 0x000000071d000000| PB 0x000000071d000000| Untracked |  0
| 216|0x000000071d200000, 0x000000071d200000, 0x000000071d400000|  0%| F|  |TAMS 0x000000071d200000| PB 0x000000071d200000| Untracked |  0
| 217|0x000000071d400000, 0x000000071d400000, 0x000000071d600000|  0%| F|  |TAMS 0x000000071d400000| PB 0x000000071d400000| Untracked |  0
| 218|0x000000071d600000, 0x000000071d600000, 0x000000071d800000|  0%| F|  |TAMS 0x000000071d600000| PB 0x000000071d600000| Untracked |  0
| 219|0x000000071d800000, 0x000000071d800000, 0x000000071da00000|  0%| F|  |TAMS 0x000000071d800000| PB 0x000000071d800000| Untracked |  0

Card table byte_map: [0x0000027659320000,0x0000027659b10000] _byte_map_base: 0x0000027655b0f000

Marking Bits: (CMBitMap*) 0x000002764184c330
 Bits: [0x0000027659b10000, 0x000002765da88000)

Polling page: 0x000002763f780000

Metaspace:

Usage:
  Non-class:     14.31 MB used.
      Class:      1.83 MB used.
       Both:     16.14 MB used.

Virtual space:
  Non-class space:       64.00 MB reserved,      14.44 MB ( 23%) committed,  1 nodes.
      Class space:        1.00 GB reserved,       1.88 MB ( <1%) committed,  1 nodes.
             Both:        1.06 GB reserved,      16.31 MB (  1%) committed. 

Chunk freelists:
   Non-Class:  704.00 KB
       Class:  14.12 MB
        Both:  14.81 MB

MaxMetaspaceSize: unlimited
CompressedClassSpaceSize: 1.00 GB
Initial GC threshold: 21.00 MB
Current GC threshold: 21.00 MB
CDS: on
 - commit_granule_bytes: 65536.
 - commit_granule_words: 8192.
 - virtual_space_node_default_size: 8388608.
 - enlarge_chunks_in_place: 1.
 - use_allocation_guard: 0.


Internal statistics:

num_allocs_failed_limit: 0.
num_arena_births: 126.
num_arena_deaths: 0.
num_vsnodes_births: 2.
num_vsnodes_deaths: 0.
num_space_committed: 260.
num_space_uncommitted: 0.
num_chunks_returned_to_freelist: 0.
num_chunks_taken_from_freelist: 498.
num_chunk_merges: 0.
num_chunk_splits: 331.
num_chunks_enlarged: 261.
num_inconsistent_stats: 0.

CodeHeap 'non-profiled nmethods': size=120000Kb used=2239Kb max_used=2239Kb free=117760Kb
 bounds [0x0000027651600000, 0x0000027651870000, 0x0000027658b30000]
CodeHeap 'profiled nmethods': size=120000Kb used=7121Kb max_used=7121Kb free=112878Kb
 bounds [0x0000027649b30000, 0x000002764a230000, 0x0000027651060000]
CodeHeap 'non-nmethods': size=5760Kb used=1521Kb max_used=1612Kb free=4238Kb
 bounds [0x0000027651060000, 0x00000276512d0000, 0x0000027651600000]
 total_blobs=3946 nmethods=3357 adapters=493
 compilation: enabled
              stopped_count=0, restarted_count=0
 full_count=0

Compilation events (20 events):
Event: 6.977 Thread 0x000002765ffb8f30 3394       2       com.sun.org.apache.xerces.internal.impl.dtd.DTDGrammar::getEntityDeclIndex (36 bytes)
Event: 6.977 Thread 0x000002765ffb8f30 nmethod 3394 0x000002764a215890 code [0x000002764a215a40, 0x000002764a215c50]
Event: 6.979 Thread 0x000002765ffb8480 nmethod 3214 0x000002765182f910 code [0x000002765182faa0, 0x000002765182fd30]
Event: 6.979 Thread 0x000002765ffb8480 3397       4       java.util.Spliterators$ArraySpliterator::forEachRemaining (68 bytes)
Event: 6.979 Thread 0x000002765ffb8f30 3398       2       com.sun.org.apache.xerces.internal.impl.XMLEntityScanner::checkLimit (256 bytes)
Event: 6.983 Thread 0x000002765ffb8f30 nmethod 3398 0x000002764a215d90 code [0x000002764a2160a0, 0x000002764a217568]
Event: 6.983 Thread 0x000002765ffb8f30 3400       3       org.languagetool.rules.patterns.StringMatcher$RegexpParser::squareBracketGroup (329 bytes)
Event: 6.988 Thread 0x000002765ffb8f30 nmethod 3400 0x000002764a218210 code [0x000002764a218720, 0x000002764a21b3a8]
Event: 6.989 Thread 0x000002765ffb8f30 3401 %     3       org.languagetool.tools.StringTools::trimWhitespace @ 15 (137 bytes)
Event: 6.994 Thread 0x000002765ffb8f30 nmethod 3401% 0x000002764a21c290 code [0x000002764a21c6a0, 0x000002764a21e648]
Event: 6.999 Thread 0x000002765ffb8f30 3403   !   2       jdk.xml.internal.XMLSecurityManager::getPropertyConfig (52 bytes)
Event: 7.000 Thread 0x000002765ffb8f30 nmethod 3403 0x000002764a21f210 code [0x000002764a21f400, 0x000002764a21f750]
Event: 7.003 Thread 0x000002765ffb8f30 3404       2       com.sun.org.apache.xerces.internal.util.ParserConfigurationSettings::checkProperty (51 bytes)
Event: 7.003 Thread 0x000002765ffb8f30 nmethod 3404 0x000002764a21f990 code [0x000002764a21fb60, 0x000002764a21fd88]
Event: 7.003 Thread 0x000002765ffb8f30 3405       2       com.sun.org.apache.xerces.internal.parsers.XIncludeAwareParserConfiguration::getFeatureState (40 bytes)
Event: 7.004 Thread 0x000002765ffb8f30 nmethod 3405 0x000002764a21fe90 code [0x000002764a220080, 0x000002764a220448]
Event: 7.005 Thread 0x000002765ffb8f30 3406       2       jdk.xml.internal.XMLLimitAnalyzer::addValue (260 bytes)
Event: 7.006 Thread 0x000002765ffb8f30 nmethod 3406 0x000002764a220590 code [0x000002764a220800, 0x000002764a2210d0]
Event: 7.006 Thread 0x000002765ffb8f30 3407       3       org.languagetool.tools.StringTools::trimWhitespace (137 bytes)
Event: 7.010 Thread 0x000002765ffb8f30 nmethod 3407 0x000002764a221610 code [0x000002764a221a20, 0x000002764a223900]

GC Heap History (19 events):
Event: 0.608 GC heap before
{Heap before GC invocations=0 (full 0):
 garbage-first heap   total reserved 4159488K, committed 260096K, used 12288K [0x0000000702200000, 0x0000000800000000)
  region size 2048K, 7 young (14336K), 0 survivors (0K)
 Metaspace       used 4624K, committed 4800K, reserved 1114112K
  class space    used 592K, committed 704K, reserved 1048576K
}
Event: 0.613 GC heap after
{Heap after GC invocations=1 (full 0):
 garbage-first heap   total reserved 4159488K, committed 260096K, used 6352K [0x0000000702200000, 0x0000000800000000)
  region size 2048K, 1 young (2048K), 1 survivors (2048K)
 Metaspace       used 4624K, committed 4800K, reserved 1114112K
  class space    used 592K, committed 704K, reserved 1048576K
}
Event: 0.981 GC heap before
{Heap before GC invocations=1 (full 0):
 garbage-first heap   total reserved 4159488K, committed 260096K, used 16592K [0x0000000702200000, 0x0000000800000000)
  region size 2048K, 6 young (12288K), 1 survivors (2048K)
 Metaspace       used 9299K, committed 9472K, reserved 1114112K
  class space    used 1066K, committed 1152K, reserved 1048576K
}
Event: 0.985 GC heap after
{Heap after GC invocations=2 (full 0):
 garbage-first heap   total reserved 4159488K, committed 260096K, used 8224K [0x0000000702200000, 0x0000000800000000)
  region size 2048K, 1 young (2048K), 1 survivors (2048K)
 Metaspace       used 9299K, committed 9472K, reserved 1114112K
  class space    used 1066K, committed 1152K, reserved 1048576K
}
Event: 1.277 GC heap before
{Heap before GC invocations=2 (full 0):
 garbage-first heap   total reserved 4159488K, committed 260096K, used 34848K [0x0000000702200000, 0x0000000800000000)
  region size 2048K, 14 young (28672K), 1 survivors (2048K)
 Metaspace       used 10038K, committed 10176K, reserved 1114112K
  class space    used 1146K, committed 1216K, reserved 1048576K
}
Event: 1.289 GC heap after
{Heap after GC invocations=3 (full 0):
 garbage-first heap   total reserved 4159488K, committed 260096K, used 15084K [0x0000000702200000, 0x0000000800000000)
  region size 2048K, 2 young (4096K), 2 survivors (4096K)
 Metaspace       used 10038K, committed 10176K, reserved 1114112K
  class space    used 1146K, committed 1216K, reserved 1048576K
}
Event: 1.398 GC heap before
{Heap before GC invocations=3 (full 0):
 garbage-first heap   total reserved 4159488K, committed 260096K, used 33516K [0x0000000702200000, 0x0000000800000000)
  region size 2048K, 11 young (22528K), 2 survivors (4096K)
 Metaspace       used 10162K, committed 10304K, reserved 1114112K
  class space    used 1156K, committed 1216K, reserved 1048576K
}
Event: 1.409 GC heap after
{Heap after GC invocations=4 (full 0):
 garbage-first heap   total reserved 4159488K, committed 260096K, used 20010K [0x0000000702200000, 0x0000000800000000)
  region size 2048K, 2 young (4096K), 2 survivors (4096K)
 Metaspace       used 10162K, committed 10304K, reserved 1114112K
  class space    used 1156K, committed 1216K, reserved 1048576K
}
Event: 1.552 GC heap before
{Heap before GC invocations=4 (full 0):
 garbage-first heap   total reserved 4159488K, committed 260096K, used 54826K [0x0000000702200000, 0x0000000800000000)
  region size 2048K, 18 young (36864K), 2 survivors (4096K)
 Metaspace       used 10169K, committed 10304K, reserved 1114112K
  class space    used 1156K, committed 1216K, reserved 1048576K
}
Event: 1.572 GC heap after
{Heap after GC invocations=5 (full 0):
 garbage-first heap   total reserved 4159488K, committed 260096K, used 31578K [0x0000000702200000, 0x0000000800000000)
  region size 2048K, 3 young (6144K), 3 survivors (6144K)
 Metaspace       used 10169K, committed 10304K, reserved 1114112K
  class space    used 1156K, committed 1216K, reserved 1048576K
}
Event: 1.675 GC heap before
{Heap before GC invocations=5 (full 0):
 garbage-first heap   total reserved 4159488K, committed 260096K, used 58202K [0x0000000702200000, 0x0000000800000000)
  region size 2048K, 16 young (32768K), 3 survivors (6144K)
 Metaspace       used 10171K, committed 10304K, reserved 1114112K
  class space    used 1157K, committed 1216K, reserved 1048576K
}
Event: 1.700 GC heap after
{Heap after GC invocations=6 (full 0):
 garbage-first heap   total reserved 4159488K, committed 450560K, used 40960K [0x0000000702200000, 0x0000000800000000)
  region size 2048K, 2 young (4096K), 2 survivors (4096K)
 Metaspace       used 10171K, committed 10304K, reserved 1114112K
  class space    used 1157K, committed 1216K, reserved 1048576K
}
Event: 1.790 GC heap before
{Heap before GC invocations=6 (full 0):
 garbage-first heap   total reserved 4159488K, committed 450560K, used 67584K [0x0000000702200000, 0x0000000800000000)
  region size 2048K, 13 young (26624K), 2 survivors (4096K)
 Metaspace       used 10174K, committed 10304K, reserved 1114112K
  class space    used 1157K, committed 1216K, reserved 1048576K
}
Event: 1.809 GC heap after
{Heap after GC invocations=7 (full 0):
 garbage-first heap   total reserved 4159488K, committed 450560K, used 53071K [0x0000000702200000, 0x0000000800000000)
  region size 2048K, 2 young (4096K), 2 survivors (4096K)
 Metaspace       used 10174K, committed 10304K, reserved 1114112K
  class space    used 1157K, committed 1216K, reserved 1048576K
}
Event: 2.172 GC heap before
{Heap before GC invocations=7 (full 0):
 garbage-first heap   total reserved 4159488K, committed 450560K, used 122703K [0x0000000702200000, 0x0000000800000000)
  region size 2048K, 37 young (75776K), 2 survivors (4096K)
 Metaspace       used 10624K, committed 10752K, reserved 1114112K
  class space    used 1219K, committed 1280K, reserved 1048576K
}
Event: 2.192 GC heap after
{Heap after GC invocations=8 (full 0):
 garbage-first heap   total reserved 4159488K, committed 450560K, used 64647K [0x0000000702200000, 0x0000000800000000)
  region size 2048K, 5 young (10240K), 5 survivors (10240K)
 Metaspace       used 10624K, committed 10752K, reserved 1114112K
  class space    used 1219K, committed 1280K, reserved 1048576K
}
Event: 4.372 GC heap before
{Heap before GC invocations=8 (full 0):
 garbage-first heap   total reserved 4159488K, committed 450560K, used 160903K [0x0000000702200000, 0x0000000800000000)
  region size 2048K, 52 young (106496K), 5 survivors (10240K)
 Metaspace       used 16116K, committed 16320K, reserved 1114112K
  class space    used 1824K, committed 1920K, reserved 1048576K
}
Event: 4.446 GC heap after
{Heap after GC invocations=9 (full 0):
 garbage-first heap   total reserved 4159488K, committed 450560K, used 89621K [0x0000000702200000, 0x0000000800000000)
  region size 2048K, 7 young (14336K), 7 survivors (14336K)
 Metaspace       used 16116K, committed 16320K, reserved 1114112K
  class space    used 1824K, committed 1920K, reserved 1048576K
}
Event: 7.012 GC heap before
{Heap before GC invocations=9 (full 0):
 garbage-first heap   total reserved 4159488K, committed 450560K, used 245269K [0x0000000702200000, 0x0000000800000000)
  region size 2048K, 83 young (169984K), 7 survivors (14336K)
 Metaspace       used 16524K, committed 16704K, reserved 1114112K
  class space    used 1869K, committed 1920K, reserved 1048576K
}

Dll operation events (9 events):
Event: 0.010 Loaded shared library C:\Program Files\Java\jdk-22\bin\java.dll
Event: 0.040 Loaded shared library C:\Program Files\Java\jdk-22\bin\jsvml.dll
Event: 0.060 Loaded shared library C:\Program Files\Java\jdk-22\bin\net.dll
Event: 0.062 Loaded shared library C:\Program Files\Java\jdk-22\bin\nio.dll
Event: 0.065 Loaded shared library C:\Program Files\Java\jdk-22\bin\zip.dll
Event: 0.084 Loaded shared library C:\Program Files\Java\jdk-22\bin\jimage.dll
Event: 0.840 Loaded shared library C:\Program Files\Java\jdk-22\bin\verify.dll
Event: 2.322 Loaded shared library C:\Program Files\Java\jdk-22\bin\extnet.dll
Event: 2.387 Loaded shared library C:\Program Files\Java\jdk-22\bin\sunmscapi.dll

Deoptimization events (20 events):
Event: 6.932 Thread 0x00000276a6c39910 DEOPT PACKING pc=0x000002764a1f19be sp=0x000000c6eeffe120
Event: 6.932 Thread 0x00000276a6c39910 DEOPT UNPACKING pc=0x00000276510b4e42 sp=0x000000c6eeffd5c0 mode 0
Event: 6.937 Thread 0x00000276a6c39910 DEOPT PACKING pc=0x000002764a1f188c sp=0x000000c6eeffe110
Event: 6.937 Thread 0x00000276a6c39910 DEOPT UNPACKING pc=0x00000276510b4e42 sp=0x000000c6eeffd5b0 mode 0
Event: 6.970 Thread 0x00000276a6c39910 Uncommon trap: trap_request=0xffffffd6 fr.pc=0x0000027651789c38 relative=0x0000000000000918
Event: 6.971 Thread 0x00000276a6c39910 Uncommon trap: reason=array_check action=maybe_recompile pc=0x0000027651789c38 method=jdk.xml.internal.XMLLimitAnalyzer.addValue(ILjava/lang/String;I)V @ 123 c2
Event: 6.971 Thread 0x00000276a6c39910 DEOPT PACKING pc=0x0000027651789c38 sp=0x000000c6eeffde30
Event: 6.971 Thread 0x00000276a6c39910 DEOPT UNPACKING pc=0x00000276510b46a2 sp=0x000000c6eeffddd0 mode 2
Event: 6.977 Thread 0x00000276a6c39910 Uncommon trap: trap_request=0xffffffd6 fr.pc=0x000002765178fca8 relative=0x0000000000002568
Event: 6.977 Thread 0x00000276a6c39910 Uncommon trap: reason=array_check action=maybe_recompile pc=0x000002765178fca8 method=jdk.xml.internal.XMLLimitAnalyzer.addValue(ILjava/lang/String;I)V @ 123 c2
Event: 6.977 Thread 0x00000276a6c39910 DEOPT PACKING pc=0x000002765178fca8 sp=0x000000c6eeffe150
Event: 6.978 Thread 0x00000276a6c39910 DEOPT UNPACKING pc=0x00000276510b46a2 sp=0x000000c6eeffe050 mode 2
Event: 6.981 Thread 0x00000276a6c39910 Uncommon trap: trap_request=0xffffff45 fr.pc=0x00000276517868dc relative=0x0000000000000bbc
Event: 6.981 Thread 0x00000276a6c39910 Uncommon trap: reason=unstable_if action=reinterpret pc=0x00000276517868dc method=org.languagetool.tools.StringTools.trimWhitespace(Ljava/lang/String;)Ljava/lang/String; @ 30 c2
Event: 6.981 Thread 0x00000276a6c39910 DEOPT PACKING pc=0x00000276517868dc sp=0x000000c6eeffdd50
Event: 6.981 Thread 0x00000276a6c39910 DEOPT UNPACKING pc=0x00000276510b46a2 sp=0x000000c6eeffdd30 mode 2
Event: 7.004 Thread 0x00000276a6c39910 Uncommon trap: trap_request=0xffffffd6 fr.pc=0x0000027651789c38 relative=0x0000000000000918
Event: 7.004 Thread 0x00000276a6c39910 Uncommon trap: reason=array_check action=maybe_recompile pc=0x0000027651789c38 method=jdk.xml.internal.XMLLimitAnalyzer.addValue(ILjava/lang/String;I)V @ 123 c2
Event: 7.004 Thread 0x00000276a6c39910 DEOPT PACKING pc=0x0000027651789c38 sp=0x000000c6eeffde30
Event: 7.004 Thread 0x00000276a6c39910 DEOPT UNPACKING pc=0x00000276510b46a2 sp=0x000000c6eeffddd0 mode 2

Classes loaded (20 events):
Event: 2.864 Loading class java/util/function/UnaryOperator
Event: 2.864 Loading class java/util/function/UnaryOperator done
Event: 4.493 Loading class java/util/regex/Pattern$CIBackRef
Event: 4.494 Loading class java/util/regex/Pattern$CIBackRef done
Event: 4.881 Loading class java/nio/charset/CharacterCodingException
Event: 4.881 Loading class java/nio/charset/CharacterCodingException done
Event: 4.911 Loading class java/util/RegularEnumSet$EnumSetIterator
Event: 4.911 Loading class java/util/RegularEnumSet$EnumSetIterator done
Event: 4.930 Loading class java/util/EnumMap$EntrySet
Event: 4.930 Loading class java/util/EnumMap$EntrySet done
Event: 4.930 Loading class java/util/EnumMap$EntryIterator
Event: 4.930 Loading class java/util/EnumMap$EnumMapIterator
Event: 4.931 Loading class java/util/EnumMap$EnumMapIterator done
Event: 4.931 Loading class java/util/EnumMap$EntryIterator done
Event: 4.931 Loading class java/util/EnumMap$EntryIterator$Entry
Event: 4.931 Loading class java/util/EnumMap$EntryIterator$Entry done
Event: 4.940 Loading class sun/nio/cs/UTF_8$Encoder
Event: 4.941 Loading class sun/nio/cs/UTF_8$Encoder done
Event: 6.708 Loading class java/lang/CharacterData01
Event: 6.709 Loading class java/lang/CharacterData01 done

Classes unloaded (0 events):
No events

Classes redefined (0 events):
No events

Internal exceptions (20 events):
Event: 0.435 Thread 0x000002763f5a16d0 Exception <a 'java/lang/NoSuchMethodError'{0x00000007114a2180}: 'void java.lang.invoke.DirectMethodHandle$Holder.invokeStatic(java.lang.Object, java.lang.Object, java.lang.Object, java.lang.Object)'> (0x00000007114a2180) 
thrown [s\open\src\hotspot\share\interpreter\linkResolver.cpp, line 774]
Event: 0.439 Thread 0x000002763f5a16d0 Exception <a 'java/lang/NoSuchMethodError'{0x00000007114aa890}: 'int java.lang.invoke.DirectMethodHandle$Holder.invokeSpecial(java.lang.Object, java.lang.Object, java.lang.Object)'> (0x00000007114aa890) 
thrown [s\open\src\hotspot\share\interpreter\linkResolver.cpp, line 774]
Event: 0.463 Thread 0x000002763f5a16d0 Exception <a 'java/lang/NoSuchMethodError'{0x000000071154c8a0}: 'java.lang.Object java.lang.invoke.DirectMethodHandle$Holder.invokeStaticInit(java.lang.Object, java.lang.Object, java.lang.Object)'> (0x000000071154c8a0) 
thrown [s\open\src\hotspot\share\interpreter\linkResolver.cpp, line 774]
Event: 0.851 Thread 0x000002763f5a16d0 Exception <a 'java/lang/NoClassDefFoundError'{0x00000007118d33c8}: org/apache/log4j/Priority> (0x00000007118d33c8) 
thrown [s\open\src\hotspot\share\classfile\systemDictionary.cpp, line 302]
Event: 0.882 Thread 0x000002763f5a16d0 Exception <a 'java/lang/ClassNotFoundException'{0x0000000711961340}: com/sun/org/apache/xerces/internal/impl/xpath/regex/spi/messageProvider> (0x0000000711961340) 
thrown [s\open\src\hotspot\share\classfile\systemDictionary.cpp, line 313]
Event: 1.088 Thread 0x000002763f5a16d0 Exception <a 'java/lang/IncompatibleClassChangeError'{0x0000000711c41698}: Found class java.lang.Object, but interface was expected> (0x0000000711c41698) 
thrown [s\open\src\hotspot\share\interpreter\linkResolver.cpp, line 841]
Event: 2.357 Thread 0x000002763f5a16d0 Exception <a 'java/lang/NoSuchMethodError'{0x000000071c6f77c0}: 'java.lang.Object java.lang.invoke.DirectMethodHandle$Holder.invokeStaticInit(java.lang.Object, int, int, int, int)'> (0x000000071c6f77c0) 
thrown [s\open\src\hotspot\share\interpreter\linkResolver.cpp, line 774]
Event: 2.429 Thread 0x000002763f5a16d0 Exception <a 'java/lang/NoSuchMethodError'{0x000000071c55fb10}: 'java.lang.Object java.lang.invoke.DirectMethodHandle$Holder.invokeStaticInit(java.lang.Object, java.lang.Object, int, int, int, int)'> (0x000000071c55fb10) 
thrown [s\open\src\hotspot\share\interpreter\linkResolver.cpp, line 774]
Event: 2.457 Thread 0x00000276a528c9a0 Exception <a 'java/lang/NoSuchMethodError'{0x000000071c354580}: 'java.lang.Object java.lang.invoke.DirectMethodHandle$Holder.invokeSpecialIFC(java.lang.Object, java.lang.Object, java.lang.Object, java.lang.Object)'> (0x000000071c354580) 
thrown [s\open\src\hotspot\share\interpreter\linkResolver.cpp, line 774]
Event: 2.458 Thread 0x00000276a528c9a0 Exception <a 'java/lang/NoSuchMethodError'{0x000000071c35aa88}: 'java.lang.Object java.lang.invoke.DirectMethodHandle$Holder.invokeVirtual(java.lang.Object, java.lang.Object, java.lang.Object, java.lang.Object)'> (0x000000071c35aa88) 
thrown [s\open\src\hotspot\share\interpreter\linkResolver.cpp, line 774]
Event: 2.473 Thread 0x00000276a528c9a0 Exception <a 'java/lang/NoSuchMethodError'{0x000000071c3ecd28}: 'int java.lang.invoke.DirectMethodHandle$Holder.invokeStatic(java.lang.Object, java.lang.Object, java.lang.Object, java.lang.Object)'> (0x000000071c3ecd28) 
thrown [s\open\src\hotspot\share\interpreter\linkResolver.cpp, line 774]
Event: 2.474 Thread 0x00000276a528c9a0 Exception <a 'java/lang/NoSuchMethodError'{0x000000071c3f0138}: 'java.lang.Object java.lang.invoke.Invokers$Holder.invokeExact_MT(java.lang.Object, java.lang.Object, java.lang.Object, java.lang.Object, java.lang.Object, java.lang.Object)'> (0x000000071c3f0138) 
thrown [s\open\src\hotspot\share\interpreter\linkResolver.cpp, line 774]
Event: 2.516 Thread 0x00000276a528c9a0 Exception <a 'java/lang/NoSuchMethodError'{0x000000071be30ad8}: 'java.lang.Object java.lang.invoke.DirectMethodHandle$Holder.newInvokeSpecial(java.lang.Object, java.lang.Object, java.lang.Object, java.lang.Object, java.lang.Object, java.lang.Object, java.lang.Object)'> (0x000000071be30ad8) 
thrown [s\open\src\hotspot\share\interpreter\linkResolver.cpp, line 774]
Event: 2.560 Thread 0x00000276a528c9a0 Exception <a 'java/lang/NoSuchMethodError'{0x000000071bf5b960}: 'java.lang.Object java.lang.invoke.DirectMethodHandle$Holder.newInvokeSpecial(java.lang.Object, java.lang.Object, java.lang.Object, java.lang.Object, java.lang.Object)'> (0x000000071bf5b960) 
thrown [s\open\src\hotspot\share\interpreter\linkResolver.cpp, line 774]
Event: 2.563 Thread 0x00000276a528c9a0 Exception <a 'java/lang/NoSuchMethodError'{0x000000071bf6b148}: 'int java.lang.invoke.DirectMethodHandle$Holder.invokeStaticInit(java.lang.Object, java.lang.Object)'> (0x000000071bf6b148) 
thrown [s\open\src\hotspot\share\interpreter\linkResolver.cpp, line 774]
Event: 2.567 Thread 0x00000276a528c9a0 Exception <a 'java/lang/NoSuchMethodError'{0x000000071bf80950}: 'java.lang.Object java.lang.invoke.DirectMethodHandle$Holder.newInvokeSpecial(java.lang.Object, java.lang.Object, java.lang.Object, int, java.lang.Object, java.lang.Object, java.lang.Object, java.lang.Object, java.lang.Object, java.lang.Object, java.lang.Object)'> (0x000000071bf80950) 
thrown [s\open\src\hotspot\share\interpreter\linkResolver.cpp, line 774]
Event: 2.582 Thread 0x00000276a6c39910 Exception <a 'java/lang/NoSuchMethodError'{0x000000071bc12ca0}: 'java.lang.Object java.lang.invoke.DirectMethodHandle$Holder.newInvokeSpecial(java.lang.Object, java.lang.Object, java.lang.Object, java.lang.Object, java.lang.Object, java.lang.Object, java.lang.Object, java.lang.Object)'> (0x000000071bc12ca0) 
thrown [s\open\src\hotspot\share\interpreter\linkResolver.cpp, line 774]
Event: 2.733 Thread 0x00000276a6c39910 Exception <a 'java/lang/NoSuchMethodError'{0x000000071b9b3e48}: 'int java.lang.invoke.DirectMethodHandle$Holder.invokeVirtual(java.lang.Object, java.lang.Object, java.lang.Object)'> (0x000000071b9b3e48) 
thrown [s\open\src\hotspot\share\interpreter\linkResolver.cpp, line 774]
Event: 2.765 Thread 0x00000276a6c39910 Exception <a 'java/lang/NoSuchMethodError'{0x000000071b48f088}: 'void java.lang.invoke.DirectMethodHandle$Holder.invokeInterface(java.lang.Object, java.lang.Object, java.lang.Object)'> (0x000000071b48f088) 
thrown [s\open\src\hotspot\share\interpreter\linkResolver.cpp, line 774]
Event: 2.805 Thread 0x00000276a6c39910 Exception <a 'java/lang/NoSuchMethodError'{0x000000071b56d9b0}: 'java.lang.Object java.lang.invoke.DirectMethodHandle$Holder.invokeVirtual(java.lang.Object, java.lang.Object, java.lang.Object)'> (0x000000071b56d9b0) 
thrown [s\open\src\hotspot\share\interpreter\linkResolver.cpp, line 774]

ZGC Phase Switch (0 events):
No events

VM Operations (20 events):
Event: 2.565 Executing VM operation: HandshakeAllThreads (Deoptimize) done
Event: 2.606 Executing VM operation: HandshakeAllThreads (Deoptimize)
Event: 2.606 Executing VM operation: HandshakeAllThreads (Deoptimize) done
Event: 2.706 Executing VM operation: HandshakeAllThreads (Deoptimize)
Event: 2.706 Executing VM operation: HandshakeAllThreads (Deoptimize) done
Event: 2.810 Executing VM operation: ThreadDump
Event: 2.811 Executing VM operation: ThreadDump done
Event: 2.997 Executing VM operation: ICBufferFull
Event: 2.997 Executing VM operation: ICBufferFull done
Event: 3.810 Executing VM operation: ThreadDump
Event: 3.811 Executing VM operation: ThreadDump done
Event: 4.372 Executing VM operation: G1CollectForAllocation (G1 Evacuation Pause)
Event: 4.446 Executing VM operation: G1CollectForAllocation (G1 Evacuation Pause) done
Event: 4.811 Executing VM operation: ThreadDump
Event: 4.811 Executing VM operation: ThreadDump done
Event: 5.810 Executing VM operation: ThreadDump
Event: 5.812 Executing VM operation: ThreadDump done
Event: 6.811 Executing VM operation: ThreadDump
Event: 6.812 Executing VM operation: ThreadDump done
Event: 7.012 Executing VM operation: G1CollectForAllocation (G1 Evacuation Pause)

Events (20 events):
Event: 0.037 Thread 0x000002765ff9dff0 Thread added: 0x000002765ff9dff0
Event: 0.038 Thread 0x000002765ff9ef10 Thread added: 0x000002765ff9ef10
Event: 0.038 Thread 0x000002765ffa3720 Thread added: 0x000002765ffa3720
Event: 0.038 Thread 0x000002765ffa8900 Thread added: 0x000002765ffa8900
Event: 0.038 Thread 0x000002765ffa9770 Thread added: 0x000002765ffa9770
Event: 0.038 Thread 0x000002765ffad6d0 Thread added: 0x000002765ffad6d0
Event: 0.038 Thread 0x000002765ffb8480 Thread added: 0x000002765ffb8480
Event: 0.039 Thread 0x000002765ffb8f30 Thread added: 0x000002765ffb8f30
Event: 0.056 Thread 0x00000276a5271d40 Thread added: 0x00000276a5271d40
Event: 0.058 Thread 0x00000276a5288320 Thread added: 0x00000276a5288320
Event: 0.126 Thread 0x00000276a54258f0 Thread added: 0x00000276a54258f0
Event: 0.810 Thread 0x00000276a6056260 Thread added: 0x00000276a6056260
Event: 0.816 Thread 0x00000276a5fd6340 Thread added: 0x00000276a5fd6340
Event: 2.293 Thread 0x00000276a6aca270 Thread added: 0x00000276a6aca270
Event: 2.442 Thread 0x00000276a62c25d0 Thread added: 0x00000276a62c25d0
Event: 2.445 Thread 0x00000276a67f6980 Thread added: 0x00000276a67f6980
Event: 2.445 Thread 0x000002763f5a16d0 Thread exited: 0x000002763f5a16d0
Event: 2.445 Thread 0x000002763f5a16d0 Thread added: 0x000002763f5a16d0
Event: 2.451 Thread 0x00000276a528c9a0 Thread added: 0x00000276a528c9a0
Event: 2.573 Thread 0x00000276a6c39910 Thread added: 0x00000276a6c39910


Dynamic libraries:
0x00007ff604ef0000 - 0x00007ff604f00000 	C:\Program Files\Java\jdk-22\bin\java.exe
0x00007ffef56b0000 - 0x00007ffef58a8000 	C:\Windows\SYSTEM32\ntdll.dll
0x00007ffecc770000 - 0x00007ffecc789000 	C:\Program Files\AVG\Antivirus\aswhook.dll
0x00007ffef4640000 - 0x00007ffef46fd000 	C:\Windows\System32\KERNEL32.DLL
0x00007ffef3050000 - 0x00007ffef3346000 	C:\Windows\System32\KERNELBASE.dll
0x00007ffef2e70000 - 0x00007ffef2f70000 	C:\Windows\System32\ucrtbase.dll
0x00007ffecb230000 - 0x00007ffecb247000 	C:\Program Files\Java\jdk-22\bin\jli.dll
0x00007ffecae00000 - 0x00007ffecae1b000 	C:\Program Files\Java\jdk-22\bin\VCRUNTIME140.dll
0x00007ffef3c20000 - 0x00007ffef3cd0000 	C:\Windows\System32\ADVAPI32.dll
0x00007ffef3d80000 - 0x00007ffef3e1e000 	C:\Windows\System32\msvcrt.dll
0x00007ffef55d0000 - 0x00007ffef5670000 	C:\Windows\System32\sechost.dll
0x00007ffef4040000 - 0x00007ffef4163000 	C:\Windows\System32\RPCRT4.dll
0x00007ffef2f70000 - 0x00007ffef2f97000 	C:\Windows\System32\bcrypt.dll
0x00007ffef3a20000 - 0x00007ffef3bbf000 	C:\Windows\System32\USER32.dll
0x00007ffee0140000 - 0x00007ffee03da000 	C:\Windows\WinSxS\amd64_microsoft.windows.common-controls_6595b64144ccf1df_6.0.19041.4355_none_60b8b9eb71f62e16\COMCTL32.dll
0x00007ffef34b0000 - 0x00007ffef34d2000 	C:\Windows\System32\win32u.dll
0x00007ffef4b30000 - 0x00007ffef4b5b000 	C:\Windows\System32\GDI32.dll
0x00007ffef34e0000 - 0x00007ffef35f7000 	C:\Windows\System32\gdi32full.dll
0x00007ffef3600000 - 0x00007ffef369d000 	C:\Windows\System32\msvcp_win.dll
0x00007ffeeca30000 - 0x00007ffeeca3a000 	C:\Windows\SYSTEM32\VERSION.dll
0x00007ffef4b60000 - 0x00007ffef4b8f000 	C:\Windows\System32\IMM32.DLL
0x00007ffed9320000 - 0x00007ffed932c000 	C:\Program Files\Java\jdk-22\bin\vcruntime140_1.dll
0x00007ffec5380000 - 0x00007ffec540e000 	C:\Program Files\Java\jdk-22\bin\msvcp140.dll
0x00007ffea84f0000 - 0x00007ffea9238000 	C:\Program Files\Java\jdk-22\bin\server\jvm.dll
0x00007ffef3f60000 - 0x00007ffef3fcb000 	C:\Windows\System32\WS2_32.dll
0x00007ffef2bc0000 - 0x00007ffef2c0b000 	C:\Windows\SYSTEM32\POWRPROF.dll
0x00007ffedca70000 - 0x00007ffedca97000 	C:\Windows\SYSTEM32\WINMM.dll
0x00007ffef2ba0000 - 0x00007ffef2bb2000 	C:\Windows\SYSTEM32\UMPDC.dll
0x00007ffef1540000 - 0x00007ffef1552000 	C:\Windows\SYSTEM32\kernel.appcore.dll
0x00007ffed9190000 - 0x00007ffed919a000 	C:\Program Files\Java\jdk-22\bin\jimage.dll
0x00007ffef0a90000 - 0x00007ffef0c74000 	C:\Windows\SYSTEM32\DBGHELP.DLL
0x00007ffee3b40000 - 0x00007ffee3b74000 	C:\Windows\SYSTEM32\dbgcore.DLL
0x00007ffef2d70000 - 0x00007ffef2df2000 	C:\Windows\System32\bcryptPrimitives.dll
0x00007ffecade0000 - 0x00007ffecadfe000 	C:\Program Files\Java\jdk-22\bin\java.dll
0x00007ffef4cb0000 - 0x00007ffef541c000 	C:\Windows\System32\SHELL32.dll
0x00007ffef3e20000 - 0x00007ffef3f4b000 	C:\Windows\System32\ole32.dll
0x00007ffef47d0000 - 0x00007ffef4b23000 	C:\Windows\System32\combase.dll
0x00007ffef0c80000 - 0x00007ffef141d000 	C:\Windows\SYSTEM32\windows.storage.dll
0x00007ffef25e0000 - 0x00007ffef260e000 	C:\Windows\SYSTEM32\Wldp.dll
0x00007ffef4700000 - 0x00007ffef47cd000 	C:\Windows\System32\OLEAUT32.dll
0x00007ffef3cd0000 - 0x00007ffef3d7d000 	C:\Windows\System32\SHCORE.dll
0x00007ffef3bc0000 - 0x00007ffef3c15000 	C:\Windows\System32\shlwapi.dll
0x00007ffef2ca0000 - 0x00007ffef2cc4000 	C:\Windows\SYSTEM32\profapi.dll
0x00007ffec2f50000 - 0x00007ffec3027000 	C:\Program Files\Java\jdk-22\bin\jsvml.dll
0x00007ffed8fe0000 - 0x00007ffed8ff0000 	C:\Program Files\Java\jdk-22\bin\net.dll
0x00007ffef23c0000 - 0x00007ffef242a000 	C:\Windows\system32\mswsock.dll
0x00007ffecadc0000 - 0x00007ffecadd6000 	C:\Program Files\Java\jdk-22\bin\nio.dll
0x00007ffecac50000 - 0x00007ffecac67000 	C:\Program Files\Java\jdk-22\bin\zip.dll
0x00007ffecc6e0000 - 0x00007ffecc6f0000 	C:\Program Files\Java\jdk-22\bin\verify.dll
0x00007ffef2100000 - 0x00007ffef21ca000 	C:\Windows\SYSTEM32\DNSAPI.dll
0x00007ffef20c0000 - 0x00007ffef20fb000 	C:\Windows\SYSTEM32\IPHLPAPI.DLL
0x00007ffef3fd0000 - 0x00007ffef3fd8000 	C:\Windows\System32\NSI.dll
0x00007ffee06a0000 - 0x00007ffee06aa000 	C:\Windows\System32\rasadhlp.dll
0x00007ffeea6b0000 - 0x00007ffeea730000 	C:\Windows\System32\fwpuclnt.dll
0x00007ffecbe30000 - 0x00007ffecbe39000 	C:\Program Files\Java\jdk-22\bin\extnet.dll
0x00007ffecbdb0000 - 0x00007ffecbdbe000 	C:\Program Files\Java\jdk-22\bin\sunmscapi.dll
0x00007ffef3350000 - 0x00007ffef34ae000 	C:\Windows\System32\CRYPT32.dll
0x00007ffef2730000 - 0x00007ffef2759000 	C:\Windows\SYSTEM32\ncrypt.dll
0x00007ffef26f0000 - 0x00007ffef272b000 	C:\Windows\SYSTEM32\NTASN1.dll
0x00007ffea7230000 - 0x00007ffea7237000 	C:\Windows\system32\wshunix.dll
0x00007ffef2620000 - 0x00007ffef2638000 	C:\Windows\SYSTEM32\CRYPTSP.dll
0x00007ffef1d00000 - 0x00007ffef1d34000 	C:\Windows\system32\rsaenh.dll
0x00007ffef2c10000 - 0x00007ffef2c3e000 	C:\Windows\SYSTEM32\USERENV.dll
0x00007ffef2550000 - 0x00007ffef255c000 	C:\Windows\SYSTEM32\CRYPTBASE.dll

dbghelp: loaded successfully - version: 4.0.5 - missing functions: none
symbol engine: initialized successfully - sym options: 0x614 - pdb path: .;C:\Program Files\Java\jdk-22\bin;C:\Windows\SYSTEM32;C:\Program Files\AVG\Antivirus;C:\Windows\WinSxS\amd64_microsoft.windows.common-controls_6595b64144ccf1df_6.0.19041.4355_none_60b8b9eb71f62e16;C:\Program Files\Java\jdk-22\bin\server

VM Arguments:
java_command: org.languagetool.server.HTTPServer -p 8084
java_class_path (initial): C:\Users\elmohandes\.cache\language_tool_python\LanguageTool-6.4\languagetool-server.jar
Launcher Type: SUN_STANDARD

[Global flags]
     intx CICompilerCount                          = 3                                         {product} {ergonomic}
     uint ConcGCThreads                            = 1                                         {product} {ergonomic}
     uint G1ConcRefinementThreads                  = 4                                         {product} {ergonomic}
   size_t G1HeapRegionSize                         = 2097152                                   {product} {ergonomic}
   size_t InitialHeapSize                          = 266338304                                 {product} {ergonomic}
   size_t MarkStackSize                            = 4194304                                   {product} {ergonomic}
   size_t MaxHeapSize                              = 4259315712                                {product} {ergonomic}
   size_t MaxNewSize                               = 2554331136                                {product} {ergonomic}
   size_t MinHeapDeltaBytes                        = 2097152                                   {product} {ergonomic}
   size_t MinHeapSize                              = 8388608                                   {product} {ergonomic}
    uintx NonNMethodCodeHeapSize                   = 5832780                                {pd product} {ergonomic}
    uintx NonProfiledCodeHeapSize                  = 122912730                              {pd product} {ergonomic}
    uintx ProfiledCodeHeapSize                     = 122912730                              {pd product} {ergonomic}
    uintx ReservedCodeCacheSize                    = 251658240                              {pd product} {ergonomic}
     bool SegmentedCodeCache                       = true                                      {product} {ergonomic}
   size_t SoftMaxHeapSize                          = 4259315712                             {manageable} {ergonomic}
     bool UseCompressedOops                        = true                           {product lp64_product} {ergonomic}
     bool UseG1GC                                  = true                                      {product} {ergonomic}
     bool UseLargePagesIndividualAllocation        = false                                  {pd product} {ergonomic}

Logging:
Log output configuration:
 #0: stdout all=warning uptime,level,tags foldmultilines=false
 #1: stderr all=off uptime,level,tags foldmultilines=false

Environment Variables:
PATH=C:\Program Files\Common Files\Oracle\Java\javapath;C:\Windows\system32;C:\Windows;C:\Windows\System32\Wbem;C:\Windows\System32\WindowsPowerShell\v1.0\;C:\Windows\System32\OpenSSH\;C:\Program Files\Git\cmd;C:\Program Files\nodejs\;D:\xampp\php;C:\ProgramData\ComposerSetup\bin;C:\msys64\mingw64\bin;C:\Program Files\dotnet\;C:\Users\ayiah\AppData\Roaming\Composer\vendor\bin;C:\Program Files\Docker\Docker\resources\bin;C:\Users\elmohandes\AppData\Local\Programs\Python\Python312;C:\Program Files\Common Files\Oracle\Java\javapath;C:\Windows\system32;C:\Windows;C:\Windows\System32\Wbem;C:\Windows\System32\WindowsPowerShell\v1.0\;C:\Windows\System32\OpenSSH\;C:\Program Files\Git\cmd;C:\Program Files\nodejs\;D:\xampp\php;C:\ProgramData\ComposerSetup\bin;C:\msys64\mingw64\bin;C:\Program Files\dotnet\;C:\Users\ayiah\AppData\Roaming\Composer\vendor\bin;C:\Program Files\Docker\Docker\resources\bin;C:\Users\elmohandes\AppData\Local\Programs\Python\Python312;C:\Users\elmohandes\AppData\Local\Programs\Python\Python312\Scripts\;C:\Users\elmohandes\AppData\Local\Programs\Python\Python312\;C:\Users\elmohandes\AppData\Local\Programs\Python\Launcher\;C:\Users\elmohandes\AppData\Local\Microsoft\WindowsApps;C:\Users\elmohandes\AppData\Local\GitHubDesktop\bin;C:\Users\elmohandes\AppData\Roaming\npm;C:\Users\elmohandes\AppData\Roaming\Composer\vendor\bin;C:\Users\elmohandes\AppData\Local\Programs\Microsoft VS Code\bin;C:\Users\elmohandes\.dotnet\tools;C:\Users\elmohandes\AppData\Local\Programs\Python\Py;C:\Program Files\JetBrains\PyCharm 2024.1.3\bin;;D:\ayma fashion\backend\node_modules\.bin
USERNAME=elmohandes
OS=Windows_NT
PROCESSOR_IDENTIFIER=Intel64 Family 6 Model 142 Stepping 9, GenuineIntel
TMP=C:\Users\ELMOHA~1\AppData\Local\Temp
TEMP=C:\Users\ELMOHA~1\AppData\Local\Temp




Periodic native trim disabled

---------------  S Y S T E M  ---------------

OS:
 Windows 10 , 64 bit Build 19041 (10.0.19041.3636)
OS uptime: 0 days 4:25 hours
Hyper-V role detected

CPU: total 4 (initial active 4) (2 cores per cpu, 2 threads per core) family 6 model 142 stepping 9 microcode 0xea, cx8, cmov, fxsr, ht, mmx, 3dnowpref, sse, sse2, sse3, ssse3, sse4.1, sse4.2, popcnt, lzcnt, tsc, tscinvbit, avx, avx2, aes, erms, clmul, bmi1, bmi2, rtm, adx, fma, vzeroupper, clflush, clflushopt, hv, rdtscp, f16c
Processor Information for processor 0
  Max Mhz: 2701, Current Mhz: 2701, Mhz Limit: 2701
Processor Information for processor 1
  Max Mhz: 2701, Current Mhz: 2701, Mhz Limit: 2701
Processor Information for processor 2
  Max Mhz: 2701, Current Mhz: 1500, Mhz Limit: 2701
Processor Information for processor 3
  Max Mhz: 2701, Current Mhz: 2701, Mhz Limit: 2701

Memory: 4k page, system-wide physical 16245M (436M free)
TotalPageFile size 22544M (AvailPageFile size 148M)
current process WorkingSet (physical memory assigned to process): 419M, peak: 419M
current process commit charge ("private bytes"): 590M, peak: 1029M

vm_info: Java HotSpot(TM) 64-Bit Server VM (22+36-2370) for windows-amd64 JRE (22+36-2370), built on 2024-02-15T22:15:19Z by "mach5one" with MS VC++ 17.6 (VS2022)

END.
